<?xml version="1.0" encoding="UTF-8"?>
<testsuite name="Win32-MSBuild"
	tests="3"
	failures="0"
	disabled="0"
	skipped="0"
	hostname="DESKTOP-U2F62TA"
	time="0"
	timestamp="2026-09-08T23:18:35"
	>
	<testcase name="T04.binding.field_parity" classname="T04.binding.field_parity" time="0.0976698" status="run">
		<properties/>
		<system-out>Native/Dynamic field parity passed
</system-out>
	</testcase>
	<testcase name="T23.binding.schema_concurrent" classname="T23.binding.schema_concurrent" time="0.0959328" status="run">
		<properties/>
		<system-out>Compiled schema registration, reference and concurrent validation passed
</system-out>
	</testcase>
	<testcase name="T06.binding.native" classname="T06.binding.native" time="0.100414" status="run">
		<properties/>
		<system-out>Dynamic and Native shared TypeContract and governed HostBound passed
</system-out>
	</testcase>
</testsuite>
