Start testing: Sep 07 14:00 中国标准时间
----------------------------------------------------------
1/15 Testing: T01.dependencies.asio
1/15 Test: T01.dependencies.asio
Command: "E:/VS2019Qt5.15/3D/build/d0.06-a/empty-repeat-debug/Debug/ock_probe_asio.exe"
Directory: E:/VS2019Qt5.15/3D/build/d0.06-a/empty-repeat-debug/dependency-probe-work
"T01.dependencies.asio" start time: Sep 07 14:00 中国标准时间
Output:
----------------------------------------------------------
standalone Asio real overlapped Named Pipe two-write/read smoke
<end of output>
Test time =   0.12 sec
----------------------------------------------------------
Test Passed.
"T01.dependencies.asio" end time: Sep 07 14:00 中国标准时间
"T01.dependencies.asio" time elapsed: 00:00:00
----------------------------------------------------------

2/15 Testing: T01.dependencies.benchmark
2/15 Test: T01.dependencies.benchmark
Command: "E:/VS2019Qt5.15/3D/build/d0.06-a/empty-repeat-debug/Debug/ock_probe_benchmark.exe"
Directory: E:/VS2019Qt5.15/3D/build/d0.06-a/empty-repeat-debug/dependency-probe-work
"T01.dependencies.benchmark" start time: Sep 07 14:00 中国标准时间
Output:
----------------------------------------------------------
2026-09-07T14:00:42+08:00
Running E:/VS2019Qt5.15/3D/build/d0.06-a/empty-repeat-debug/Debug/ock_probe_benchmark.exe
Run on (12 X 2592 MHz CPU s)
CPU Caches:
  L1 Data 32 KiB (x6)
  L1 Instruction 32 KiB (x6)
  L2 Unified 256 KiB (x6)
  L3 Unified 12288 KiB (x1)
***WARNING*** Library was built as DEBUG. Timings may be affected.
---------------------------------------------------------------------------
Benchmark                                 Time             CPU   Iterations
---------------------------------------------------------------------------
dependency_smoke/iterations:1000       10.7 ns        0.000 ns         1000
<end of output>
Test time =   0.10 sec
----------------------------------------------------------
Test Passed.
"T01.dependencies.benchmark" end time: Sep 07 14:00 中国标准时间
"T01.dependencies.benchmark" time elapsed: 00:00:00
----------------------------------------------------------

3/15 Testing: T01.dependencies.catch2
3/15 Test: T01.dependencies.catch2
Command: "E:/VS2019Qt5.15/3D/build/d0.06-a/empty-repeat-debug/Debug/ock_probe_catch2.exe"
Directory: E:/VS2019Qt5.15/3D/build/d0.06-a/empty-repeat-debug/dependency-probe-work
"T01.dependencies.catch2" start time: Sep 07 14:00 中国标准时间
Output:
----------------------------------------------------------
Randomness seeded to: 3521780300
===============================================================================
All tests passed (1 assertion in 1 test case)

<end of output>
Test time =   0.16 sec
----------------------------------------------------------
Test Passed.
"T01.dependencies.catch2" end time: Sep 07 14:00 中国标准时间
"T01.dependencies.catch2" time elapsed: 00:00:00
----------------------------------------------------------

4/15 Testing: T01.dependencies.cli11
4/15 Test: T01.dependencies.cli11
Command: "E:/VS2019Qt5.15/3D/build/d0.06-a/empty-repeat-debug/Debug/ock_probe_cli11.exe"
Directory: E:/VS2019Qt5.15/3D/build/d0.06-a/empty-repeat-debug/dependency-probe-work
"T01.dependencies.cli11" start time: Sep 07 14:00 中国标准时间
Output:
----------------------------------------------------------
CLI11 UTF-8/argument/error-code smoke
<end of output>
Test time =   0.16 sec
----------------------------------------------------------
Test Passed.
"T01.dependencies.cli11" end time: Sep 07 14:00 中国标准时间
"T01.dependencies.cli11" time elapsed: 00:00:00
----------------------------------------------------------

5/15 Testing: T01.dependencies.expected
5/15 Test: T01.dependencies.expected
Command: "E:/VS2019Qt5.15/3D/build/d0.06-a/empty-repeat-debug/Debug/ock_probe_expected.exe"
Directory: E:/VS2019Qt5.15/3D/build/d0.06-a/empty-repeat-debug/dependency-probe-work
"T01.dependencies.expected" start time: Sep 07 14:00 中国标准时间
Output:
----------------------------------------------------------
expected move-only/void/error/exception smoke
<end of output>
Test time =   0.07 sec
----------------------------------------------------------
Test Passed.
"T01.dependencies.expected" end time: Sep 07 14:00 中国标准时间
"T01.dependencies.expected" time elapsed: 00:00:00
----------------------------------------------------------

6/15 Testing: T01.dependencies.fmt
6/15 Test: T01.dependencies.fmt
Command: "E:/VS2019Qt5.15/3D/build/d0.06-a/empty-repeat-debug/Debug/ock_probe_fmt.exe"
Directory: E:/VS2019Qt5.15/3D/build/d0.06-a/empty-repeat-debug/dependency-probe-work
"T01.dependencies.fmt" start time: Sep 07 14:00 中国标准时间
Output:
----------------------------------------------------------
fmt 110104
<end of output>
Test time =   0.11 sec
----------------------------------------------------------
Test Passed.
"T01.dependencies.fmt" end time: Sep 07 14:00 中国标准时间
"T01.dependencies.fmt" time elapsed: 00:00:00
----------------------------------------------------------

7/15 Testing: T01.dependencies.immer
7/15 Test: T01.dependencies.immer
Command: "E:/VS2019Qt5.15/3D/build/d0.06-a/empty-repeat-debug/Debug/ock_probe_immer.exe"
Directory: E:/VS2019Qt5.15/3D/build/d0.06-a/empty-repeat-debug/dependency-probe-work
"T01.dependencies.immer" start time: Sep 07 14:00 中国标准时间
Output:
----------------------------------------------------------
immer immutable snapshot/transient freeze smoke
<end of output>
Test time =   0.10 sec
----------------------------------------------------------
Test Passed.
"T01.dependencies.immer" end time: Sep 07 14:00 中国标准时间
"T01.dependencies.immer" time elapsed: 00:00:00
----------------------------------------------------------

8/15 Testing: T01.dependencies.jsoncons
8/15 Test: T01.dependencies.jsoncons
Command: "E:/VS2019Qt5.15/3D/build/d0.06-a/empty-repeat-debug/Debug/ock_probe_jsoncons.exe"
Directory: E:/VS2019Qt5.15/3D/build/d0.06-a/empty-repeat-debug/dependency-probe-work
"T01.dependencies.jsoncons" start time: Sep 07 14:00 中国标准时间
Output:
----------------------------------------------------------
ordinary CBOR roundtrip only; duplicate-key upstream projection={"n":1}
<end of output>
Test time =   0.17 sec
----------------------------------------------------------
Test Passed.
"T01.dependencies.jsoncons" end time: Sep 07 14:00 中国标准时间
"T01.dependencies.jsoncons" time elapsed: 00:00:00
----------------------------------------------------------

9/15 Testing: T01.dependencies.spdlog
9/15 Test: T01.dependencies.spdlog
Command: "E:/VS2019Qt5.15/3D/build/d0.06-a/empty-repeat-debug/Debug/ock_probe_spdlog.exe"
Directory: E:/VS2019Qt5.15/3D/build/d0.06-a/empty-repeat-debug/dependency-probe-work
"T01.dependencies.spdlog" start time: Sep 07 14:00 中国标准时间
Output:
----------------------------------------------------------
spdlog external locked fmt/flush smoke
<end of output>
Test time =   0.14 sec
----------------------------------------------------------
Test Passed.
"T01.dependencies.spdlog" end time: Sep 07 14:00 中国标准时间
"T01.dependencies.spdlog" time elapsed: 00:00:00
----------------------------------------------------------

10/15 Testing: T01.dependencies.sqlite
10/15 Test: T01.dependencies.sqlite
Command: "E:/VS2019Qt5.15/3D/build/d0.06-a/empty-repeat-debug/Debug/ock_probe_sqlite.exe"
Directory: E:/VS2019Qt5.15/3D/build/d0.06-a/empty-repeat-debug/dependency-probe-work
"T01.dependencies.sqlite" start time: Sep 07 14:00 中国标准时间
Output:
----------------------------------------------------------
SQLite 3.51.3 source=2026-03-13 10:38:09 737ae4a34738ffa0c3ff7f9bb18df914dd1cad163f28fd6b6e114a344fe6d618 WAL/FULL/foreign_keys readback smoke; file=sqlite-probe-37424.db
<end of output>
Test time =   0.16 sec
----------------------------------------------------------
Test Passed.
"T01.dependencies.sqlite" end time: Sep 07 14:00 中国标准时间
"T01.dependencies.sqlite" time elapsed: 00:00:00
----------------------------------------------------------

11/15 Testing: T01.dependencies.thread_pool
11/15 Test: T01.dependencies.thread_pool
Command: "E:/VS2019Qt5.15/3D/build/d0.06-a/empty-repeat-debug/Debug/ock_probe_thread_pool.exe"
Directory: E:/VS2019Qt5.15/3D/build/d0.06-a/empty-repeat-debug/dependency-probe-work
"T01.dependencies.thread_pool" start time: Sep 07 14:00 中国标准时间
Output:
----------------------------------------------------------
thread pool future/error/drain smoke
<end of output>
Test time =   0.09 sec
----------------------------------------------------------
Test Passed.
"T01.dependencies.thread_pool" end time: Sep 07 14:00 中国标准时间
"T01.dependencies.thread_pool" time elapsed: 00:00:00
----------------------------------------------------------

12/15 Testing: T01.dependencies.toml11
12/15 Test: T01.dependencies.toml11
Command: "E:/VS2019Qt5.15/3D/build/d0.06-a/empty-repeat-debug/Debug/ock_probe_toml11.exe"
Directory: E:/VS2019Qt5.15/3D/build/d0.06-a/empty-repeat-debug/dependency-probe-work
"T01.dependencies.toml11" start time: Sep 07 14:00 中国标准时间
Output:
----------------------------------------------------------
toml11 exact integer and overflow rejection smoke
<end of output>
Test time =   0.16 sec
----------------------------------------------------------
Test Passed.
"T01.dependencies.toml11" end time: Sep 07 14:00 中国标准时间
"T01.dependencies.toml11" time elapsed: 00:00:00
----------------------------------------------------------

13/15 Testing: T01.dependencies.toolchain
13/15 Test: T01.dependencies.toolchain
Command: "E:/VS2019Qt5.15/3D/build/d0.06-a/empty-repeat-debug/Debug/ock_probe_toolchain.exe"
Directory: E:/VS2019Qt5.15/3D/build/d0.06-a/empty-repeat-debug/dependency-probe-work
"T01.dependencies.toolchain" start time: Sep 07 14:00 中国标准时间
Output:
----------------------------------------------------------
MSVC_FULL_VER=194435228 __cplusplus=202002 pointer_bits=64 CRT=/MDd
<end of output>
Test time =   0.10 sec
----------------------------------------------------------
Test Passed.
"T01.dependencies.toolchain" end time: Sep 07 14:00 中国标准时间
"T01.dependencies.toolchain" time elapsed: 00:00:00
----------------------------------------------------------

14/15 Testing: T01.dependencies.lock_contracts
14/15 Test: T01.dependencies.lock_contracts
Command: "C:/Users/xrx10/AppData/Local/Programs/Python/Python311/python.exe" "-X" "utf8" "-m" "unittest" "discover" "-s" "E:/VS2019Qt5.15/3D/tests/dependencies" "-p" "test_lock.py" "-v"
Directory: E:/VS2019Qt5.15/3D/build/d0.06-a/empty-repeat-debug/dependency-probe-work
"T01.dependencies.lock_contracts" start time: Sep 07 14:00 中国标准时间
Output:
----------------------------------------------------------
test_archive_symlink_refused (test_lock.LockContracts.test_archive_symlink_refused) ... ok
test_archive_traversal_refused (test_lock.LockContracts.test_archive_traversal_refused) ... ok
test_complete_default_table (test_lock.LockContracts.test_complete_default_table) ... ok
test_component_selection (test_lock.LockContracts.test_component_selection) ... ok
test_hash_mismatch_refused (test_lock.LockContracts.test_hash_mismatch_refused) ... ok
test_internal_document_link_materialized (test_lock.LockContracts.test_internal_document_link_materialized) ... ok
test_offline_missing_refused (test_lock.LockContracts.test_offline_missing_refused) ... ok
test_reject_floating_revision (test_lock.LockContracts.test_reject_floating_revision) ... ok
test_reject_incompatible_toolchain (test_lock.LockContracts.test_reject_incompatible_toolchain) ... ok
test_reject_missing_license (test_lock.LockContracts.test_reject_missing_license) ... ok
test_reject_sqlite_without_fix (test_lock.LockContracts.test_reject_sqlite_without_fix) ... ok
test_reject_unsafe_compile_options (test_lock.LockContracts.test_reject_unsafe_compile_options) ... ok
test_unknown_component_rejected (test_lock.LockContracts.test_unknown_component_rejected) ... ok
test_unselected_never_downloaded (test_lock.LockContracts.test_unselected_never_downloaded) ... ok

----------------------------------------------------------------------
Ran 14 tests in 0.092s

OK
<end of output>
Test time =   0.92 sec
----------------------------------------------------------
Test Passed.
"T01.dependencies.lock_contracts" end time: Sep 07 14:00 中国标准时间
"T01.dependencies.lock_contracts" time elapsed: 00:00:00
----------------------------------------------------------

15/15 Testing: T01.dependencies.catch2_assertion_guard
15/15 Test: T01.dependencies.catch2_assertion_guard
Command: "C:/Users/xrx10/AppData/Local/Programs/Python/Python311/python.exe" "-X" "utf8" "E:/VS2019Qt5.15/3D/tools/dependencies/check_probe_failure.py" "--mode" "catch2" "--" "E:/VS2019Qt5.15/3D/build/d0.06-a/empty-repeat-debug/Debug/ock_probe_catch2.exe" "[.guard-fault]"
Directory: E:/VS2019Qt5.15/3D/build/d0.06-a/empty-repeat-debug/dependency-probe-work
"T01.dependencies.catch2_assertion_guard" start time: Sep 07 14:00 中国标准时间
Output:
----------------------------------------------------------
Filters: [.guard-fault] [.guard-fault]
Randomness seeded to: 4263535707

~~~~~~~~~~~~~~~~~~~~~~~~~~~~~~~~~~~~~~~~~~~~~~~~~~~~~~~~~~~~~~~~~~~~~~~~~~~~~~~
ock_probe_catch2.exe is a Catch2 v3.8.1 host application.
Run with -? for options

-------------------------------------------------------------------------------
deliberate assertion failure
-------------------------------------------------------------------------------
E:\VS2019Qt5.15\3D\tests\dependencies\probes\catch2.cpp(3)
...............................................................................

E:\VS2019Qt5.15\3D\tests\dependencies\probes\catch2.cpp(3): FAILED:
  REQUIRE( false )

===============================================================================
test cases: 1 | 1 failed
assertions: 1 | 1 failed

fault_probe_actual_exit_code= 42 raw= E:\VS2019Qt5.15\3D\build\d0.06-a\empty-repeat-debug\dependency-probe-work\fault-03f393b17e3a47d793792851554d94e2
<end of output>
Test time =   0.29 sec
----------------------------------------------------------
Test Passed.
"T01.dependencies.catch2_assertion_guard" end time: Sep 07 14:00 中国标准时间
"T01.dependencies.catch2_assertion_guard" time elapsed: 00:00:00
----------------------------------------------------------

End testing: Sep 07 14:00 中国标准时间

D0.06-a =   2.87 sec*proc

