<?xml version="1.0" encoding="UTF-8"?>
<testsuite name="Win32-MSBuild"
	tests="13"
	failures="0"
	disabled="0"
	skipped="0"
	hostname="DESKTOP-U2F62TA"
	time="26"
	timestamp="2026-09-09T12:32:45"
	>
	<testcase name="T24.b2.installed_consumer" classname="T24.b2.installed_consumer" time="22.8969" status="run">
		<properties>
			<property name="cmake_labels" value="B2"/>
		</properties>
		<system-out>argv: ['cmake', '--install', 'J:/Code/Kernel_v2/build/b2-sdk-release', '--config', 'Release', '--prefix', 'J:\\Code\\Kernel_v2\\build\\b2-install-3p3_yb_s\\original'] exit_code: 0
argv: ['cmake', '-S', 'J:\\Code\\Kernel_v2\\build\\b2-install-3p3_yb_s\\consumer-source', '-B', 'J:\\Code\\Kernel_v2\\build\\b2-install-3p3_yb_s\\consumer', '-G', 'Visual Studio 17 2022', '-A', 'x64', '-T', 'v143,version=14.44.35207', '-DCMAKE_SYSTEM_VERSION=10.0.26100.0', '-DCMAKE_TOOLCHAIN_FILE=J:\\Code\\Kernel_v2/cmake/LockedMSVC.cmake', '-DCMAKE_PREFIX_PATH=J:\\Code\\Kernel_v2\\build\\b2-install-3p3_yb_s\\relocated'] exit_code: 0
argv: ['cmake', '--build', 'J:\\Code\\Kernel_v2\\build\\b2-install-3p3_yb_s\\consumer', '--config', 'Release', '--parallel', '4'] exit_code: 0
argv: ['J:\\Code\\Kernel_v2\\build\\b2-install-3p3_yb_s\\consumer\\Release\\installed_b2.exe'] exit_code: 0
argv: ['J:\\Code\\Kernel_v2\\build\\b2-install-3p3_yb_s\\consumer\\Release\\installed_thin.exe'] exit_code: 0
argv: ['J:\\Code\\Kernel_v2\\build\\b2-instal...
[This part of the test output was removed since it exceeds the threshold of 1024 bytes.]
</system-out>
	</testcase>
	<testcase name="T24.sdk.version_header" classname="T24.sdk.version_header" time="0.0657468" status="run">
		<properties>
			<property name="cmake_labels" value="D0.02"/>
		</properties>
		<system-out>0.1.0-dev.4
</system-out>
	</testcase>
	<testcase name="T01.architecture.dependency_dag" classname="T01.architecture.dependency_dag" time="0.287137" status="run">
		<properties>
			<property name="cmake_labels" value="D0.02"/>
		</properties>
		<system-out>{
  "check_id": "CHECK.D0.02.architecture",
  "errors": [],
  "scope": "合同目标/公开表面静态检查；无Runtime运行或授权实现"
}
</system-out>
	</testcase>
	<testcase name="T20.cli.host_roundtrip" classname="T20.cli.host_roundtrip" time="1.02294" status="run">
		<properties>
			<property name="cmake_labels" value="B3;D2.06"/>
		</properties>
		<system-out>capabilities exit 0 passed
capabilities exit 0 passed
invoke exit 0 passed
invoke exit 0 passed
invoke exit 2 passed
invoke exit 3 passed
invoke exit 4 passed
execution exit 3 passed
execution exit 3 passed
invoke exit 2 passed
capabilities exit 0 passed
</system-out>
	</testcase>
	<testcase name="T20.ipc.router_security" classname="T20.ipc.router_security" time="0.257391" status="run">
		<properties>
			<property name="cmake_labels" value="B3;D2.05"/>
		</properties>
		<system-out>role-in-hello rejected and connection closed
role-in-envelope rejected and connection closed
wrong-direction rejected and connection closed
before-hello rejected and connection closed
oversize-header rejected and connection closed
</system-out>
	</testcase>
	<testcase name="T20.client.watch" classname="T20.client.watch" time="0.16211" status="run">
		<properties>
			<property name="cmake_labels" value="B3;D2.06"/>
		</properties>
		<system-out>client subscribe/get/version/gap/close contract passed
</system-out>
	</testcase>
	<testcase name="T23.b3.cost_samples" classname="T23.b3.cost_samples" time="0.1636" status="run">
		<properties>
			<property name="cmake_labels" value="B3;D2.07"/>
		</properties>
		<system-out>{"format":"ock.b3.entry-costs/1","capture":"CTEST_FULL_OUTPUT","scope":"warm prebound Native versus Dynamic decode plus same HostBound; excludes setup, JSON parsing, wire encoding, IPC and CLI process startup","counter_valid":true,"crt_available":false,"asan_available":false,"positive_control":{"cpp_allocations":1,"crt_allocations":0,"asan_allocations":0,"allocated_bytes":65},"samples":[{"entry":"Native","ns":800,"cpp_allocations":0,"crt_allocations":0,"asan_allocations":0,"allocated_bytes":0},{"entry":"Native","ns":600,"cpp_allocations":0,"crt_allocations":0,"asan_allocations":0,"allocated_bytes":0},{"entry":"Native","ns":600,"cpp_allocations":0,"crt_allocations":0,"asan_allocations":0,"allocated_bytes":0},{"entry":"Native","ns":600,"cpp_allocations":0,"crt_allocations":0,"asan_allocations":0,"allocated_bytes":0},{"entry":"Native","ns":600,"cpp_allocations":0,"crt_allocations":0,"asan_allocations":0,"allocated_bytes":0},{"entry":"Native","ns":600,"cpp_allocations":0,"crt_allocations":0,"asan_allocations":0,"allocated_bytes":0},{"entry":"Native","ns":600,"cpp_allocations":0,"crt_allocations":0,"asan_allocations":0,"allocated_bytes":0},{"entry":"Native","ns":600,"cpp_allocations":0,"crt_allocations":0,"asan_allocations":0,"allocated_bytes":0},{"entry":"Native","ns":500,"cpp_allocations":0,"crt_allocations":0,"asan_allocations":0,"allocated_bytes":0},{"entry":"Native","ns":600,"cpp_allocations":0,"crt_allocations":0,"asan_allocations":0,"allocated_bytes":0},{"entry":"Native","ns":600,"cpp_allocations":0,"crt_allocations":0,"asan_allocations":0,"allocated_bytes":0},{"entry":"Native","ns":600,"cpp_allocations":0,"crt_allocations":0,"asan_allocations":0,"allocated_bytes":0},{"entry":"Native","ns":600,"cpp_allocations":0,"crt_allocations":0,"asan_allocations":0,"allocated_bytes":0},{"entry":"Native","ns":600,"cpp_allocations":0,"crt_allocations":0,"asan_allocations":0,"allocated_bytes":0},{"entry":"Native","ns":600,"cpp_allocations":0,"crt_allocations":0,"asan_allocations":0,"allocated_bytes":0},{"entry":"Native","ns":600,"cpp_allocations":0,"crt_allocations":0,"asan_allocations":0,"allocated_bytes":0},{"entry":"Native","ns":600,"cpp_allocations":0,"crt_allocations":0,"asan_allocations":0,"allocated_bytes":0},{"entry":"Native","ns":600,"cpp_allocations":0,"crt_allocations":0,"asan_allocations":0,"allocated_bytes":0},{"entry":"Native","ns":500,"cpp_allocations":0,"crt_allocations":0,"asan_allocations":0,"allocated_bytes":0},{"entry":"Native","ns":600,"cpp_allocations":0,"crt_allocations":0,"asan_allocations":0,"allocated_bytes":0},{"entry":"Dynamic","ns":5900,"cpp_allocations":63,"crt_allocations":0,"asan_allocations":0,"allocated_bytes":2976},{"entry":"Dynamic","ns":5100,"cpp_allocations":63,"crt_allocations":0,"asan_allocations":0,"allocated_bytes":2976},{"entry":"Dynamic","ns":4800,"cpp_allocations":63,"crt_allocations":0,"asan_allocations":0,"allocated_bytes":2976},{"entry":"Dynamic","ns":4900,"cpp_allocations":63,"crt_allocations":0,"asan_allocations":0,"allocated_bytes":2976},{"entry":"Dynamic","ns":4800,"cpp_allocations":63,"crt_allocations":0,"asan_allocations":0,"allocated_bytes":2976},{"entry":"Dynamic","ns":4600,"cpp_allocations":63,"crt_allocations":0,"asan_allocations":0,"allocated_bytes":2976},{"entry":"Dynamic","ns":4800,"cpp_allocations":63,"crt_allocations":0,"asan_allocations":0,"allocated_bytes":2976},{"entry":"Dynamic","ns":4600,"cpp_allocations":63,"crt_allocations":0,"asan_allocations":0,"allocated_bytes":2976},{"entry":"Dynamic","ns":4700,"cpp_allocations":63,"crt_allocations":0,"asan_allocations":0,"allocated_bytes":2976},{"entry":"Dynamic","ns":4800,"cpp_allocations":63,"crt_allocations":0,"asan_allocations":0,"allocated_bytes":2976},{"entry":"Dynamic","ns":4700,"cpp_allocations":63,"crt_allocations":0,"asan_allocations":0,"allocated_bytes":2976},{"entry":"Dynamic","ns":4600,"cpp_allocations":63,"crt_allocations":0,"asan_allocations":0,"allocated_bytes":2976},{"entry":"Dynamic","ns":4600,"cpp_allocations":63,"crt_allocations":0,"asan_allocations":0,"allocated_bytes":2976},{"entry":"Dynamic","ns":4700,"cpp_allocations":63,"crt_allocations":0,"asan_allocations":0,"allocated_bytes":2976},{"entry":"Dynamic","ns":4600,"cpp_allocations":63,"crt_allocations":0,"asan_allocations":0,"allocated_bytes":2976},{"entry":"Dynamic","ns":4600,"cpp_allocations":63,"crt_allocations":0,"asan_allocations":0,"allocated_bytes":2976},{"entry":"Dynamic","ns":4700,"cpp_allocations":63,"crt_allocations":0,"asan_allocations":0,"allocated_bytes":2976},{"entry":"Dynamic","ns":4600,"cpp_allocations":63,"crt_allocations":0,"asan_allocations":0,"allocated_bytes":2976},{"entry":"Dynamic","ns":4600,"cpp_allocations":63,"crt_allocations":0,"asan_allocations":0,"allocated_bytes":2976},{"entry":"Dynamic","ns":4600,"cpp_allocations":63,"crt_allocations":0,"asan_allocations":0,"allocated_bytes":2976}]}
</system-out>
	</testcase>
	<testcase name="T02.b3.entry_parity" classname="T02.b3.entry_parity" time="0.50795" status="run">
		<properties>
			<property name="cmake_labels" value="B3;D2.07"/>
		</properties>
		<system-out>Native / JSON / CLI exact reply parity 4 15 0
Native / JSON / CLI exact reply parity -1 13 3
Native / JSON / CLI exact reply parity 100 14 4
Native / JSON / CLI exact reply parity 1 257 3
</system-out>
	</testcase>
	<testcase name="T20.cli.windows_shell" classname="T20.cli.windows_shell" time="1.06991" status="run">
		<properties>
			<property name="cmake_labels" value="B3;D2.07"/>
		</properties>
		<system-out>cmd-file UTF-8 and one machine result passed
cmd-stdin UTF-8 and one machine result passed
powershell-file UTF-8 and one machine result passed
powershell-stdin UTF-8 and one machine result passed
raw_shell_artifacts J:\Code\Kernel_v2\build\b2-sdk-release\tests\integration\cli\shell-runs\848e845a9fcf4b46a7e507b20da2950f
</system-out>
	</testcase>
	<testcase name="T04.binding.field_parity" classname="T04.binding.field_parity" time="0.146457" status="run">
		<properties/>
		<system-out>Native/Dynamic field parity passed
</system-out>
	</testcase>
	<testcase name="T23.binding.schema_concurrent" classname="T23.binding.schema_concurrent" time="0.116814" status="run">
		<properties/>
		<system-out>Compiled schema registration, reference and concurrent validation passed
</system-out>
	</testcase>
	<testcase name="T05.catalog.visibility" classname="T05.catalog.visibility" time="0.15315" status="run">
		<properties/>
		<system-out>Catalog policy visibility and cold metadata passed
</system-out>
	</testcase>
	<testcase name="T06.binding.native" classname="T06.binding.native" time="0.138704" status="run">
		<properties/>
		<system-out>100 sessions reused one registered schema/catalog; closed caller rejected
Dynamic and Native shared TypeContract and governed HostBound passed
</system-out>
	</testcase>
</testsuite>
