<?xml version="1.0" encoding="UTF-8"?>
<testsuite name="Win32-MSBuild"
	tests="89"
	failures="0"
	disabled="0"
	skipped="0"
	hostname="DESKTOP-U2F62TA"
	time="379"
	timestamp="2026-09-13T21:13:00"
	>
	<testcase name="T24.state.settings_service" classname="T24.state.settings_service" time="0.310217" status="run">
		<properties>
			<property name="cmake_labels" value="B6"/>
		</properties>
		<system-out>0.1.0-dev.8 State Host managed Atomic passed
</system-out>
	</testcase>
	<testcase name="T24.state.installed_consumer" classname="T24.state.installed_consumer" time="22.9138" status="run">
		<properties>
			<property name="cmake_labels" value="B6"/>
		</properties>
		<system-out>argv: ['cmake', '--install', 'J:\\Code\\Kernel_v2\\build\\b6-formal-debug', '--config', 'Debug', '--prefix', 'J:\\Code\\Kernel_v2\\build\\state-install-7orcr43k\\original'] exit_code: 0
argv: ['cmake', '-S', 'J:\\Code\\Kernel_v2\\build\\state-install-7orcr43k\\source', '-G', 'Visual Studio 17 2022', '-A', 'x64', '-T', 'v143,version=14.44.35207', '-DCMAKE_SYSTEM_VERSION=10.0.26100.0', '-DCMAKE_TOOLCHAIN_FILE=J:\\Code\\Kernel_v2/cmake/LockedMSVC.cmake', '-DCMAKE_PREFIX_PATH=J:\\Code\\Kernel_v2\\build\\state-install-7orcr43k\\relocated', '-DOCK_CONSUMER_ASAN=OFF', '-DOCK_CONSUMER_STATE_HOST=ON', '-B', 'J:\\Code\\Kernel_v2\\build\\state-install-7orcr43k\\consumer'] exit_code: 0
argv: ['cmake', '--build', 'J:\\Code\\Kernel_v2\\build\\state-install-7orcr43k\\consumer', '--config', 'Debug', '--parallel', '4', '--', '/nr:false'] exit_code: 0
argv: ['J:\\Code\\Kernel_v2\\build\\state-install-7orcr43k\\consumer\\Debug\\installed_state.exe'] exit_code: 0
argv: ['J:\\Code\\Kernel_v2\\build\\state-install-7orcr43k\\consum...
[This part of the test output was removed since it exceeds the threshold of 1024 bytes.]
</system-out>
	</testcase>
	<testcase name="T24.sdk.version_header" classname="T24.sdk.version_header" time="0.0521334" status="run">
		<properties>
			<property name="cmake_labels" value="D0.02"/>
		</properties>
		<system-out>0.1.0-dev.8
</system-out>
	</testcase>
	<testcase name="T01.architecture.dependency_dag" classname="T01.architecture.dependency_dag" time="0.430331" status="run">
		<properties>
			<property name="cmake_labels" value="D0.02"/>
		</properties>
		<system-out>{
  "check_id": "CHECK.D0.02.architecture",
  "errors": [],
  "scope": "合同目标/公开表面静态检查；无Runtime运行或授权实现"
}
</system-out>
	</testcase>
	<testcase name="T01.architecture.negative_guards" classname="T01.architecture.negative_guards" time="16.8366" status="run">
		<properties>
			<property name="cmake_labels" value="D0.02"/>
		</properties>
		<system-out>test_approved_architecture_matches_manifest (test_architecture.ArchitectureTests.test_approved_architecture_matches_manifest) ... ok
test_authorized_immutable_read_is_allowed (test_architecture.ArchitectureTests.test_authorized_immutable_read_is_allowed) ... ok
test_client_has_no_server_dependency (test_architecture.ArchitectureTests.test_client_has_no_server_dependency) ... ok
test_comment_markers_inside_strings_do_not_hide_includes (test_architecture.ArchitectureTests.test_comment_markers_inside_strings_do_not_hide_includes) ... ok
test_dot_include_prefix_is_rejected (test_architecture.ArchitectureTests.test_dot_include_prefix_is_rejected) ... ok
test_dsl_is_not_a_required_release_component (test_architecture.ArchitectureTests.test_dsl_is_not_a_required_release_component) ... ok
test_generic_state_rpc_is_rejected (test_architecture.ArchitectureTests.test_generic_state_rpc_is_rejected) ... ok
test_include_comment_does_not_bypass_ownership (test_architecture.ArchitectureTests.test_include_comment_does_not_byp...
[This part of the test output was removed since it exceeds the threshold of 1024 bytes.]
</system-out>
	</testcase>
	<testcase name="T24.sdk.install_and_missing_components" classname="T24.sdk.install_and_missing_components" time="37.6891" status="run">
		<properties>
			<property name="cmake_labels" value="D0.02"/>
		</properties>
		<system-out>argv: ['cmake', '--install', 'J:\\Code\\Kernel_v2\\build\\b6-formal-debug', '--config', 'Debug', '--prefix', 'J:\\Code\\Kernel_v2\\build\\install-check-8hv1zgbp\\original'] exit_code: 0
argv: ['cmake', '-S', 'J:\\Code\\Kernel_v2\\tests\\install_consumer\\baseline', '-G', 'Visual Studio 17 2022', '-A', 'x64', '-T', 'v143,version=14.44.35207', '-DCMAKE_SYSTEM_VERSION=10.0.26100.0', '-DCMAKE_TOOLCHAIN_FILE=J:\\Code\\Kernel_v2/cmake/LockedMSVC.cmake', '-DCMAKE_PREFIX_PATH=J:\\Code\\Kernel_v2\\build\\install-check-8hv1zgbp\\relocated', '-B', 'J:\\Code\\Kernel_v2\\build\\install-check-8hv1zgbp\\consumer'] exit_code: 0
argv: ['cmake', '--build', 'J:\\Code\\Kernel_v2\\build\\install-check-8hv1zgbp\\consumer', '--config', 'Debug', '--parallel'] exit_code: 0
argv: ['J:\\Code\\Kernel_v2\\build\\install-check-8hv1zgbp\\consumer\\Debug\\installed_metadata.exe'] exit_code: 0
argv: ['cmake', '-S', 'J:\\Code\\Kernel_v2\\tests\\install_consumer\\baseline', '-G', 'Visual Studio 17 2022', '-A', 'x64', '-T', 'v143,version=14.44....
[This part of the test output was removed since it exceeds the threshold of 1024 bytes.]
</system-out>
	</testcase>
	<testcase name="T01.contracts.component_closure" classname="T01.contracts.component_closure" time="1.74315" status="run">
		<properties>
			<property name="cmake_labels" value="D1.02"/>
		</properties>
		<system-out>test_contracts_cannot_duplicate_or_add_third_party_backend (tests.architecture.test_contracts_stage.ComponentClosureTests.test_contracts_cannot_duplicate_or_add_third_party_backend) ... ok
test_core_stage_preserves_foundation_and_only_adds_contracts (tests.architecture.test_contracts_stage.ComponentClosureTests.test_core_stage_preserves_foundation_and_only_adds_contracts) ... ok
test_foundation_cannot_regress_or_lose_expected (tests.architecture.test_contracts_stage.ComponentClosureTests.test_foundation_cannot_regress_or_lose_expected) ... ok
test_other_product_implementation_rejected (tests.architecture.test_contracts_stage.ComponentClosureTests.test_other_product_implementation_rejected) ... ok
test_product_closure_rejects_other_modules_and_unknown_targets (tests.architecture.test_contracts_stage.ComponentClosureTests.test_product_closure_rejects_other_modules_and_unknown_targets) ... ok

----------------------------------------------------------------------
Ran 5 tests in 1.622s

OK
</system-out>
	</testcase>
	<testcase name="T01.contracts.public_include_boundary" classname="T01.contracts.public_include_boundary" time="4.07563" status="run">
		<properties>
			<property name="cmake_labels" value="D1.02"/>
		</properties>
		<system-out>test_actual_public_macros_and_compile_conditions_match_manifest (tests.architecture.test_contracts_stage.PublicBoundaryTests.test_actual_public_macros_and_compile_conditions_match_manifest) ... ok
test_comments_literals_and_narrow_types_not_backdoors (tests.architecture.test_contracts_stage.PublicBoundaryTests.test_comments_literals_and_narrow_types_not_backdoors) ... ok
test_dom_sql_and_runtime_includes_rejected (tests.architecture.test_contracts_stage.PublicBoundaryTests.test_dom_sql_and_runtime_includes_rejected) ... ok
test_exact_six_headers_required (tests.architecture.test_contracts_stage.PublicBoundaryTests.test_exact_six_headers_required) ... ok
test_public_capability_backdoors_rejected (tests.architecture.test_contracts_stage.PublicBoundaryTests.test_public_capability_backdoors_rejected) ... ok
test_registered_public_macros_must_remain_explicitly_empty (tests.architecture.test_contracts_stage.PublicBoundaryTests.test_registered_public_macros_must_remain_explicitly_empty) ... ok

---------------------...
[This part of the test output was removed since it exceeds the threshold of 1024 bytes.]
</system-out>
	</testcase>
	<testcase name="T24.contracts.public_headers" classname="T24.contracts.public_headers" time="25.3578" status="run">
		<properties>
			<property name="cmake_labels" value="D1.02"/>
		</properties>
		<system-out>{"case": "public_headers", "status": "Passed", "work": "J:\\Code\\Kernel_v2\\build\\d1.02-sdk\\c8e7bb5182834faf8da0b35c5051a563"}
</system-out>
	</testcase>
	<testcase name="T24.contracts.installed_component_consumer" classname="T24.contracts.installed_component_consumer" time="56.5477" status="run">
		<properties>
			<property name="cmake_labels" value="D1.02"/>
		</properties>
		<system-out>{"case": "installed_component_consumer", "status": "Passed", "work": "J:\\Code\\Kernel_v2\\build\\d1.02-sdk\\8117e10ae73c4a0c97685ecfa93ad0e4"}
</system-out>
	</testcase>
	<testcase name="T08.state.frozen_roots" classname="T08.state.frozen_roots" time="0.0659983" status="run">
		<properties/>
		<system-out></system-out>
	</testcase>
	<testcase name="T08.state.snapshot_ownership" classname="T08.state.snapshot_ownership" time="0.0747687" status="run">
		<properties/>
		<system-out></system-out>
	</testcase>
	<testcase name="T09.state.memory_commit" classname="T09.state.memory_commit" time="0.0751126" status="run">
		<properties/>
		<system-out></system-out>
	</testcase>
	<testcase name="T10.state.atomic_group" classname="T10.state.atomic_group" time="0.0760192" status="run">
		<properties/>
		<system-out></system-out>
	</testcase>
	<testcase name="T06.state.runtime_native" classname="T06.state.runtime_native" time="0.230687" status="run">
		<properties/>
		<system-out></system-out>
	</testcase>
	<testcase name="T09.state.object_references" classname="T09.state.object_references" time="0.113321" status="run">
		<properties/>
		<system-out></system-out>
	</testcase>
	<testcase name="T23.state.structural_sharing_cost" classname="T23.state.structural_sharing_cost" time="3.90719" status="run">
		<properties/>
		<system-out>{"objects":1000,"changed":1,"references":0,"status":"Passed","snapshot_ns":4300,"edit_ns":23700,"constraints_ns":100,"prepare_ns":11500,"commit_ns":10400,"reclaim_ns":9900,"logical_root_bytes":320056,"logical_delta_bytes":768,"history_ring_bytes":880,"history_retained_bytes":880,"index_unique_retained_bytes":93096,"index_allocated_bytes":1488,"index_allocations":3,"index_after_reclaim_bytes":91608,"baseline_index_bytes":91608}
{"objects":1000,"changed":10,"references":0,"status":"Passed","snapshot_ns":800,"edit_ns":121300,"constraints_ns":100,"prepare_ns":6100,"commit_ns":5600,"reclaim_ns":16200,"logical_root_bytes":320056,"logical_delta_bytes":7680,"history_ring_bytes":7792,"history_retained_bytes":7792,"index_unique_retained_bytes":103616,"index_allocated_bytes":14816,"index_allocations":30,"index_after_reclaim_bytes":91608,"baseline_index_bytes":91608}
{"objects":1000,"changed":100,"references":0,"status":"Passed","snapshot_ns":600,"edit_ns":1262000,"constraints_ns":500,"prepare_ns":8600,"commit_ns":6000,"...
[This part of the test output was removed since it exceeds the threshold of 1024 bytes.]
</system-out>
	</testcase>
	<testcase name="T20.cli.managed_wire" classname="T20.cli.managed_wire" time="122.658" status="run">
		<properties>
			<property name="cmake_labels" value="B5;D3.07"/>
		</properties>
		<system-out>HOST 33484 managed-wire-823bed975c9e478aafdc2516f2ef95a3
HOST 72368 managed-wire-feed3d68366440809825fc3725186a87
cursor rejection MAC {'code': -32011, 'message': 'CursorInvalid'}
cursor rejection connection {'code': -32011, 'message': 'CursorInvalid'}
cursor rejection Host {'code': -32011, 'message': 'CursorInvalid'}
cursor rejection phase {'code': -32011, 'message': 'CursorInvalid'}
atomic filter rejection, 8-watch quota, cross-connection and repeated unsubscribe passed
real subscribe ACK barrier, events, observation versions and reconnect generation passed
eight live connections with real authorized query coordinators passed
production TTL elapsed seconds 10.95
production TTL elapsed seconds 20.97
production TTL elapsed seconds 30.98
production TTL elapsed seconds 40.02
production TTL elapsed seconds 50.03
production TTL elapsed seconds 60.05
production TTL elapsed seconds 70.06
production TTL elapsed seconds 80.08
production TTL elapsed seconds 90.09
production TTL elapsed seconds 100.11
production TTL el...
[This part of the test output was removed since it exceeds the threshold of 1024 bytes.]
</system-out>
	</testcase>
	<testcase name="T02.contracts.compile_fixture_setup" classname="T02.contracts.compile_fixture_setup" time="6.79323" status="run">
		<properties>
			<property name="cmake_labels" value="CompileContracts;Tools"/>
		</properties>
		<system-out>{"status": "Ready", "fixture": "J:/Code/Kernel_v2/build/b6-formal-debug/tests/compile/contracts/child-runs/fixtures/9b283d222b17ab0966989ae8", "run_id": "9b283d222b17ab0966989ae8", "evidence": "J:\\Code\\Kernel_v2\\build\\b6-formal-debug\\tests\\compile\\contracts\\child-runs\\setup-9b283d222b17ab0966989ae8"}
</system-out>
	</testcase>
	<testcase name="T02.contracts.state_edit_shape" classname="T02.contracts.state_edit_shape" time="8.10884" status="run">
		<properties>
			<property name="cmake_labels" value="D1.02"/>
		</properties>
		<system-out>{"case": "T02.contracts.state_edit_shape", "status": "Passed", "evidence": "J:\\Code\\Kernel_v2\\build\\b6-formal-debug\\tests\\compile\\contracts\\child-runs\\db470ec1e14b4477b11b6627aa920097"}
</system-out>
	</testcase>
	<testcase name="T02.contracts.context_capability_boundary" classname="T02.contracts.context_capability_boundary" time="14.5656" status="run">
		<properties>
			<property name="cmake_labels" value="D1.02"/>
		</properties>
		<system-out>{"case": "T02.contracts.context_capability_boundary", "status": "Passed", "evidence": "J:\\Code\\Kernel_v2\\build\\b6-formal-debug\\tests\\compile\\contracts\\child-runs\\6032b994045444bb923f6ae53f6baa85"}
</system-out>
	</testcase>
	<testcase name="T02.contracts.atomic_read_adapters" classname="T02.contracts.atomic_read_adapters" time="9.68212" status="run">
		<properties>
			<property name="cmake_labels" value="D1.02"/>
		</properties>
		<system-out>{"case": "T02.contracts.atomic_read_adapters", "status": "Passed", "evidence": "J:\\Code\\Kernel_v2\\build\\b6-formal-debug\\tests\\compile\\contracts\\child-runs\\7018a1ea24b640bda27a4c686c225511"}
</system-out>
	</testcase>
	<testcase name="T02.contracts.atomic_async_rejected" classname="T02.contracts.atomic_async_rejected" time="5.43132" status="run">
		<properties>
			<property name="cmake_labels" value="D1.02"/>
		</properties>
		<system-out>{"case": "T02.contracts.atomic_async_rejected", "status": "Passed", "evidence": "J:\\Code\\Kernel_v2\\build\\b6-formal-debug\\tests\\compile\\contracts\\child-runs\\2817d590c7b540069ee23c37e90662a9"}
</system-out>
	</testcase>
	<testcase name="T06.contracts.outcome_closed_variants" classname="T06.contracts.outcome_closed_variants" time="0.0447994" status="run">
		<properties>
			<property name="cmake_labels" value="D1.02"/>
		</properties>
		<system-out>Passed T06.contracts.outcome_closed_variants
</system-out>
	</testcase>
	<testcase name="T06.contracts.publication_proof_required" classname="T06.contracts.publication_proof_required" time="0.060793" status="run">
		<properties>
			<property name="cmake_labels" value="D1.02"/>
		</properties>
		<system-out>Passed T06.contracts.publication_proof_required
</system-out>
	</testcase>
	<testcase name="T06.contracts.before_apply_and_composite_proofs" classname="T06.contracts.before_apply_and_composite_proofs" time="0.0501951" status="run">
		<properties>
			<property name="cmake_labels" value="D1.02"/>
		</properties>
		<system-out>Passed T06.contracts.before_apply_and_composite_proofs
</system-out>
	</testcase>
	<testcase name="T06.contracts.atomic_prepared_identity" classname="T06.contracts.atomic_prepared_identity" time="0.0611888" status="run">
		<properties>
			<property name="cmake_labels" value="D1.02"/>
		</properties>
		<system-out>Passed T06.contracts.atomic_prepared_identity
</system-out>
	</testcase>
	<testcase name="T02.registration.atomic_candidate_contract" classname="T02.registration.atomic_candidate_contract" time="0.095687" status="run">
		<properties>
			<property name="cmake_labels" value="D1.03"/>
		</properties>
		<system-out></system-out>
	</testcase>
	<testcase name="T02.registration.provider_binding" classname="T02.registration.provider_binding" time="0.0575514" status="run">
		<properties>
			<property name="cmake_labels" value="D1.03"/>
		</properties>
		<system-out></system-out>
	</testcase>
	<testcase name="T02.registration.service_binding" classname="T02.registration.service_binding" time="0.0566238" status="run">
		<properties>
			<property name="cmake_labels" value="D1.03"/>
		</properties>
		<system-out></system-out>
	</testcase>
	<testcase name="T02.registration.shape_compile_contract" classname="T02.registration.shape_compile_contract" time="15.167" status="run">
		<properties>
			<property name="cmake_labels" value="D1.03"/>
		</properties>
		<system-out>{"case": "T02.registration.shape_compile_contract", "status": "Passed", "evidence": "J:\\Code\\Kernel_v2\\build\\b6-formal-debug\\tests\\contract\\registration\\child-runs\\4ec4a39d7125461192031875228c4013"}
</system-out>
	</testcase>
	<testcase name="T05.registration.typed_binding_success" classname="T05.registration.typed_binding_success" time="0.0621305" status="run">
		<properties>
			<property name="cmake_labels" value="D1.03"/>
		</properties>
		<system-out></system-out>
	</testcase>
	<testcase name="T07.policy.cancel_arbitration" classname="T07.policy.cancel_arbitration" time="0.140906" status="run">
		<properties>
			<property name="cmake_labels" value="D1.04"/>
		</properties>
		<system-out></system-out>
	</testcase>
	<testcase name="T07.policy.consume_before_revoke" classname="T07.policy.consume_before_revoke" time="0.0964705" status="run">
		<properties>
			<property name="cmake_labels" value="D1.04"/>
		</properties>
		<system-out></system-out>
	</testcase>
	<testcase name="T07.policy.expiry_boundary" classname="T07.policy.expiry_boundary" time="0.0727403" status="run">
		<properties>
			<property name="cmake_labels" value="D1.04"/>
		</properties>
		<system-out></system-out>
	</testcase>
	<testcase name="T07.policy.permit_concurrent" classname="T07.policy.permit_concurrent" time="0.0650409" status="run">
		<properties>
			<property name="cmake_labels" value="D1.04"/>
		</properties>
		<system-out></system-out>
	</testcase>
	<testcase name="T07.policy.permit_once" classname="T07.policy.permit_once" time="0.0719943" status="run">
		<properties>
			<property name="cmake_labels" value="D1.04"/>
		</properties>
		<system-out></system-out>
	</testcase>
	<testcase name="T07.policy.permit_origin_binding" classname="T07.policy.permit_origin_binding" time="16.5331" status="run">
		<properties>
			<property name="cmake_labels" value="D1.04"/>
		</properties>
		<system-out>{"case": "T07.policy.permit_origin_binding", "status": "Passed", "evidence": "J:\\Code\\Kernel_v2\\build\\b6-formal-debug\\tests\\contract\\authorization\\child-runs\\41628a7f5cd0408593f8e58b92cd8da0"}
</system-out>
	</testcase>
	<testcase name="T07.policy.revoke_before_consume" classname="T07.policy.revoke_before_consume" time="0.0617391" status="run">
		<properties>
			<property name="cmake_labels" value="D1.04"/>
		</properties>
		<system-out></system-out>
	</testcase>
	<testcase name="T07.policy.target_lifecycle" classname="T07.policy.target_lifecycle" time="0.101885" status="run">
		<properties>
			<property name="cmake_labels" value="D1.04"/>
		</properties>
		<system-out></system-out>
	</testcase>
	<testcase name="T02.native.candidate_read_dispatch" classname="T02.native.candidate_read_dispatch" time="0.216517" status="run">
		<properties>
			<property name="cmake_labels" value="D1.05"/>
		</properties>
		<system-out></system-out>
	</testcase>
	<testcase name="T02.native.invalid_input" classname="T02.native.invalid_input" time="0.0679425" status="run">
		<properties>
			<property name="cmake_labels" value="D1.05"/>
		</properties>
		<system-out></system-out>
	</testcase>
	<testcase name="T02.native.validation_exception" classname="T02.native.validation_exception" time="0.0849595" status="run">
		<properties>
			<property name="cmake_labels" value="D1.05"/>
		</properties>
		<system-out></system-out>
	</testcase>
	<testcase name="T03.native.cancel_and_budget" classname="T03.native.cancel_and_budget" time="0.087792" status="run">
		<properties>
			<property name="cmake_labels" value="D1.05"/>
		</properties>
		<system-out></system-out>
	</testcase>
	<testcase name="T03.native.execution_admission_endurance" classname="T03.native.execution_admission_endurance" time="1.34561" status="run">
		<properties>
			<property name="cmake_labels" value="D1.05"/>
		</properties>
		<system-out></system-out>
	</testcase>
	<testcase name="T03.native.execution_admission_pins" classname="T03.native.execution_admission_pins" time="0.0689177" status="run">
		<properties>
			<property name="cmake_labels" value="D1.05"/>
		</properties>
		<system-out></system-out>
	</testcase>
	<testcase name="T03.native.execution_reclaim_protection" classname="T03.native.execution_reclaim_protection" time="0.0654971" status="run">
		<properties>
			<property name="cmake_labels" value="D1.05"/>
		</properties>
		<system-out></system-out>
	</testcase>
	<testcase name="T03.native.host_async_completion" classname="T03.native.host_async_completion" time="0.0806087" status="run">
		<properties>
			<property name="cmake_labels" value="B5;D3.04"/>
		</properties>
		<system-out></system-out>
	</testcase>
	<testcase name="T03.native.host_async_drain" classname="T03.native.host_async_drain" time="0.0720018" status="run">
		<properties>
			<property name="cmake_labels" value="B5;D3.04"/>
		</properties>
		<system-out></system-out>
	</testcase>
	<testcase name="T03.native.host_cached_result_sessions" classname="T03.native.host_cached_result_sessions" time="0.105657" status="run">
		<properties>
			<property name="cmake_labels" value="B5;D3.04"/>
		</properties>
		<system-out></system-out>
	</testcase>
	<testcase name="T03.native.host_combined_drain" classname="T03.native.host_combined_drain" time="1.34204" status="run">
		<properties>
			<property name="cmake_labels" value="B5;D3.07"/>
		</properties>
		<system-out>combined 0 begin
combined 0 ready
combined 0 session-open
combined 0 bound
combined 0 observer-installed
combined 0 submitted
combined handler entry
combined handler reentrant 1 resource 1
combined 0 first-entered
combined 0 resource-wait
combined 0 callback-fault-isolated
combined 0 observer-entered
combined 0 first-stop-timeout
combined 0 observer-stop-timeout
combined 0 outcome-verified
combined 0 observer-released
combined 0 logging-pending
combined 0 quiescent
combined 1 begin
combined 1 ready
combined 1 session-open
combined 1 bound
combined 1 observer-installed
combined 1 submitted
combined handler entry
combined handler reentrant 1 resource 1
combined 1 first-entered
combined 1 resource-wait
combined 1 callback-fault-isolated
combined 1 observer-entered
combined 1 first-stop-timeout
combined 1 observer-stop-timeout
combined 1 outcome-verified
combined 1 observer-released
combined 1 logging-pending
combined 1 quiescent
combined 2 begin
combined 2 ready
combined 2 session-open
combined 2 bound
combined ...
[This part of the test output was removed since it exceeds the threshold of 1024 bytes.]
</system-out>
	</testcase>
	<testcase name="T03.native.host_execution_lifecycle" classname="T03.native.host_execution_lifecycle" time="0.0849614" status="run">
		<properties>
			<property name="cmake_labels" value="B5;D3.04"/>
		</properties>
		<system-out></system-out>
	</testcase>
	<testcase name="T03.native.host_execution_resources" classname="T03.native.host_execution_resources" time="0.0554171" status="run">
		<properties>
			<property name="cmake_labels" value="B5;D3.04"/>
		</properties>
		<system-out></system-out>
	</testcase>
	<testcase name="T03.native.host_observation_drain" classname="T03.native.host_observation_drain" time="0.256073" status="run">
		<properties>
			<property name="cmake_labels" value="B5;D3.04"/>
		</properties>
		<system-out></system-out>
	</testcase>
	<testcase name="T03.native.host_required_record" classname="T03.native.host_required_record" time="0.199691" status="run">
		<properties>
			<property name="cmake_labels" value="B5;D3.04"/>
		</properties>
		<system-out></system-out>
	</testcase>
	<testcase name="T03.native.host_required_record_drain" classname="T03.native.host_required_record_drain" time="0.0657412" status="run">
		<properties>
			<property name="cmake_labels" value="B5;D3.04"/>
		</properties>
		<system-out></system-out>
	</testcase>
	<testcase name="T03.native.host_structured_lifetime" classname="T03.native.host_structured_lifetime" time="0.0491445" status="run">
		<properties>
			<property name="cmake_labels" value="B5;D3.04"/>
		</properties>
		<system-out></system-out>
	</testcase>
	<testcase name="T03.native.managed_async_input_accounting" classname="T03.native.managed_async_input_accounting" time="0.0540264" status="run">
		<properties>
			<property name="cmake_labels" value="D1.05"/>
		</properties>
		<system-out></system-out>
	</testcase>
	<testcase name="T03.native.managed_execution_path" classname="T03.native.managed_execution_path" time="0.0373181" status="run">
		<properties>
			<property name="cmake_labels" value="B5;D3.04"/>
		</properties>
		<system-out></system-out>
	</testcase>
	<testcase name="T03.native.managed_execution_resource_wait" classname="T03.native.managed_execution_resource_wait" time="0.0364995" status="run">
		<properties>
			<property name="cmake_labels" value="B5;D3.04"/>
		</properties>
		<system-out></system-out>
	</testcase>
	<testcase name="T03.native.managed_record" classname="T03.native.managed_record" time="0.0425359" status="run">
		<properties>
			<property name="cmake_labels" value="B5;D3.04"/>
		</properties>
		<system-out></system-out>
	</testcase>
	<testcase name="T03.native.managed_record_ownership" classname="T03.native.managed_record_ownership" time="0.0576391" status="run">
		<properties>
			<property name="cmake_labels" value="B5;D3.04"/>
		</properties>
		<system-out></system-out>
	</testcase>
	<testcase name="T03.native.no_task_path" classname="T03.native.no_task_path" time="0.0469491" status="run">
		<properties>
			<property name="cmake_labels" value="D1.05"/>
		</properties>
		<system-out></system-out>
	</testcase>
	<testcase name="T03.native.provider_unavailable" classname="T03.native.provider_unavailable" time="0.0619943" status="run">
		<properties>
			<property name="cmake_labels" value="D1.05"/>
		</properties>
		<system-out></system-out>
	</testcase>
	<testcase name="T03.native.reentrant_and_concurrent" classname="T03.native.reentrant_and_concurrent" time="0.0952326" status="run">
		<properties>
			<property name="cmake_labels" value="D1.05"/>
		</properties>
		<system-out></system-out>
	</testcase>
	<testcase name="T03.native.thread_modes" classname="T03.native.thread_modes" time="0.0594604" status="run">
		<properties>
			<property name="cmake_labels" value="D1.05"/>
		</properties>
		<system-out></system-out>
	</testcase>
	<testcase name="T06.native.authority_origin" classname="T06.native.authority_origin" time="0.061075" status="run">
		<properties>
			<property name="cmake_labels" value="D1.05"/>
		</properties>
		<system-out></system-out>
	</testcase>
	<testcase name="T06.native.business_failure" classname="T06.native.business_failure" time="0.0373335" status="run">
		<properties>
			<property name="cmake_labels" value="D1.05"/>
		</properties>
		<system-out></system-out>
	</testcase>
	<testcase name="T06.native.invalid_output" classname="T06.native.invalid_output" time="0.0636788" status="run">
		<properties>
			<property name="cmake_labels" value="D1.05"/>
		</properties>
		<system-out></system-out>
	</testcase>
	<testcase name="T06.native.managed_accepted_failures" classname="T06.native.managed_accepted_failures" time="0.0978482" status="run">
		<properties>
			<property name="cmake_labels" value="D1.05"/>
		</properties>
		<system-out></system-out>
	</testcase>
	<testcase name="T06.native.outcome_consistency" classname="T06.native.outcome_consistency" time="0.0462796" status="run">
		<properties>
			<property name="cmake_labels" value="D1.05"/>
		</properties>
		<system-out></system-out>
	</testcase>
	<testcase name="T06.native.permission_intersection" classname="T06.native.permission_intersection" time="0.0978834" status="run">
		<properties>
			<property name="cmake_labels" value="D1.05"/>
		</properties>
		<system-out></system-out>
	</testcase>
	<testcase name="T06.native.revoke_and_regrant" classname="T06.native.revoke_and_regrant" time="0.0804915" status="run">
		<properties>
			<property name="cmake_labels" value="D1.05"/>
		</properties>
		<system-out></system-out>
	</testcase>
	<testcase name="T06.native.target_binding" classname="T06.native.target_binding" time="0.0455837" status="run">
		<properties>
			<property name="cmake_labels" value="D1.05"/>
		</properties>
		<system-out></system-out>
	</testcase>
	<testcase name="T23.native.allocation_governance" classname="T23.native.allocation_governance" time="1.02199" status="run">
		<properties>
			<property name="cmake_labels" value="D1.05"/>
		</properties>
		<system-out>{"case": "T23.native.allocation_governance", "status": "Passed", "evidence": "J:\\Code\\Kernel_v2\\build\\b6-formal-debug\\tests\\contract\\native\\child-runs\\52aa02bc3b234e3081d9f74c5683e3b4"}
</system-out>
	</testcase>
	<testcase name="T23.native.allocation_other_costs" classname="T23.native.allocation_other_costs" time="0.224262" status="run">
		<properties>
			<property name="cmake_labels" value="D1.05"/>
		</properties>
		<system-out>{"case": "T23.native.allocation_other_costs", "status": "Passed", "evidence": "J:\\Code\\Kernel_v2\\build\\b6-formal-debug\\tests\\contract\\native\\child-runs\\d1a00e819cbe4b19ba7ee8b864d81c4f"}
</system-out>
	</testcase>
	<testcase name="T23.native.allocation_probe" classname="T23.native.allocation_probe" time="0.276047" status="run">
		<properties>
			<property name="cmake_labels" value="D1.05"/>
		</properties>
		<system-out>{"case": "T23.native.allocation_probe", "status": "Passed", "evidence": "J:\\Code\\Kernel_v2\\build\\b6-formal-debug\\tests\\contract\\native\\child-runs\\5f88480c68194be197d16d63a9606bb2"}
</system-out>
	</testcase>
	<testcase name="T23.native.allocation_steady" classname="T23.native.allocation_steady" time="0.253771" status="run">
		<properties>
			<property name="cmake_labels" value="D1.05"/>
		</properties>
		<system-out>{"case": "T23.native.allocation_steady", "status": "Passed", "evidence": "J:\\Code\\Kernel_v2\\build\\b6-formal-debug\\tests\\contract\\native\\child-runs\\cc83a108bc904fd995cbddc039af3f71"}
</system-out>
	</testcase>
	<testcase name="T03.host.ready_gate" classname="T03.host.ready_gate" time="0.273942" status="run">
		<properties>
			<property name="cmake_labels" value="D1.06"/>
		</properties>
		<system-out></system-out>
	</testcase>
	<testcase name="T03.host.catalog_registration" classname="T03.host.catalog_registration" time="0.105106" status="run">
		<properties>
			<property name="cmake_labels" value="D1.06"/>
		</properties>
		<system-out></system-out>
	</testcase>
	<testcase name="T03.host.catalog_context" classname="T03.host.catalog_context" time="0.0778357" status="run">
		<properties>
			<property name="cmake_labels" value="D1.06"/>
		</properties>
		<system-out></system-out>
	</testcase>
	<testcase name="T03.host.native_results" classname="T03.host.native_results" time="0.0736035" status="run">
		<properties>
			<property name="cmake_labels" value="D1.06"/>
		</properties>
		<system-out></system-out>
	</testcase>
	<testcase name="T03.host.session_ownership" classname="T03.host.session_ownership" time="0.102708" status="run">
		<properties>
			<property name="cmake_labels" value="D1.06"/>
		</properties>
		<system-out></system-out>
	</testcase>
	<testcase name="T22.host.shutdown_deadline" classname="T22.host.shutdown_deadline" time="0.141986" status="run">
		<properties>
			<property name="cmake_labels" value="D1.06"/>
		</properties>
		<system-out></system-out>
	</testcase>
	<testcase name="T22.host.admission_race" classname="T22.host.admission_race" time="0.089872" status="run">
		<properties>
			<property name="cmake_labels" value="D1.06"/>
		</properties>
		<system-out></system-out>
	</testcase>
	<testcase name="T22.host.return_lifetime" classname="T22.host.return_lifetime" time="0.0702571" status="run">
		<properties>
			<property name="cmake_labels" value="D1.06"/>
		</properties>
		<system-out></system-out>
	</testcase>
	<testcase name="T22.host.shutdown_order" classname="T22.host.shutdown_order" time="0.0612913" status="run">
		<properties>
			<property name="cmake_labels" value="D1.06"/>
		</properties>
		<system-out></system-out>
	</testcase>
	<testcase name="T23.host.owner_reclamation" classname="T23.host.owner_reclamation" time="0.0611045" status="run">
		<properties>
			<property name="cmake_labels" value="D1.06"/>
		</properties>
		<system-out></system-out>
	</testcase>
	<testcase name="T03.host.configuration" classname="T03.host.configuration" time="0.580629" status="run">
		<properties>
			<property name="cmake_labels" value="D1.06"/>
		</properties>
		<system-out>{"case": "T03.host.configuration", "evidence": "J:\\Code\\Kernel_v2\\build\\b6-formal-debug\\tests\\contract\\host\\child-runs\\49c63f5ad6244dd5aff96d744a68f8a4", "status": "Passed"}
</system-out>
	</testcase>
</testsuite>
