Start testing: Sep 07 13:48 中国标准时间
----------------------------------------------------------
1/8 Testing: T01.dependencies.expected
1/8 Test: T01.dependencies.expected
Command: "E:/VS2019Qt5.15/3D/build/d0.06-a/asan/Debug/ock_probe_expected.exe"
Directory: E:/VS2019Qt5.15/3D/build/d0.06-a/asan/dependency-probe-work
"T01.dependencies.expected" start time: Sep 07 13:48 中国标准时间
Output:
----------------------------------------------------------
expected move-only/void/error/exception smoke
<end of output>
Test time =   1.13 sec
----------------------------------------------------------
Test Passed.
"T01.dependencies.expected" end time: Sep 07 13:48 中国标准时间
"T01.dependencies.expected" time elapsed: 00:00:01
----------------------------------------------------------

2/8 Testing: T01.dependencies.fmt
2/8 Test: T01.dependencies.fmt
Command: "E:/VS2019Qt5.15/3D/build/d0.06-a/asan/Debug/ock_probe_fmt.exe"
Directory: E:/VS2019Qt5.15/3D/build/d0.06-a/asan/dependency-probe-work
"T01.dependencies.fmt" start time: Sep 07 13:48 中国标准时间
Output:
----------------------------------------------------------
fmt 110104
<end of output>
Test time =   0.96 sec
----------------------------------------------------------
Test Passed.
"T01.dependencies.fmt" end time: Sep 07 13:48 中国标准时间
"T01.dependencies.fmt" time elapsed: 00:00:00
----------------------------------------------------------

3/8 Testing: T01.dependencies.spdlog
3/8 Test: T01.dependencies.spdlog
Command: "E:/VS2019Qt5.15/3D/build/d0.06-a/asan/Debug/ock_probe_spdlog.exe"
Directory: E:/VS2019Qt5.15/3D/build/d0.06-a/asan/dependency-probe-work
"T01.dependencies.spdlog" start time: Sep 07 13:48 中国标准时间
Output:
----------------------------------------------------------
spdlog external locked fmt/flush smoke
<end of output>
Test time =   0.85 sec
----------------------------------------------------------
Test Passed.
"T01.dependencies.spdlog" end time: Sep 07 13:48 中国标准时间
"T01.dependencies.spdlog" time elapsed: 00:00:00
----------------------------------------------------------

4/8 Testing: T01.dependencies.thread_pool
4/8 Test: T01.dependencies.thread_pool
Command: "E:/VS2019Qt5.15/3D/build/d0.06-a/asan/Debug/ock_probe_thread_pool.exe"
Directory: E:/VS2019Qt5.15/3D/build/d0.06-a/asan/dependency-probe-work
"T01.dependencies.thread_pool" start time: Sep 07 13:48 中国标准时间
Output:
----------------------------------------------------------
thread pool future/error/drain smoke
<end of output>
Test time =   0.90 sec
----------------------------------------------------------
Test Passed.
"T01.dependencies.thread_pool" end time: Sep 07 13:48 中国标准时间
"T01.dependencies.thread_pool" time elapsed: 00:00:00
----------------------------------------------------------

5/8 Testing: T01.dependencies.toolchain
5/8 Test: T01.dependencies.toolchain
Command: "E:/VS2019Qt5.15/3D/build/d0.06-a/asan/Debug/ock_probe_toolchain.exe"
Directory: E:/VS2019Qt5.15/3D/build/d0.06-a/asan/dependency-probe-work
"T01.dependencies.toolchain" start time: Sep 07 13:48 中国标准时间
Output:
----------------------------------------------------------
MSVC_FULL_VER=194435228 __cplusplus=202002 pointer_bits=64 CRT=/MDd
<end of output>
Test time =   0.67 sec
----------------------------------------------------------
Test Passed.
"T01.dependencies.toolchain" end time: Sep 07 13:48 中国标准时间
"T01.dependencies.toolchain" time elapsed: 00:00:00
----------------------------------------------------------

6/8 Testing: T01.dependencies.lock_contracts
6/8 Test: T01.dependencies.lock_contracts
Command: "C:/Users/xrx10/AppData/Local/Programs/Python/Python311/python.exe" "-X" "utf8" "-m" "unittest" "discover" "-s" "E:/VS2019Qt5.15/3D/tests/dependencies" "-p" "test_lock.py" "-v"
Directory: E:/VS2019Qt5.15/3D/build/d0.06-a/asan/dependency-probe-work
"T01.dependencies.lock_contracts" start time: Sep 07 13:48 中国标准时间
Output:
----------------------------------------------------------
test_archive_symlink_refused (test_lock.LockContracts.test_archive_symlink_refused) ... ok
test_archive_traversal_refused (test_lock.LockContracts.test_archive_traversal_refused) ... ok
test_complete_default_table (test_lock.LockContracts.test_complete_default_table) ... ok
test_component_selection (test_lock.LockContracts.test_component_selection) ... ok
test_hash_mismatch_refused (test_lock.LockContracts.test_hash_mismatch_refused) ... ok
test_internal_document_link_materialized (test_lock.LockContracts.test_internal_document_link_materialized) ... ok
test_offline_missing_refused (test_lock.LockContracts.test_offline_missing_refused) ... ok
test_reject_floating_revision (test_lock.LockContracts.test_reject_floating_revision) ... ok
test_reject_incompatible_toolchain (test_lock.LockContracts.test_reject_incompatible_toolchain) ... ok
test_reject_missing_license (test_lock.LockContracts.test_reject_missing_license) ... ok
test_reject_sqlite_without_fix (test_lock.LockContracts.test_reject_sqlite_without_fix) ... ok
test_reject_unsafe_compile_options (test_lock.LockContracts.test_reject_unsafe_compile_options) ... ok
test_unknown_component_rejected (test_lock.LockContracts.test_unknown_component_rejected) ... ok
test_unselected_never_downloaded (test_lock.LockContracts.test_unselected_never_downloaded) ... ok

----------------------------------------------------------------------
Ran 14 tests in 0.070s

OK
<end of output>
Test time =   1.23 sec
----------------------------------------------------------
Test Passed.
"T01.dependencies.lock_contracts" end time: Sep 07 13:48 中国标准时间
"T01.dependencies.lock_contracts" time elapsed: 00:00:01
----------------------------------------------------------

7/8 Testing: T23.dependencies.asan_healthy
7/8 Test: T23.dependencies.asan_healthy
Command: "E:/VS2019Qt5.15/3D/build/d0.06-a/asan/Debug/ock_probe_asan.exe"
Directory: E:/VS2019Qt5.15/3D/build/d0.06-a/asan/dependency-probe-work
"T23.dependencies.asan_healthy" start time: Sep 07 13:48 中国标准时间
Output:
----------------------------------------------------------
<end of output>
Test time =   1.09 sec
----------------------------------------------------------
Test Passed.
"T23.dependencies.asan_healthy" end time: Sep 07 13:48 中国标准时间
"T23.dependencies.asan_healthy" time elapsed: 00:00:01
----------------------------------------------------------

8/8 Testing: T23.dependencies.asan_detects_heap_overflow
8/8 Test: T23.dependencies.asan_detects_heap_overflow
Command: "C:/Users/xrx10/AppData/Local/Programs/Python/Python311/python.exe" "-X" "utf8" "E:/VS2019Qt5.15/3D/tools/dependencies/check_probe_failure.py" "--mode" "asan" "--" "E:/VS2019Qt5.15/3D/build/d0.06-a/asan/Debug/ock_probe_asan.exe" "fault"
Directory: E:/VS2019Qt5.15/3D/build/d0.06-a/asan/dependency-probe-work
"T23.dependencies.asan_detects_heap_overflow" start time: Sep 07 13:48 中国标准时间
Output:
----------------------------------------------------------
=================================================================
==35800==ERROR: AddressSanitizer: heap-buffer-overflow on address 0x11f9766a0040 at pc 0x7ff6b91011a3 bp 0x001863eff5d0 sp 0x001863eff5d8
WRITE of size 4 at 0x11f9766a0040 thread T0
    #0 0x7ff6b91011a2 in main E:\VS2019Qt5.15\3D\tests\dependencies\probes\asan.cpp:5
    #1 0x7ff6b9104838 in invoke_main D:\a\_work\1\s\src\vctools\crt\vcstartup\src\startup\exe_common.inl:78
    #2 0x7ff6b9104781 in __scrt_common_main_seh D:\a\_work\1\s\src\vctools\crt\vcstartup\src\startup\exe_common.inl:288
    #3 0x7ff6b910463d in __scrt_common_main D:\a\_work\1\s\src\vctools\crt\vcstartup\src\startup\exe_common.inl:330
    #4 0x7ff6b91048ad in mainCRTStartup D:\a\_work\1\s\src\vctools\crt\vcstartup\src\startup\exe_main.cpp:16
    #5 0x7ffcbb737373  (C:\WINDOWS\System32\KERNEL32.DLL+0x180017373)
    #6 0x7ffcbbbfcc90  (C:\WINDOWS\SYSTEM32\ntdll.dll+0x18004cc90)

0x11f9766a0040 is located 0 bytes after 16-byte region [0x11f9766a0030,0x11f9766a0040)
allocated by thread T0 here:
    #0 0x7ff6b9103a6e in operator new[](unsigned __int64) D:\a\_work\1\s\src\vctools\asan\llvm\compiler-rt\lib\asan\asan_win_new_array_thunk.cpp:41
    #1 0x7ff6b9102369 in std::make_unique<int[], 0>(unsigned __int64) F:\VS2022\VS2022\VC\Tools\MSVC\14.44.35207\include\memory:3636
    #2 0x7ff6b9101110 in main E:\VS2019Qt5.15\3D\tests\dependencies\probes\asan.cpp:4
    #3 0x7ff6b9104838 in invoke_main D:\a\_work\1\s\src\vctools\crt\vcstartup\src\startup\exe_common.inl:78
    #4 0x7ff6b9104781 in __scrt_common_main_seh D:\a\_work\1\s\src\vctools\crt\vcstartup\src\startup\exe_common.inl:288
    #5 0x7ff6b910463d in __scrt_common_main D:\a\_work\1\s\src\vctools\crt\vcstartup\src\startup\exe_common.inl:330
    #6 0x7ff6b91048ad in mainCRTStartup D:\a\_work\1\s\src\vctools\crt\vcstartup\src\startup\exe_main.cpp:16
    #7 0x7ffcbb737373  (C:\WINDOWS\System32\KERNEL32.DLL+0x180017373)
    #8 0x7ffcbbbfcc90  (C:\WINDOWS\SYSTEM32\ntdll.dll+0x18004cc90)

SUMMARY: AddressSanitizer: heap-buffer-overflow E:\VS2019Qt5.15\3D\tests\dependencies\probes\asan.cpp:5 in main
Shadow bytes around the buggy address:
  0x11f97669fd80: 00 00 00 00 00 00 00 00 00 00 00 00 00 00 00 00
  0x11f97669fe00: 00 00 00 00 00 00 00 00 00 00 00 00 00 00 00 00
  0x11f97669fe80: 00 00 00 00 00 00 00 00 00 00 00 00 00 00 00 00
  0x11f97669ff00: 00 00 00 00 00 00 00 00 00 00 00 00 00 00 00 00
  0x11f97669ff80: 00 00 00 00 00 00 00 00 00 00 00 00 00 00 00 00
=>0x11f9766a0000: fa fa fd fd fa fa 00 00[fa]fa fd fd fa fa fd fd
  0x11f9766a0080: fa fa 00 00 fa fa fa fa fa fa fa fa fa fa fa fa
  0x11f9766a0100: fa fa fa fa fa fa fa fa fa fa fa fa fa fa fa fa
  0x11f9766a0180: fa fa fa fa fa fa fa fa fa fa fa fa fa fa fa fa
  0x11f9766a0200: fa fa fa fa fa fa fa fa fa fa fa fa fa fa fa fa
  0x11f9766a0280: fa fa fa fa fa fa fa fa fa fa fa fa fa fa fa fa
Shadow byte legend (one shadow byte represents 8 application bytes):
  Addressable:           00
  Partially addressable: 01 02 03 04 05 06 07 
  Heap left redzone:       fa
  Freed heap region:       fd
  Stack left redzone:      f1
  Stack mid redzone:       f2
  Stack right redzone:     f3
  Stack after return:      f5
  Stack use after scope:   f8
  Global redzone:          f9
  Global init order:       f6
  Poisoned by user:        f7
  Container overflow:      fc
  Array cookie:            ac
  Intra object redzone:    bb
  ASan internal:           fe
  Left alloca redzone:     ca
  Right alloca redzone:    cb
==35800==ABORTING
fault_probe_actual_exit_code= 1 raw= E:\VS2019Qt5.15\3D\build\d0.06-a\asan\dependency-probe-work\fault-b3d1d7a2f970408fabf21411c54d798f
<end of output>
Test time =   2.38 sec
----------------------------------------------------------
Test Passed.
"T23.dependencies.asan_detects_heap_overflow" end time: Sep 07 13:48 中国标准时间
"T23.dependencies.asan_detects_heap_overflow" time elapsed: 00:00:02
----------------------------------------------------------

End testing: Sep 07 13:48 中国标准时间

D0.06-a =   9.21 sec*proc

