<?xml version="1.0" encoding="UTF-8"?>
<testsuite name="Win32-MSBuild"
	tests="251"
	failures="0"
	disabled="0"
	skipped="0"
	hostname="MSI"
	time="936"
	timestamp="2026-09-08T04:01:16"
	>
	<testcase name="T24.sdk.version_header" classname="T24.sdk.version_header" time="0.0485865" status="run">
		<properties>
			<property name="cmake_labels" value="D0.02"/>
		</properties>
		<system-out>0.1.0-dev.1
</system-out>
	</testcase>
	<testcase name="T01.architecture.dependency_dag" classname="T01.architecture.dependency_dag" time="0.324184" status="run">
		<properties>
			<property name="cmake_labels" value="D0.02"/>
		</properties>
		<system-out>{
  "check_id": "CHECK.D0.02.architecture",
  "errors": [],
  "scope": "合同目标/公开表面静态检查；无Runtime运行或授权实现"
}
</system-out>
	</testcase>
	<testcase name="T01.architecture.negative_guards" classname="T01.architecture.negative_guards" time="6.15477" status="run">
		<properties>
			<property name="cmake_labels" value="D0.02"/>
		</properties>
		<system-out>test_approved_architecture_matches_manifest (test_architecture.ArchitectureTests.test_approved_architecture_matches_manifest) ... ok
test_authorized_immutable_read_is_allowed (test_architecture.ArchitectureTests.test_authorized_immutable_read_is_allowed) ... ok
test_client_has_no_server_dependency (test_architecture.ArchitectureTests.test_client_has_no_server_dependency) ... ok
test_comment_markers_inside_strings_do_not_hide_includes (test_architecture.ArchitectureTests.test_comment_markers_inside_strings_do_not_hide_includes) ... ok
test_dot_include_prefix_is_rejected (test_architecture.ArchitectureTests.test_dot_include_prefix_is_rejected) ... ok
test_dsl_is_not_a_required_release_component (test_architecture.ArchitectureTests.test_dsl_is_not_a_required_release_component) ... ok
test_generic_state_rpc_is_rejected (test_architecture.ArchitectureTests.test_generic_state_rpc_is_rejected) ... ok
test_include_comment_does_not_bypass_ownership (test_architecture.ArchitectureTests.test_include_comment_does_not_byp...
[This part of the test output was removed since it exceeds the threshold of 1024 bytes.]
</system-out>
	</testcase>
	<testcase name="T24.sdk.install_and_missing_components" classname="T24.sdk.install_and_missing_components" time="40.1073" status="run">
		<properties>
			<property name="cmake_labels" value="D0.02"/>
		</properties>
		<system-out>argv: ['cmake', '--install', 'E:\\VS2019Qt5.15\\3D\\build\\d1.04-release', '--config', 'Release', '--prefix', 'E:\\VS2019Qt5.15\\3D\\build\\install-check-sm1cveph\\original'] exit_code: 0
argv: ['cmake', '-S', 'E:\\VS2019Qt5.15\\3D\\tests\\install_consumer\\baseline', '-G', 'Visual Studio 17 2022', '-A', 'x64', '-DCMAKE_TOOLCHAIN_FILE=E:\\VS2019Qt5.15\\3D/cmake/LockedMSVC.cmake', '-DCMAKE_PREFIX_PATH=E:\\VS2019Qt5.15\\3D\\build\\install-check-sm1cveph\\relocated', '-B', 'E:\\VS2019Qt5.15\\3D\\build\\install-check-sm1cveph\\consumer'] exit_code: 0
argv: ['cmake', '--build', 'E:\\VS2019Qt5.15\\3D\\build\\install-check-sm1cveph\\consumer', '--config', 'Release', '--parallel'] exit_code: 0
argv: ['E:\\VS2019Qt5.15\\3D\\build\\install-check-sm1cveph\\consumer\\Release\\installed_metadata.exe'] exit_code: 0
argv: ['cmake', '-S', 'E:\\VS2019Qt5.15\\3D\\tests\\install_consumer\\baseline', '-G', 'Visual Studio 17 2022', '-A', 'x64', '-DCMAKE_TOOLCHAIN_FILE=E:\\VS2019Qt5.15\\3D/cmake/LockedMSVC.cmake', '-DCMAKE_PREFIX_...
[This part of the test output was removed since it exceeds the threshold of 1024 bytes.]
</system-out>
	</testcase>
	<testcase name="T02.outcome.nine_variants" classname="T02.outcome.nine_variants" time="0.476174" status="run">
		<properties>
			<property name="cmake_labels" value="D0.03"/>
		</properties>
		<system-out>test_T02_outcome_nine_variants (test_execution_model.ExecutionContracts.test_T02_outcome_nine_variants) ... ok

----------------------------------------------------------------------
Ran 1 test in 0.008s

OK
</system-out>
	</testcase>
	<testcase name="T02.outcome.read_candidate" classname="T02.outcome.read_candidate" time="0.418249" status="run">
		<properties>
			<property name="cmake_labels" value="D0.03"/>
		</properties>
		<system-out>test_T02_outcome_read_candidate (test_execution_model.ExecutionContracts.test_T02_outcome_read_candidate) ... ok

----------------------------------------------------------------------
Ran 1 test in 0.003s

OK
</system-out>
	</testcase>
	<testcase name="T02.outcome.effect_minimal_receipt" classname="T02.outcome.effect_minimal_receipt" time="0.412711" status="run">
		<properties>
			<property name="cmake_labels" value="D0.03"/>
		</properties>
		<system-out>test_T02_outcome_effect_minimal_receipt (test_execution_model.ExecutionContracts.test_T02_outcome_effect_minimal_receipt) ... ok

----------------------------------------------------------------------
Ran 1 test in 0.007s

OK
</system-out>
	</testcase>
	<testcase name="T02.outcome.lifecycle_failed_transition" classname="T02.outcome.lifecycle_failed_transition" time="0.39698" status="run">
		<properties>
			<property name="cmake_labels" value="D0.03"/>
		</properties>
		<system-out>test_T02_outcome_lifecycle_failed_transition (test_execution_model.ExecutionContracts.test_T02_outcome_lifecycle_failed_transition) ... ok

----------------------------------------------------------------------
Ran 1 test in 0.008s

OK
</system-out>
	</testcase>
	<testcase name="T02.outcome.plan_all_success" classname="T02.outcome.plan_all_success" time="0.438715" status="run">
		<properties>
			<property name="cmake_labels" value="D0.03"/>
		</properties>
		<system-out>test_T02_outcome_plan_all_success (test_execution_model.ExecutionContracts.test_T02_outcome_plan_all_success) ... ok

----------------------------------------------------------------------
Ran 1 test in 0.006s

OK
</system-out>
	</testcase>
	<testcase name="T02.outcome.partial_and_unknown" classname="T02.outcome.partial_and_unknown" time="0.429723" status="run">
		<properties>
			<property name="cmake_labels" value="D0.03"/>
		</properties>
		<system-out>test_T02_outcome_partial_and_unknown (test_execution_model.ExecutionContracts.test_T02_outcome_partial_and_unknown) ... ok

----------------------------------------------------------------------
Ran 1 test in 0.030s

OK
</system-out>
	</testcase>
	<testcase name="T12.outcome.evidence_matrix" classname="T12.outcome.evidence_matrix" time="0.430606" status="run">
		<properties>
			<property name="cmake_labels" value="D0.03"/>
		</properties>
		<system-out>test_T12_outcome_evidence_matrix (test_execution_model.ExecutionContracts.test_T12_outcome_evidence_matrix) ... ok

----------------------------------------------------------------------
Ran 1 test in 0.015s

OK
</system-out>
	</testcase>
	<testcase name="T19.outcome.reply_layers" classname="T19.outcome.reply_layers" time="0.375474" status="run">
		<properties>
			<property name="cmake_labels" value="D0.03"/>
		</properties>
		<system-out>test_T19_outcome_reply_layers (test_execution_model.ExecutionContracts.test_T19_outcome_reply_layers) ... ok

----------------------------------------------------------------------
Ran 1 test in 0.011s

OK
</system-out>
	</testcase>
	<testcase name="T06.execution.durable_acceptance" classname="T06.execution.durable_acceptance" time="0.393539" status="run">
		<properties>
			<property name="cmake_labels" value="D0.03"/>
		</properties>
		<system-out>test_T06_execution_durable_acceptance (test_execution_model.ExecutionContracts.test_T06_execution_durable_acceptance) ... ok

----------------------------------------------------------------------
Ran 1 test in 0.000s

OK
</system-out>
	</testcase>
	<testcase name="T06.execution.inline_completion" classname="T06.execution.inline_completion" time="0.407007" status="run">
		<properties>
			<property name="cmake_labels" value="D0.03"/>
		</properties>
		<system-out>test_T06_execution_inline_completion (test_execution_model.ExecutionContracts.test_T06_execution_inline_completion) ... ok

----------------------------------------------------------------------
Ran 1 test in 0.002s

OK
</system-out>
	</testcase>
	<testcase name="T06.execution.executor_rejection" classname="T06.execution.executor_rejection" time="0.392115" status="run">
		<properties>
			<property name="cmake_labels" value="D0.03"/>
		</properties>
		<system-out>test_T06_execution_executor_rejection (test_execution_model.ExecutionContracts.test_T06_execution_executor_rejection) ... ok

----------------------------------------------------------------------
Ran 1 test in 0.000s

OK
</system-out>
	</testcase>
	<testcase name="T06.execution.duplicate_callback" classname="T06.execution.duplicate_callback" time="0.420796" status="run">
		<properties>
			<property name="cmake_labels" value="D0.03"/>
		</properties>
		<system-out>test_T06_execution_duplicate_callback (test_execution_model.ExecutionContracts.test_T06_execution_duplicate_callback) ... ok

----------------------------------------------------------------------
Ran 1 test in 0.001s

OK
</system-out>
	</testcase>
	<testcase name="T06.execution.phase_edges" classname="T06.execution.phase_edges" time="0.409793" status="run">
		<properties>
			<property name="cmake_labels" value="D0.03"/>
		</properties>
		<system-out>test_T06_execution_phase_edges (test_execution_model.ExecutionContracts.test_T06_execution_phase_edges) ... ok

----------------------------------------------------------------------
Ran 1 test in 0.001s

OK
</system-out>
	</testcase>
	<testcase name="T06.execution.suspended_owner" classname="T06.execution.suspended_owner" time="0.405058" status="run">
		<properties>
			<property name="cmake_labels" value="D0.03"/>
		</properties>
		<system-out>test_T06_execution_suspended_owner (test_execution_model.ExecutionContracts.test_T06_execution_suspended_owner) ... ok

----------------------------------------------------------------------
Ran 1 test in 0.001s

OK
</system-out>
	</testcase>
	<testcase name="T12.execution.required_record_failure" classname="T12.execution.required_record_failure" time="0.419479" status="run">
		<properties>
			<property name="cmake_labels" value="D0.03"/>
		</properties>
		<system-out>test_T12_execution_required_record_failure (test_execution_model.ExecutionContracts.test_T12_execution_required_record_failure) ... ok

----------------------------------------------------------------------
Ran 1 test in 0.002s

OK
</system-out>
	</testcase>
	<testcase name="T12.execution.isolation_lifetime" classname="T12.execution.isolation_lifetime" time="0.441497" status="run">
		<properties>
			<property name="cmake_labels" value="D0.03"/>
		</properties>
		<system-out>test_T12_execution_isolation_lifetime (test_execution_model.ExecutionContracts.test_T12_execution_isolation_lifetime) ... ok

----------------------------------------------------------------------
Ran 1 test in 0.002s

OK
</system-out>
	</testcase>
	<testcase name="T06.execution.necessary_children" classname="T06.execution.necessary_children" time="0.392487" status="run">
		<properties>
			<property name="cmake_labels" value="D0.03"/>
		</properties>
		<system-out>test_T06_execution_necessary_children (test_execution_model.ExecutionContracts.test_T06_execution_necessary_children) ... ok

----------------------------------------------------------------------
Ran 1 test in 0.001s

OK
</system-out>
	</testcase>
	<testcase name="T06.execution.plan_children_drained" classname="T06.execution.plan_children_drained" time="0.378756" status="run">
		<properties>
			<property name="cmake_labels" value="D0.03"/>
		</properties>
		<system-out>test_T06_execution_plan_children_drained (test_execution_model.ExecutionContracts.test_T06_execution_plan_children_drained) ... ok

----------------------------------------------------------------------
Ran 1 test in 0.002s

OK
</system-out>
	</testcase>
	<testcase name="T06.execution.cancel_keeps_facts" classname="T06.execution.cancel_keeps_facts" time="0.362544" status="run">
		<properties>
			<property name="cmake_labels" value="D0.03"/>
		</properties>
		<system-out>test_T06_execution_cancel_keeps_facts (test_execution_model.ExecutionContracts.test_T06_execution_cancel_keeps_facts) ... ok

----------------------------------------------------------------------
Ran 1 test in 0.004s

OK
</system-out>
	</testcase>
	<testcase name="T20.execution.atomic_candidate_progress" classname="T20.execution.atomic_candidate_progress" time="0.368501" status="run">
		<properties>
			<property name="cmake_labels" value="D0.03"/>
		</properties>
		<system-out>test_T20_execution_atomic_candidate_progress (test_execution_model.ExecutionContracts.test_T20_execution_atomic_candidate_progress) ... ok

----------------------------------------------------------------------
Ran 1 test in 0.002s

OK
</system-out>
	</testcase>
	<testcase name="T12.execution.commit_publication_gate" classname="T12.execution.commit_publication_gate" time="0.366204" status="run">
		<properties>
			<property name="cmake_labels" value="D0.03"/>
		</properties>
		<system-out>test_T12_execution_commit_publication_gate (test_execution_model.ExecutionContracts.test_T12_execution_commit_publication_gate) ... ok

----------------------------------------------------------------------
Ran 1 test in 0.004s

OK
</system-out>
	</testcase>
	<testcase name="T20.execution.observation_revision_independent" classname="T20.execution.observation_revision_independent" time="0.372639" status="run">
		<properties>
			<property name="cmake_labels" value="D0.03"/>
		</properties>
		<system-out>test_T20_execution_observation_revision_independent (test_execution_model.ExecutionContracts.test_T20_execution_observation_revision_independent) ... ok

----------------------------------------------------------------------
Ran 1 test in 0.015s

OK
</system-out>
	</testcase>
	<testcase name="T20.execution.snapshot_consistency" classname="T20.execution.snapshot_consistency" time="0.369322" status="run">
		<properties>
			<property name="cmake_labels" value="D0.03"/>
		</properties>
		<system-out>test_T20_execution_snapshot_consistency (test_execution_model.ExecutionContracts.test_T20_execution_snapshot_consistency) ... ok

----------------------------------------------------------------------
Ran 1 test in 0.008s

OK
</system-out>
	</testcase>
	<testcase name="T20.execution.version_exhaustion" classname="T20.execution.version_exhaustion" time="0.377913" status="run">
		<properties>
			<property name="cmake_labels" value="D0.03"/>
		</properties>
		<system-out>test_T20_execution_version_exhaustion (test_execution_model.ExecutionContracts.test_T20_execution_version_exhaustion) ... ok

----------------------------------------------------------------------
Ran 1 test in 0.000s

OK
</system-out>
	</testcase>
	<testcase name="T12.execution.append_only_resolution" classname="T12.execution.append_only_resolution" time="0.394158" status="run">
		<properties>
			<property name="cmake_labels" value="D0.03"/>
		</properties>
		<system-out>test_T12_execution_append_only_resolution (test_execution_model.ExecutionContracts.test_T12_execution_append_only_resolution) ... ok

----------------------------------------------------------------------
Ran 1 test in 0.010s

OK
</system-out>
	</testcase>
	<testcase name="T20.observer.late_notification" classname="T20.observer.late_notification" time="0.398207" status="run">
		<properties>
			<property name="cmake_labels" value="D0.03"/>
		</properties>
		<system-out>test_T20_observer_late_notification (test_execution_model.ExecutionContracts.test_T20_observer_late_notification) ... ok

----------------------------------------------------------------------
Ran 1 test in 0.013s

OK
</system-out>
	</testcase>
	<testcase name="T20.observer.lost_terminal_notification" classname="T20.observer.lost_terminal_notification" time="0.38632" status="run">
		<properties>
			<property name="cmake_labels" value="D0.03"/>
		</properties>
		<system-out>test_T20_observer_lost_terminal_notification (test_execution_model.ExecutionContracts.test_T20_observer_lost_terminal_notification) ... ok

----------------------------------------------------------------------
Ran 1 test in 0.006s

OK
</system-out>
	</testcase>
	<testcase name="T12.execution.reject_forged_publication" classname="T12.execution.reject_forged_publication" time="0.391995" status="run">
		<properties>
			<property name="cmake_labels" value="D0.03"/>
		</properties>
		<system-out>test_T12_execution_reject_forged_publication (test_execution_model.ExecutionContracts.test_T12_execution_reject_forged_publication) ... ok

----------------------------------------------------------------------
Ran 1 test in 0.004s

OK
</system-out>
	</testcase>
	<testcase name="T06.execution.child_unknown_aggregation" classname="T06.execution.child_unknown_aggregation" time="0.376386" status="run">
		<properties>
			<property name="cmake_labels" value="D0.03"/>
		</properties>
		<system-out>test_T06_execution_child_unknown_aggregation (test_execution_model.ExecutionContracts.test_T06_execution_child_unknown_aggregation) ... ok

----------------------------------------------------------------------
Ran 1 test in 0.011s

OK
</system-out>
	</testcase>
	<testcase name="T20.execution.child_projection_version" classname="T20.execution.child_projection_version" time="0.377948" status="run">
		<properties>
			<property name="cmake_labels" value="D0.03"/>
		</properties>
		<system-out>test_T20_execution_child_projection_version (test_execution_model.ExecutionContracts.test_T20_execution_child_projection_version) ... ok

----------------------------------------------------------------------
Ran 1 test in 0.001s

OK
</system-out>
	</testcase>
	<testcase name="T20.observer.out_of_order_snapshot" classname="T20.observer.out_of_order_snapshot" time="0.370792" status="run">
		<properties>
			<property name="cmake_labels" value="D0.03"/>
		</properties>
		<system-out>test_T20_observer_out_of_order_snapshot (test_execution_model.ExecutionContracts.test_T20_observer_out_of_order_snapshot) ... ok

----------------------------------------------------------------------
Ran 1 test in 0.006s

OK
</system-out>
	</testcase>
	<testcase name="T06.execution.queued_cancel" classname="T06.execution.queued_cancel" time="0.361557" status="run">
		<properties>
			<property name="cmake_labels" value="D0.03"/>
		</properties>
		<system-out>test_T06_execution_queued_cancel (test_execution_model.ExecutionContracts.test_T06_execution_queued_cancel) ... ok

----------------------------------------------------------------------
Ran 1 test in 0.001s

OK
</system-out>
	</testcase>
	<testcase name="T12.execution.post_observation_error" classname="T12.execution.post_observation_error" time="0.363501" status="run">
		<properties>
			<property name="cmake_labels" value="D0.03"/>
		</properties>
		<system-out>test_T12_execution_post_observation_error (test_execution_model.ExecutionContracts.test_T12_execution_post_observation_error) ... ok

----------------------------------------------------------------------
Ran 1 test in 0.001s

OK
</system-out>
	</testcase>
	<testcase name="T12.execution.commit_ledger_repair" classname="T12.execution.commit_ledger_repair" time="0.373109" status="run">
		<properties>
			<property name="cmake_labels" value="D0.03"/>
		</properties>
		<system-out>test_T12_execution_commit_ledger_repair (test_execution_model.ExecutionContracts.test_T12_execution_commit_ledger_repair) ... ok

----------------------------------------------------------------------
Ran 1 test in 0.003s

OK
</system-out>
	</testcase>
	<testcase name="T06.execution.normal_phase_path" classname="T06.execution.normal_phase_path" time="0.373966" status="run">
		<properties>
			<property name="cmake_labels" value="D0.03"/>
		</properties>
		<system-out>test_T06_execution_normal_phase_path (test_execution_model.ExecutionContracts.test_T06_execution_normal_phase_path) ... ok

----------------------------------------------------------------------
Ran 1 test in 0.001s

OK
</system-out>
	</testcase>
	<testcase name="T12.outcome.failed_record_projection" classname="T12.outcome.failed_record_projection" time="0.419379" status="run">
		<properties>
			<property name="cmake_labels" value="D0.03"/>
		</properties>
		<system-out>test_T12_outcome_failed_record_projection (test_execution_model.ExecutionContracts.test_T12_outcome_failed_record_projection) ... ok

----------------------------------------------------------------------
Ran 1 test in 0.049s

OK
</system-out>
	</testcase>
	<testcase name="T06.execution.plan_child_actual_success" classname="T06.execution.plan_child_actual_success" time="0.404272" status="run">
		<properties>
			<property name="cmake_labels" value="D0.03"/>
		</properties>
		<system-out>test_T06_execution_plan_child_actual_success (test_execution_model.ExecutionContracts.test_T06_execution_plan_child_actual_success) ... ok

----------------------------------------------------------------------
Ran 1 test in 0.037s

OK
</system-out>
	</testcase>
	<testcase name="T12.outcome.resolution_final_consistency" classname="T12.outcome.resolution_final_consistency" time="0.397298" status="run">
		<properties>
			<property name="cmake_labels" value="D0.03"/>
		</properties>
		<system-out>test_T12_outcome_resolution_final_consistency (test_execution_model.ExecutionContracts.test_T12_outcome_resolution_final_consistency) ... ok

----------------------------------------------------------------------
Ran 1 test in 0.015s

OK
</system-out>
	</testcase>
	<testcase name="T06.execution.owner_acyclic" classname="T06.execution.owner_acyclic" time="0.38693" status="run">
		<properties>
			<property name="cmake_labels" value="D0.03"/>
		</properties>
		<system-out>test_T06_execution_owner_acyclic (test_execution_model.ExecutionContracts.test_T06_execution_owner_acyclic) ... ok

----------------------------------------------------------------------
Ran 1 test in 0.000s

OK
</system-out>
	</testcase>
	<testcase name="T06.execution.cancel_propagates_owned_children" classname="T06.execution.cancel_propagates_owned_children" time="0.36492" status="run">
		<properties>
			<property name="cmake_labels" value="D0.03"/>
		</properties>
		<system-out>test_T06_execution_cancel_propagates_owned_children (test_execution_model.ExecutionContracts.test_T06_execution_cancel_propagates_owned_children) ... ok

----------------------------------------------------------------------
Ran 1 test in 0.004s

OK
</system-out>
	</testcase>
	<testcase name="T12.execution.collected_outcome_frozen" classname="T12.execution.collected_outcome_frozen" time="0.365024" status="run">
		<properties>
			<property name="cmake_labels" value="D0.03"/>
		</properties>
		<system-out>test_T12_execution_collected_outcome_frozen (test_execution_model.ExecutionContracts.test_T12_execution_collected_outcome_frozen) ... ok

----------------------------------------------------------------------
Ran 1 test in 0.003s

OK
</system-out>
	</testcase>
	<testcase name="T19.schema.golden" classname="T19.schema.golden" time="0.80821" status="run">
		<properties>
			<property name="cmake_labels" value="D0.03"/>
		</properties>
		<system-out>test_T19_schema_golden (test_execution_model.ExecutionContracts.test_T19_schema_golden) ... ok

----------------------------------------------------------------------
Ran 1 test in 0.444s

OK
</system-out>
	</testcase>
	<testcase name="T19.schema.expected_manifest" classname="T19.schema.expected_manifest" time="0.362337" status="run">
		<properties>
			<property name="cmake_labels" value="D0.03"/>
		</properties>
		<system-out>test_T19_schema_expected_manifest (test_execution_model.ExecutionContracts.test_T19_schema_expected_manifest) ... ok

----------------------------------------------------------------------
Ran 1 test in 0.001s

OK
</system-out>
	</testcase>
	<testcase name="T01.dependencies.expected" classname="T01.dependencies.expected" time="0.0462538" status="run">
		<properties>
			<property name="cmake_labels" value="D0.06-a"/>
		</properties>
		<system-out>expected move-only/void/error/exception smoke
</system-out>
	</testcase>
	<testcase name="T01.dependencies.toolchain" classname="T01.dependencies.toolchain" time="0.0435886" status="run">
		<properties>
			<property name="cmake_labels" value="D0.06-a"/>
		</properties>
		<system-out>MSVC_FULL_VER=194435228 __cplusplus=202002 pointer_bits=64 CRT=/MD
</system-out>
	</testcase>
	<testcase name="T01.dependencies.lock_contracts" classname="T01.dependencies.lock_contracts" time="0.258993" status="run">
		<properties>
			<property name="cmake_labels" value="D0.06-a"/>
		</properties>
		<system-out>test_archive_symlink_refused (test_lock.LockContracts.test_archive_symlink_refused) ... ok
test_archive_traversal_refused (test_lock.LockContracts.test_archive_traversal_refused) ... ok
test_complete_default_table (test_lock.LockContracts.test_complete_default_table) ... ok
test_component_selection (test_lock.LockContracts.test_component_selection) ... ok
test_hash_mismatch_refused (test_lock.LockContracts.test_hash_mismatch_refused) ... ok
test_internal_document_link_materialized (test_lock.LockContracts.test_internal_document_link_materialized) ... ok
test_offline_missing_refused (test_lock.LockContracts.test_offline_missing_refused) ... ok
test_reject_floating_revision (test_lock.LockContracts.test_reject_floating_revision) ... ok
test_reject_incompatible_toolchain (test_lock.LockContracts.test_reject_incompatible_toolchain) ... ok
test_reject_missing_license (test_lock.LockContracts.test_reject_missing_license) ... ok
test_reject_sqlite_without_fix (test_lock.LockContracts.test_reject_sqlite_without_fix) ...
[This part of the test output was removed since it exceeds the threshold of 1024 bytes.]
</system-out>
	</testcase>
	<testcase name="T07.permit.cancel_claim_orders" classname="T07.permit.cancel_claim_orders" time="0.145761" status="run">
		<properties>
			<property name="cmake_labels" value="D0.05"/>
		</properties>
		<system-out>test_T07_permit_cancel_claim_orders (commit_model.test_commit_model.CommitContracts.test_T07_permit_cancel_claim_orders) ... ok

----------------------------------------------------------------------
Ran 1 test in 0.000s

OK
</system-out>
	</testcase>
	<testcase name="T07.permit.revoke_claim_orders" classname="T07.permit.revoke_claim_orders" time="0.146715" status="run">
		<properties>
			<property name="cmake_labels" value="D0.05"/>
		</properties>
		<system-out>test_T07_permit_revoke_claim_orders (commit_model.test_commit_model.CommitContracts.test_T07_permit_revoke_claim_orders) ... ok

----------------------------------------------------------------------
Ran 1 test in 0.000s

OK
</system-out>
	</testcase>
	<testcase name="T07.permit.binding_expiry_single_use" classname="T07.permit.binding_expiry_single_use" time="0.157874" status="run">
		<properties>
			<property name="cmake_labels" value="D0.05"/>
		</properties>
		<system-out>test_T07_permit_binding_expiry_single_use (commit_model.test_commit_model.CommitContracts.test_T07_permit_binding_expiry_single_use) ... ok

----------------------------------------------------------------------
Ran 1 test in 0.000s

OK
</system-out>
	</testcase>
	<testcase name="T07.permit.leases_do_not_authorize" classname="T07.permit.leases_do_not_authorize" time="0.158989" status="run">
		<properties>
			<property name="cmake_labels" value="D0.05"/>
		</properties>
		<system-out>test_T07_permit_leases_do_not_authorize (commit_model.test_commit_model.CommitContracts.test_T07_permit_leases_do_not_authorize) ... ok

----------------------------------------------------------------------
Ran 1 test in 0.000s

OK
</system-out>
	</testcase>
	<testcase name="T07.commit.capacity_reserved_before_claim" classname="T07.commit.capacity_reserved_before_claim" time="0.148195" status="run">
		<properties>
			<property name="cmake_labels" value="D0.05"/>
		</properties>
		<system-out>test_T07_commit_capacity_reserved_before_claim (commit_model.test_commit_model.CommitContracts.test_T07_commit_capacity_reserved_before_claim) ... ok

----------------------------------------------------------------------
Ran 1 test in 0.000s

OK
</system-out>
	</testcase>
	<testcase name="T07.commit.lifecycle_revision_orders" classname="T07.commit.lifecycle_revision_orders" time="0.144942" status="run">
		<properties>
			<property name="cmake_labels" value="D0.05"/>
		</properties>
		<system-out>test_T07_commit_lifecycle_revision_orders (commit_model.test_commit_model.CommitContracts.test_T07_commit_lifecycle_revision_orders) ... ok

----------------------------------------------------------------------
Ran 1 test in 0.000s

OK
</system-out>
	</testcase>
	<testcase name="T14.commit.reservation_serializes_and_rejects_stale_base" classname="T14.commit.reservation_serializes_and_rejects_stale_base" time="0.150448" status="run">
		<properties>
			<property name="cmake_labels" value="D0.05"/>
		</properties>
		<system-out>test_T14_commit_reservation_serializes_and_rejects_stale_base (commit_model.test_commit_model.CommitContracts.test_T14_commit_reservation_serializes_and_rejects_stale_base) ... ok

----------------------------------------------------------------------
Ran 1 test in 0.000s

OK
</system-out>
	</testcase>
	<testcase name="T14.commit.wait_and_lock_order" classname="T14.commit.wait_and_lock_order" time="0.15771" status="run">
		<properties>
			<property name="cmake_labels" value="D0.05"/>
		</properties>
		<system-out>test_T14_commit_wait_and_lock_order (commit_model.test_commit_model.CommitContracts.test_T14_commit_wait_and_lock_order) ... ok

----------------------------------------------------------------------
Ran 1 test in 0.000s

OK
</system-out>
	</testcase>
	<testcase name="T14.commit.all_transaction_crash_windows" classname="T14.commit.all_transaction_crash_windows" time="0.167125" status="run">
		<properties>
			<property name="cmake_labels" value="D0.05"/>
		</properties>
		<system-out>test_T14_commit_all_transaction_crash_windows (commit_model.test_commit_model.CommitContracts.test_T14_commit_all_transaction_crash_windows) ... ok

----------------------------------------------------------------------
Ran 1 test in 0.001s

OK
</system-out>
	</testcase>
	<testcase name="T14.commit.permit_and_durable_are_not_published" classname="T14.commit.permit_and_durable_are_not_published" time="0.15131" status="run">
		<properties>
			<property name="cmake_labels" value="D0.05"/>
		</properties>
		<system-out>test_T14_commit_permit_and_durable_are_not_published (commit_model.test_commit_model.CommitContracts.test_T14_commit_permit_and_durable_are_not_published) ... ok

----------------------------------------------------------------------
Ran 1 test in 0.000s

OK
</system-out>
	</testcase>
	<testcase name="T14.commit.publication_is_one_owned_record" classname="T14.commit.publication_is_one_owned_record" time="0.162192" status="run">
		<properties>
			<property name="cmake_labels" value="D0.05"/>
		</properties>
		<system-out>test_T14_commit_publication_is_one_owned_record (commit_model.test_commit_model.CommitContracts.test_T14_commit_publication_is_one_owned_record) ... ok

----------------------------------------------------------------------
Ran 1 test in 0.000s

OK
</system-out>
	</testcase>
	<testcase name="T14.commit.duplicate_and_late_callback" classname="T14.commit.duplicate_and_late_callback" time="0.15054" status="run">
		<properties>
			<property name="cmake_labels" value="D0.05"/>
		</properties>
		<system-out>test_T14_commit_duplicate_and_late_callback (commit_model.test_commit_model.CommitContracts.test_T14_commit_duplicate_and_late_callback) ... ok

----------------------------------------------------------------------
Ran 1 test in 0.000s

OK
</system-out>
	</testcase>
	<testcase name="T16.commit.unknown_result_reconciles_actual_storage" classname="T16.commit.unknown_result_reconciles_actual_storage" time="0.147878" status="run">
		<properties>
			<property name="cmake_labels" value="D0.05"/>
		</properties>
		<system-out>test_T16_commit_unknown_result_reconciles_actual_storage (commit_model.test_commit_model.CommitContracts.test_T16_commit_unknown_result_reconciles_actual_storage) ... ok

----------------------------------------------------------------------
Ran 1 test in 0.000s

OK
</system-out>
	</testcase>
	<testcase name="T16.commit.publish_failure_preserves_ledger" classname="T16.commit.publish_failure_preserves_ledger" time="0.139512" status="run">
		<properties>
			<property name="cmake_labels" value="D0.05"/>
		</properties>
		<system-out>test_T16_commit_publish_failure_preserves_ledger (commit_model.test_commit_model.CommitContracts.test_T16_commit_publish_failure_preserves_ledger) ... ok

----------------------------------------------------------------------
Ran 1 test in 0.000s

OK
</system-out>
	</testcase>
	<testcase name="T16.commit.recovery_validates_before_opening" classname="T16.commit.recovery_validates_before_opening" time="0.151693" status="run">
		<properties>
			<property name="cmake_labels" value="D0.05"/>
		</properties>
		<system-out>test_T16_commit_recovery_validates_before_opening (commit_model.test_commit_model.CommitContracts.test_T16_commit_recovery_validates_before_opening) ... ok

----------------------------------------------------------------------
Ran 1 test in 0.001s

OK
</system-out>
	</testcase>
	<testcase name="T07.commit.memory_commit_and_empty_delta" classname="T07.commit.memory_commit_and_empty_delta" time="0.153022" status="run">
		<properties>
			<property name="cmake_labels" value="D0.05"/>
		</properties>
		<system-out>test_T07_commit_memory_commit_and_empty_delta (commit_model.test_commit_model.CommitContracts.test_T07_commit_memory_commit_and_empty_delta) ... ok

----------------------------------------------------------------------
Ran 1 test in 0.000s

OK
</system-out>
	</testcase>
	<testcase name="T07.commit.materials_prepared_before_consumption" classname="T07.commit.materials_prepared_before_consumption" time="0.152673" status="run">
		<properties>
			<property name="cmake_labels" value="D0.05"/>
		</properties>
		<system-out>test_T07_commit_materials_prepared_before_consumption (commit_model.test_commit_model.CommitContracts.test_T07_commit_materials_prepared_before_consumption) ... ok

----------------------------------------------------------------------
Ran 1 test in 0.000s

OK
</system-out>
	</testcase>
	<testcase name="T16.effect.claim_permit_send_are_separate" classname="T16.effect.claim_permit_send_are_separate" time="0.145101" status="run">
		<properties>
			<property name="cmake_labels" value="D0.05"/>
		</properties>
		<system-out>test_T16_effect_claim_permit_send_are_separate (commit_model.test_commit_model.CommitContracts.test_T16_effect_claim_permit_send_are_separate) ... ok

----------------------------------------------------------------------
Ran 1 test in 0.000s

OK
</system-out>
	</testcase>
	<testcase name="T07.effect.cancel_revoke_send_orders" classname="T07.effect.cancel_revoke_send_orders" time="0.139182" status="run">
		<properties>
			<property name="cmake_labels" value="D0.05"/>
		</properties>
		<system-out>test_T07_effect_cancel_revoke_send_orders (commit_model.test_commit_model.CommitContracts.test_T07_effect_cancel_revoke_send_orders) ... ok

----------------------------------------------------------------------
Ran 1 test in 0.000s

OK
</system-out>
	</testcase>
	<testcase name="T16.effect.crash_windows_never_blind_resend" classname="T16.effect.crash_windows_never_blind_resend" time="0.143601" status="run">
		<properties>
			<property name="cmake_labels" value="D0.05"/>
		</properties>
		<system-out>test_T16_effect_crash_windows_never_blind_resend (commit_model.test_commit_model.CommitContracts.test_T16_effect_crash_windows_never_blind_resend) ... ok

----------------------------------------------------------------------
Ran 1 test in 0.000s

OK
</system-out>
	</testcase>
	<testcase name="T16.effect.reconcile_and_partial_facts" classname="T16.effect.reconcile_and_partial_facts" time="0.156596" status="run">
		<properties>
			<property name="cmake_labels" value="D0.05"/>
		</properties>
		<system-out>test_T16_effect_reconcile_and_partial_facts (commit_model.test_commit_model.CommitContracts.test_T16_effect_reconcile_and_partial_facts) ... ok

----------------------------------------------------------------------
Ran 1 test in 0.000s

OK
</system-out>
	</testcase>
	<testcase name="T16.effect.missing_evidence_stays_unknown" classname="T16.effect.missing_evidence_stays_unknown" time="0.145625" status="run">
		<properties>
			<property name="cmake_labels" value="D0.05"/>
		</properties>
		<system-out>test_T16_effect_missing_evidence_stays_unknown (commit_model.test_commit_model.CommitContracts.test_T16_effect_missing_evidence_stays_unknown) ... ok

----------------------------------------------------------------------
Ran 1 test in 0.000s

OK
</system-out>
	</testcase>
	<testcase name="T16.effect.result_encoding_does_not_erase_effect" classname="T16.effect.result_encoding_does_not_erase_effect" time="0.14587" status="run">
		<properties>
			<property name="cmake_labels" value="D0.05"/>
		</properties>
		<system-out>test_T16_effect_result_encoding_does_not_erase_effect (commit_model.test_commit_model.CommitContracts.test_T16_effect_result_encoding_does_not_erase_effect) ... ok

----------------------------------------------------------------------
Ran 1 test in 0.000s

OK
</system-out>
	</testcase>
	<testcase name="T14.commit.materials_frozen_after_claim" classname="T14.commit.materials_frozen_after_claim" time="0.147142" status="run">
		<properties>
			<property name="cmake_labels" value="D0.05"/>
		</properties>
		<system-out>test_T14_commit_materials_frozen_after_claim (commit_model.test_commit_model.CommitContracts.test_T14_commit_materials_frozen_after_claim) ... ok

----------------------------------------------------------------------
Ran 1 test in 0.000s

OK
</system-out>
	</testcase>
	<testcase name="T16.effect.outcome_evidence_shape_matches_contract" classname="T16.effect.outcome_evidence_shape_matches_contract" time="0.139915" status="run">
		<properties>
			<property name="cmake_labels" value="D0.05"/>
		</properties>
		<system-out>test_T16_effect_outcome_evidence_shape_matches_contract (commit_model.test_commit_model.CommitContracts.test_T16_effect_outcome_evidence_shape_matches_contract) ... ok

----------------------------------------------------------------------
Ran 1 test in 0.000s

OK
</system-out>
	</testcase>
	<testcase name="T16.effect.before_claim_crash_allows_same_identity_retry" classname="T16.effect.before_claim_crash_allows_same_identity_retry" time="0.150806" status="run">
		<properties>
			<property name="cmake_labels" value="D0.05"/>
		</properties>
		<system-out>test_T16_effect_before_claim_crash_allows_same_identity_retry (commit_model.test_commit_model.CommitContracts.test_T16_effect_before_claim_crash_allows_same_identity_retry) ... ok

----------------------------------------------------------------------
Ran 1 test in 0.000s

OK
</system-out>
	</testcase>
	<testcase name="T07.effect.cancel_before_permit_records_no_apply" classname="T07.effect.cancel_before_permit_records_no_apply" time="0.15442" status="run">
		<properties>
			<property name="cmake_labels" value="D0.05"/>
		</properties>
		<system-out>test_T07_effect_cancel_before_permit_records_no_apply (commit_model.test_commit_model.CommitContracts.test_T07_effect_cancel_before_permit_records_no_apply) ... ok

----------------------------------------------------------------------
Ran 1 test in 0.000s

OK
</system-out>
	</testcase>
	<testcase name="T14.commit.intent_and_state_share_transaction" classname="T14.commit.intent_and_state_share_transaction" time="0.153198" status="run">
		<properties>
			<property name="cmake_labels" value="D0.05"/>
		</properties>
		<system-out>test_T14_commit_intent_and_state_share_transaction (commit_model.test_commit_model.CommitContracts.test_T14_commit_intent_and_state_share_transaction) ... ok

----------------------------------------------------------------------
Ran 1 test in 0.001s

OK
</system-out>
	</testcase>
	<testcase name="T16.commit.memory_recovery_rejected_before_mutation" classname="T16.commit.memory_recovery_rejected_before_mutation" time="0.149187" status="run">
		<properties>
			<property name="cmake_labels" value="D0.05"/>
		</properties>
		<system-out>test_T16_commit_memory_recovery_rejected_before_mutation (commit_model.test_commit_model.CommitContracts.test_T16_commit_memory_recovery_rejected_before_mutation) ... ok

----------------------------------------------------------------------
Ran 1 test in 0.000s

OK
</system-out>
	</testcase>
	<testcase name="T14.commit.candidate_chain_validated_before_claim" classname="T14.commit.candidate_chain_validated_before_claim" time="0.152469" status="run">
		<properties>
			<property name="cmake_labels" value="D0.05"/>
		</properties>
		<system-out>test_T14_commit_candidate_chain_validated_before_claim (commit_model.test_commit_model.CommitContracts.test_T14_commit_candidate_chain_validated_before_claim) ... ok

----------------------------------------------------------------------
Ran 1 test in 0.001s

OK
</system-out>
	</testcase>
	<testcase name="T14.commit.published_outcome_uses_frozen_material" classname="T14.commit.published_outcome_uses_frozen_material" time="0.152539" status="run">
		<properties>
			<property name="cmake_labels" value="D0.05"/>
		</properties>
		<system-out>test_T14_commit_published_outcome_uses_frozen_material (commit_model.test_commit_model.CommitContracts.test_T14_commit_published_outcome_uses_frozen_material) ... ok

----------------------------------------------------------------------
Ran 1 test in 0.000s

OK
</system-out>
	</testcase>
	<testcase name="T07.effect.claim_material_binding_is_frozen" classname="T07.effect.claim_material_binding_is_frozen" time="0.149284" status="run">
		<properties>
			<property name="cmake_labels" value="D0.05"/>
		</properties>
		<system-out>test_T07_effect_claim_material_binding_is_frozen (commit_model.test_commit_model.CommitContracts.test_T07_effect_claim_material_binding_is_frozen) ... ok

----------------------------------------------------------------------
Ran 1 test in 0.000s

OK
</system-out>
	</testcase>
	<testcase name="T16.effect.sent_facts_use_frozen_identity" classname="T16.effect.sent_facts_use_frozen_identity" time="0.156528" status="run">
		<properties>
			<property name="cmake_labels" value="D0.05"/>
		</properties>
		<system-out>test_T16_effect_sent_facts_use_frozen_identity (commit_model.test_commit_model.CommitContracts.test_T16_effect_sent_facts_use_frozen_identity) ... ok

----------------------------------------------------------------------
Ran 1 test in 0.000s

OK
</system-out>
	</testcase>
	<testcase name="T16.effect.send_attempt_is_once_before_external_call" classname="T16.effect.send_attempt_is_once_before_external_call" time="0.151841" status="run">
		<properties>
			<property name="cmake_labels" value="D0.05"/>
		</properties>
		<system-out>test_T16_effect_send_attempt_is_once_before_external_call (commit_model.test_commit_model.CommitContracts.test_T16_effect_send_attempt_is_once_before_external_call) ... ok

----------------------------------------------------------------------
Ran 1 test in 0.001s

OK
</system-out>
	</testcase>
	<testcase name="T15.intent.same_key_returns_existing_identity" classname="T15.intent.same_key_returns_existing_identity" time="0.16494" status="run">
		<properties>
			<property name="cmake_labels" value="D0.05"/>
		</properties>
		<system-out>test_T15_intent_same_key_returns_existing_identity (dedup_model.test_dedup_model.DedupContracts.test_T15_intent_same_key_returns_existing_identity) ... ok

----------------------------------------------------------------------
Ran 1 test in 0.001s

OK
</system-out>
	</testcase>
	<testcase name="T15.intent.fingerprint_covers_all_semantic_fields" classname="T15.intent.fingerprint_covers_all_semantic_fields" time="0.178371" status="run">
		<properties>
			<property name="cmake_labels" value="D0.05"/>
		</properties>
		<system-out>test_T15_intent_fingerprint_covers_all_semantic_fields (dedup_model.test_dedup_model.DedupContracts.test_T15_intent_fingerprint_covers_all_semantic_fields) ... ok

----------------------------------------------------------------------
Ran 1 test in 0.001s

OK
</system-out>
	</testcase>
	<testcase name="T15.intent.stable_principal_scope_and_permissions" classname="T15.intent.stable_principal_scope_and_permissions" time="0.159191" status="run">
		<properties>
			<property name="cmake_labels" value="D0.05"/>
		</properties>
		<system-out>test_T15_intent_stable_principal_scope_and_permissions (dedup_model.test_dedup_model.DedupContracts.test_T15_intent_stable_principal_scope_and_permissions) ... ok

----------------------------------------------------------------------
Ran 1 test in 0.001s

OK
</system-out>
	</testcase>
	<testcase name="T15.intent.server_scope_and_namespace_reject_forgery" classname="T15.intent.server_scope_and_namespace_reject_forgery" time="0.16188" status="run">
		<properties>
			<property name="cmake_labels" value="D0.05"/>
		</properties>
		<system-out>test_T15_intent_server_scope_and_namespace_reject_forgery (dedup_model.test_dedup_model.DedupContracts.test_T15_intent_server_scope_and_namespace_reject_forgery) ... ok

----------------------------------------------------------------------
Ran 1 test in 0.000s

OK
</system-out>
	</testcase>
	<testcase name="T15.intent.future_expired_and_existing_before_floor" classname="T15.intent.future_expired_and_existing_before_floor" time="0.183576" status="run">
		<properties>
			<property name="cmake_labels" value="D0.05"/>
		</properties>
		<system-out>test_T15_intent_future_expired_and_existing_before_floor (dedup_model.test_dedup_model.DedupContracts.test_T15_intent_future_expired_and_existing_before_floor) ... ok

----------------------------------------------------------------------
Ran 1 test in 0.001s

OK
</system-out>
	</testcase>
	<testcase name="T14.intent.acceptance_transaction_crash_windows" classname="T14.intent.acceptance_transaction_crash_windows" time="0.156166" status="run">
		<properties>
			<property name="cmake_labels" value="D0.05"/>
		</properties>
		<system-out>test_T14_intent_acceptance_transaction_crash_windows (dedup_model.test_dedup_model.DedupContracts.test_T14_intent_acceptance_transaction_crash_windows) ... ok

----------------------------------------------------------------------
Ran 1 test in 0.002s

OK
</system-out>
	</testcase>
	<testcase name="T15.intent.claim_gc_both_orders" classname="T15.intent.claim_gc_both_orders" time="0.159499" status="run">
		<properties>
			<property name="cmake_labels" value="D0.05"/>
		</properties>
		<system-out>test_T15_intent_claim_gc_both_orders (dedup_model.test_dedup_model.DedupContracts.test_T15_intent_claim_gc_both_orders) ... ok

----------------------------------------------------------------------
Ran 1 test in 0.001s

OK
</system-out>
	</testcase>
	<testcase name="T15.intent.writer_transaction_prevents_interleaving" classname="T15.intent.writer_transaction_prevents_interleaving" time="0.157791" status="run">
		<properties>
			<property name="cmake_labels" value="D0.05"/>
		</properties>
		<system-out>test_T15_intent_writer_transaction_prevents_interleaving (dedup_model.test_dedup_model.DedupContracts.test_T15_intent_writer_transaction_prevents_interleaving) ... ok

----------------------------------------------------------------------
Ran 1 test in 0.000s

OK
</system-out>
	</testcase>
	<testcase name="T15.gc.watermark_and_delete_crash_windows" classname="T15.gc.watermark_and_delete_crash_windows" time="0.1614" status="run">
		<properties>
			<property name="cmake_labels" value="D0.05"/>
		</properties>
		<system-out>test_T15_gc_watermark_and_delete_crash_windows (dedup_model.test_dedup_model.DedupContracts.test_T15_gc_watermark_and_delete_crash_windows) ... ok

----------------------------------------------------------------------
Ran 1 test in 0.002s

OK
</system-out>
	</testcase>
	<testcase name="T15.gc.delete_before_watermark_is_detected" classname="T15.gc.delete_before_watermark_is_detected" time="0.162959" status="run">
		<properties>
			<property name="cmake_labels" value="D0.05"/>
		</properties>
		<system-out>test_T15_gc_delete_before_watermark_is_detected (dedup_model.test_dedup_model.DedupContracts.test_T15_gc_delete_before_watermark_is_detected) ... ok

----------------------------------------------------------------------
Ran 1 test in 0.001s

OK
</system-out>
	</testcase>
	<testcase name="T15.gc.pins_inflight_unknown_and_references" classname="T15.gc.pins_inflight_unknown_and_references" time="0.163378" status="run">
		<properties>
			<property name="cmake_labels" value="D0.05"/>
		</properties>
		<system-out>test_T15_gc_pins_inflight_unknown_and_references (dedup_model.test_dedup_model.DedupContracts.test_T15_gc_pins_inflight_unknown_and_references) ... ok

----------------------------------------------------------------------
Ran 1 test in 0.004s

OK
</system-out>
	</testcase>
	<testcase name="T15.gc.scope_watermarks_are_independent_monotonic" classname="T15.gc.scope_watermarks_are_independent_monotonic" time="0.157437" status="run">
		<properties>
			<property name="cmake_labels" value="D0.05"/>
		</properties>
		<system-out>test_T15_gc_scope_watermarks_are_independent_monotonic (dedup_model.test_dedup_model.DedupContracts.test_T15_gc_scope_watermarks_are_independent_monotonic) ... ok

----------------------------------------------------------------------
Ran 1 test in 0.001s

OK
</system-out>
	</testcase>
	<testcase name="T15.intent.volatile_capacity_preserves_window" classname="T15.intent.volatile_capacity_preserves_window" time="0.15856" status="run">
		<properties>
			<property name="cmake_labels" value="D0.05"/>
		</properties>
		<system-out>test_T15_intent_volatile_capacity_preserves_window (dedup_model.test_dedup_model.DedupContracts.test_T15_intent_volatile_capacity_preserves_window) ... ok

----------------------------------------------------------------------
Ran 1 test in 0.001s

OK
</system-out>
	</testcase>
	<testcase name="T15.intent.client_retry_never_changes_identity" classname="T15.intent.client_retry_never_changes_identity" time="0.153656" status="run">
		<properties>
			<property name="cmake_labels" value="D0.05"/>
		</properties>
		<system-out>test_T15_intent_client_retry_never_changes_identity (dedup_model.test_dedup_model.DedupContracts.test_T15_intent_client_retry_never_changes_identity) ... ok

----------------------------------------------------------------------
Ran 1 test in 0.000s

OK
</system-out>
	</testcase>
	<testcase name="T15.step.internal_key_and_parameter_binding" classname="T15.step.internal_key_and_parameter_binding" time="0.172025" status="run">
		<properties>
			<property name="cmake_labels" value="D0.05"/>
		</properties>
		<system-out>test_T15_step_internal_key_and_parameter_binding (dedup_model.test_dedup_model.DedupContracts.test_T15_step_internal_key_and_parameter_binding) ... ok

----------------------------------------------------------------------
Ran 1 test in 0.001s

OK
</system-out>
	</testcase>
	<testcase name="T15.step.branch_iteration_and_occurrence_are_identity" classname="T15.step.branch_iteration_and_occurrence_are_identity" time="0.157441" status="run">
		<properties>
			<property name="cmake_labels" value="D0.05"/>
		</properties>
		<system-out>test_T15_step_branch_iteration_and_occurrence_are_identity (dedup_model.test_dedup_model.DedupContracts.test_T15_step_branch_iteration_and_occurrence_are_identity) ... ok

----------------------------------------------------------------------
Ran 1 test in 0.001s

OK
</system-out>
	</testcase>
	<testcase name="T15.step.admission_lifetime_definition_and_authorization" classname="T15.step.admission_lifetime_definition_and_authorization" time="0.155935" status="run">
		<properties>
			<property name="cmake_labels" value="D0.05"/>
		</properties>
		<system-out>test_T15_step_admission_lifetime_definition_and_authorization (dedup_model.test_dedup_model.DedupContracts.test_T15_step_admission_lifetime_definition_and_authorization) ... ok

----------------------------------------------------------------------
Ran 1 test in 0.000s

OK
</system-out>
	</testcase>
	<testcase name="T15.step.external_interface_has_no_epoch_bypass" classname="T15.step.external_interface_has_no_epoch_bypass" time="0.15571" status="run">
		<properties>
			<property name="cmake_labels" value="D0.05"/>
		</properties>
		<system-out>test_T15_step_external_interface_has_no_epoch_bypass (dedup_model.test_dedup_model.DedupContracts.test_T15_step_external_interface_has_no_epoch_bypass) ... ok

----------------------------------------------------------------------
Ran 1 test in 0.000s

OK
</system-out>
	</testcase>
	<testcase name="T18.restore.restart_preserves_store_and_generation" classname="T18.restore.restart_preserves_store_and_generation" time="0.157819" status="run">
		<properties>
			<property name="cmake_labels" value="D0.05"/>
		</properties>
		<system-out>test_T18_restore_restart_preserves_store_and_generation (dedup_model.test_dedup_model.DedupContracts.test_T18_restore_restart_preserves_store_and_generation) ... ok

----------------------------------------------------------------------
Ran 1 test in 0.001s

OK
</system-out>
	</testcase>
	<testcase name="T18.restore.old_backup_changes_generation_and_seals_effects" classname="T18.restore.old_backup_changes_generation_and_seals_effects" time="0.163103" status="run">
		<properties>
			<property name="cmake_labels" value="D0.05"/>
		</properties>
		<system-out>test_T18_restore_old_backup_changes_generation_and_seals_effects (dedup_model.test_dedup_model.DedupContracts.test_T18_restore_old_backup_changes_generation_and_seals_effects) ... ok

----------------------------------------------------------------------
Ran 1 test in 0.003s

OK
</system-out>
	</testcase>
	<testcase name="T18.restore.reconciliation_does_not_replay_history" classname="T18.restore.reconciliation_does_not_replay_history" time="0.163485" status="run">
		<properties>
			<property name="cmake_labels" value="D0.05"/>
		</properties>
		<system-out>test_T18_restore_reconciliation_does_not_replay_history (dedup_model.test_dedup_model.DedupContracts.test_T18_restore_reconciliation_does_not_replay_history) ... ok

----------------------------------------------------------------------
Ran 1 test in 0.001s

OK
</system-out>
	</testcase>
	<testcase name="T18.backup.manifest_pins_and_validation" classname="T18.backup.manifest_pins_and_validation" time="0.165592" status="run">
		<properties>
			<property name="cmake_labels" value="D0.05"/>
		</properties>
		<system-out>test_T18_backup_manifest_pins_and_validation (dedup_model.test_dedup_model.DedupContracts.test_T18_backup_manifest_pins_and_validation) ... ok

----------------------------------------------------------------------
Ran 1 test in 0.000s

OK
</system-out>
	</testcase>
	<testcase name="T18.restore.invalidates_child_admission" classname="T18.restore.invalidates_child_admission" time="0.157728" status="run">
		<properties>
			<property name="cmake_labels" value="D0.05"/>
		</properties>
		<system-out>test_T18_restore_invalidates_child_admission (dedup_model.test_dedup_model.DedupContracts.test_T18_restore_invalidates_child_admission) ... ok

----------------------------------------------------------------------
Ran 1 test in 0.001s

OK
</system-out>
	</testcase>
	<testcase name="T15.intent.expected_manifest_matches_fixed_cases" classname="T15.intent.expected_manifest_matches_fixed_cases" time="0.178185" status="run">
		<properties>
			<property name="cmake_labels" value="D0.05"/>
		</properties>
		<system-out>test_T15_intent_expected_manifest_matches_fixed_cases (dedup_model.test_dedup_model.DedupContracts.test_T15_intent_expected_manifest_matches_fixed_cases) ... ok

----------------------------------------------------------------------
Ran 1 test in 0.015s

OK
</system-out>
	</testcase>
	<testcase name="T18.restore.structure_checked_before_generation_change" classname="T18.restore.structure_checked_before_generation_change" time="0.163725" status="run">
		<properties>
			<property name="cmake_labels" value="D0.05"/>
		</properties>
		<system-out>test_T18_restore_structure_checked_before_generation_change (dedup_model.test_dedup_model.DedupContracts.test_T18_restore_structure_checked_before_generation_change) ... ok

----------------------------------------------------------------------
Ran 1 test in 0.002s

OK
</system-out>
	</testcase>
	<testcase name="T18.restore.new_effect_requires_reconciliation_and_new_intent" classname="T18.restore.new_effect_requires_reconciliation_and_new_intent" time="0.227542" status="run">
		<properties>
			<property name="cmake_labels" value="D0.05"/>
		</properties>
		<system-out>test_T18_restore_new_effect_requires_reconciliation_and_new_intent (dedup_model.test_dedup_model.DedupContracts.test_T18_restore_new_effect_requires_reconciliation_and_new_intent) ... ok

----------------------------------------------------------------------
Ran 1 test in 0.001s

OK
</system-out>
	</testcase>
	<testcase name="T15.intent.request_symbol_values_are_owned" classname="T15.intent.request_symbol_values_are_owned" time="0.204798" status="run">
		<properties>
			<property name="cmake_labels" value="D0.05"/>
		</properties>
		<system-out>test_T15_intent_request_symbol_values_are_owned (dedup_model.test_dedup_model.DedupContracts.test_T15_intent_request_symbol_values_are_owned) ... ok

----------------------------------------------------------------------
Ran 1 test in 0.002s

OK
</system-out>
	</testcase>
	<testcase name="T15.intent.fingerprint_preserves_scalar_types" classname="T15.intent.fingerprint_preserves_scalar_types" time="0.192536" status="run">
		<properties>
			<property name="cmake_labels" value="D0.05"/>
		</properties>
		<system-out>test_T15_intent_fingerprint_preserves_scalar_types (dedup_model.test_dedup_model.DedupContracts.test_T15_intent_fingerprint_preserves_scalar_types) ... ok

----------------------------------------------------------------------
Ran 1 test in 0.001s

OK
</system-out>
	</testcase>
	<testcase name="T18.restore.unknown_effect_cannot_reenter_claimed" classname="T18.restore.unknown_effect_cannot_reenter_claimed" time="0.200747" status="run">
		<properties>
			<property name="cmake_labels" value="D0.05"/>
		</properties>
		<system-out>test_T18_restore_unknown_effect_cannot_reenter_claimed (dedup_model.test_dedup_model.DedupContracts.test_T18_restore_unknown_effect_cannot_reenter_claimed) ... ok

----------------------------------------------------------------------
Ran 1 test in 0.002s

OK
</system-out>
	</testcase>
	<testcase name="T19.conformance.common_contract" classname="T19.conformance.common_contract" time="0.172567" status="run">
		<properties>
			<property name="cmake_labels" value="D0.06"/>
		</properties>
		<system-out>test_T19_conformance_common_contract (test_bootstrap.ConformanceBootstrapTests.test_T19_conformance_common_contract) ... ok

----------------------------------------------------------------------
Ran 1 test in 0.000s

OK
</system-out>
	</testcase>
	<testcase name="T19.conformance.fault_not_qualified" classname="T19.conformance.fault_not_qualified" time="0.170514" status="run">
		<properties>
			<property name="cmake_labels" value="D0.06"/>
		</properties>
		<system-out>test_T19_conformance_fault_not_qualified (test_bootstrap.ConformanceBootstrapTests.test_T19_conformance_fault_not_qualified) ... ok

----------------------------------------------------------------------
Ran 1 test in 0.001s

OK
</system-out>
	</testcase>
	<testcase name="T19.conformance.optional_not_passed" classname="T19.conformance.optional_not_passed" time="0.171992" status="run">
		<properties>
			<property name="cmake_labels" value="D0.06"/>
		</properties>
		<system-out>test_T19_conformance_optional_not_passed (test_bootstrap.ConformanceBootstrapTests.test_T19_conformance_optional_not_passed) ... ok

----------------------------------------------------------------------
Ran 1 test in 0.001s

OK
</system-out>
	</testcase>
	<testcase name="T19.conformance.profile_requires_capability" classname="T19.conformance.profile_requires_capability" time="0.166521" status="run">
		<properties>
			<property name="cmake_labels" value="D0.06"/>
		</properties>
		<system-out>test_T19_conformance_profile_requires_capability (test_bootstrap.ConformanceBootstrapTests.test_T19_conformance_profile_requires_capability) ... ok

----------------------------------------------------------------------
Ran 1 test in 0.000s

OK
</system-out>
	</testcase>
	<testcase name="T19.conformance.common_cannot_be_waived" classname="T19.conformance.common_cannot_be_waived" time="0.164953" status="run">
		<properties>
			<property name="cmake_labels" value="D0.06"/>
		</properties>
		<system-out>test_T19_conformance_common_cannot_be_waived (test_bootstrap.ConformanceBootstrapTests.test_T19_conformance_common_cannot_be_waived) ... ok

----------------------------------------------------------------------
Ran 1 test in 0.000s

OK
</system-out>
	</testcase>
	<testcase name="T19.conformance.missing_required_capability" classname="T19.conformance.missing_required_capability" time="0.160821" status="run">
		<properties>
			<property name="cmake_labels" value="D0.06"/>
		</properties>
		<system-out>test_T19_conformance_missing_required_capability (test_bootstrap.ConformanceBootstrapTests.test_T19_conformance_missing_required_capability) ... ok

----------------------------------------------------------------------
Ran 1 test in 0.001s

OK
</system-out>
	</testcase>
	<testcase name="T19.conformance.false_capability" classname="T19.conformance.false_capability" time="0.16576" status="run">
		<properties>
			<property name="cmake_labels" value="D0.06"/>
		</properties>
		<system-out>test_T19_conformance_false_capability (test_bootstrap.ConformanceBootstrapTests.test_T19_conformance_false_capability) ... ok

----------------------------------------------------------------------
Ran 1 test in 0.001s

OK
</system-out>
	</testcase>
	<testcase name="T19.conformance.wrong_contract_version" classname="T19.conformance.wrong_contract_version" time="0.158441" status="run">
		<properties>
			<property name="cmake_labels" value="D0.06"/>
		</properties>
		<system-out>test_T19_conformance_wrong_contract_version (test_bootstrap.ConformanceBootstrapTests.test_T19_conformance_wrong_contract_version) ... ok

----------------------------------------------------------------------
Ran 1 test in 0.000s

OK
</system-out>
	</testcase>
	<testcase name="T19.conformance.wrong_implementation_digest" classname="T19.conformance.wrong_implementation_digest" time="0.17" status="run">
		<properties>
			<property name="cmake_labels" value="D0.06"/>
		</properties>
		<system-out>test_T19_conformance_wrong_implementation_digest (test_bootstrap.ConformanceBootstrapTests.test_T19_conformance_wrong_implementation_digest) ... ok

----------------------------------------------------------------------
Ran 1 test in 0.001s

OK
</system-out>
	</testcase>
	<testcase name="T19.conformance.factory_identity" classname="T19.conformance.factory_identity" time="0.159828" status="run">
		<properties>
			<property name="cmake_labels" value="D0.06"/>
		</properties>
		<system-out>test_T19_conformance_factory_identity (test_bootstrap.ConformanceBootstrapTests.test_T19_conformance_factory_identity) ... ok

----------------------------------------------------------------------
Ran 1 test in 0.001s

OK
</system-out>
	</testcase>
	<testcase name="T19.conformance.backend_exception" classname="T19.conformance.backend_exception" time="0.152751" status="run">
		<properties>
			<property name="cmake_labels" value="D0.06"/>
		</properties>
		<system-out>test_T19_conformance_backend_exception (test_bootstrap.ConformanceBootstrapTests.test_T19_conformance_backend_exception) ... ok

----------------------------------------------------------------------
Ran 1 test in 0.001s

OK
</system-out>
	</testcase>
	<testcase name="T19.conformance.nested_worker_rejection" classname="T19.conformance.nested_worker_rejection" time="0.154127" status="run">
		<properties>
			<property name="cmake_labels" value="D0.06"/>
		</properties>
		<system-out>test_T19_conformance_nested_worker_rejection (test_bootstrap.ConformanceBootstrapTests.test_T19_conformance_nested_worker_rejection) ... ok

----------------------------------------------------------------------
Ran 1 test in 0.000s

OK
</system-out>
	</testcase>
	<testcase name="T19.conformance.fault_flag_not_qualification" classname="T19.conformance.fault_flag_not_qualification" time="0.171023" status="run">
		<properties>
			<property name="cmake_labels" value="D0.06"/>
		</properties>
		<system-out>test_T19_conformance_fault_flag_not_qualification (test_bootstrap.ConformanceBootstrapTests.test_T19_conformance_fault_flag_not_qualification) ... ok

----------------------------------------------------------------------
Ran 1 test in 0.001s

OK
</system-out>
	</testcase>
	<testcase name="T24.foundation.public_headers" classname="T24.foundation.public_headers" time="24.82" status="run">
		<properties>
			<property name="cmake_labels" value="D1.01"/>
		</properties>
		<system-out>{"case": "public_headers", "status": "Passed", "work": "E:\\VS2019Qt5.15\\3D\\build\\d1.01-sdk\\1c6f066305434652ba5cd156a76da71b"}
</system-out>
	</testcase>
	<testcase name="T24.foundation.installed_consumer" classname="T24.foundation.installed_consumer" time="43.6263" status="run">
		<properties>
			<property name="cmake_labels" value="D1.01"/>
		</properties>
		<system-out>{"case": "installed_consumer", "status": "Passed", "work": "E:\\VS2019Qt5.15\\3D\\build\\d1.01-sdk\\2f85becb138b41b8a2a621a3b43d036e"}
</system-out>
	</testcase>
	<testcase name="T24.foundation.missing_dependency_rejected" classname="T24.foundation.missing_dependency_rejected" time="29.0754" status="run">
		<properties>
			<property name="cmake_labels" value="D1.01"/>
		</properties>
		<system-out>{"case": "missing_dependency_rejected", "status": "Passed", "work": "E:\\VS2019Qt5.15\\3D\\build\\d1.01-sdk\\59c7cdebf55a4e20bfb8ae107ed2e937"}
</system-out>
	</testcase>
	<testcase name="T24.foundation.backend_mode_rejected" classname="T24.foundation.backend_mode_rejected" time="45.0156" status="run">
		<properties>
			<property name="cmake_labels" value="D1.01"/>
		</properties>
		<system-out>{"case": "backend_mode_rejected", "status": "Passed", "work": "E:\\VS2019Qt5.15\\3D\\build\\d1.01-sdk\\e876015f9cf84714a2a94dfd8a62bd90"}
</system-out>
	</testcase>
	<testcase name="T01.contracts.component_closure" classname="T01.contracts.component_closure" time="1.06514" status="run">
		<properties>
			<property name="cmake_labels" value="D1.02"/>
		</properties>
		<system-out>test_contracts_cannot_duplicate_or_add_third_party_backend (tests.architecture.test_contracts_stage.ComponentClosureTests.test_contracts_cannot_duplicate_or_add_third_party_backend) ... ok
test_core_stage_preserves_foundation_and_only_adds_contracts (tests.architecture.test_contracts_stage.ComponentClosureTests.test_core_stage_preserves_foundation_and_only_adds_contracts) ... ok
test_foundation_cannot_regress_or_lose_expected (tests.architecture.test_contracts_stage.ComponentClosureTests.test_foundation_cannot_regress_or_lose_expected) ... ok
test_other_product_implementation_rejected (tests.architecture.test_contracts_stage.ComponentClosureTests.test_other_product_implementation_rejected) ... ok
test_product_closure_rejects_other_modules_and_unknown_targets (tests.architecture.test_contracts_stage.ComponentClosureTests.test_product_closure_rejects_other_modules_and_unknown_targets) ... ok

----------------------------------------------------------------------
Ran 5 tests in 0.912s

OK
</system-out>
	</testcase>
	<testcase name="T01.contracts.public_include_boundary" classname="T01.contracts.public_include_boundary" time="2.5875" status="run">
		<properties>
			<property name="cmake_labels" value="D1.02"/>
		</properties>
		<system-out>test_actual_public_macros_and_compile_conditions_match_manifest (tests.architecture.test_contracts_stage.PublicBoundaryTests.test_actual_public_macros_and_compile_conditions_match_manifest) ... ok
test_comments_literals_and_narrow_types_not_backdoors (tests.architecture.test_contracts_stage.PublicBoundaryTests.test_comments_literals_and_narrow_types_not_backdoors) ... ok
test_dom_sql_and_runtime_includes_rejected (tests.architecture.test_contracts_stage.PublicBoundaryTests.test_dom_sql_and_runtime_includes_rejected) ... ok
test_exact_six_headers_required (tests.architecture.test_contracts_stage.PublicBoundaryTests.test_exact_six_headers_required) ... ok
test_public_capability_backdoors_rejected (tests.architecture.test_contracts_stage.PublicBoundaryTests.test_public_capability_backdoors_rejected) ... ok
test_registered_public_macros_must_remain_explicitly_empty (tests.architecture.test_contracts_stage.PublicBoundaryTests.test_registered_public_macros_must_remain_explicitly_empty) ... ok

---------------------...
[This part of the test output was removed since it exceeds the threshold of 1024 bytes.]
</system-out>
	</testcase>
	<testcase name="T24.contracts.public_headers" classname="T24.contracts.public_headers" time="24.8272" status="run">
		<properties>
			<property name="cmake_labels" value="D1.02"/>
		</properties>
		<system-out>{"case": "public_headers", "status": "Passed", "work": "E:\\VS2019Qt5.15\\3D\\build\\d1.02-sdk\\b902ac02cfbc4617bf6103bfb9b570aa"}
</system-out>
	</testcase>
	<testcase name="T24.contracts.installed_component_consumer" classname="T24.contracts.installed_component_consumer" time="50.4382" status="run">
		<properties>
			<property name="cmake_labels" value="D1.02"/>
		</properties>
		<system-out>{"case": "installed_component_consumer", "status": "Passed", "work": "E:\\VS2019Qt5.15\\3D\\build\\d1.02-sdk\\d37750541d1f44369b3b2bf71898bf44"}
</system-out>
	</testcase>
	<testcase name="T24.contracts.install_pruning_rejected" classname="T24.contracts.install_pruning_rejected" time="84.4017" status="run">
		<properties>
			<property name="cmake_labels" value="D1.02"/>
		</properties>
		<system-out>{"case": "install_pruning_rejected", "status": "Passed", "work": "E:\\VS2019Qt5.15\\3D\\build\\d1.02-sdk\\2dd0d438f57e4789aeb719482aa88d10"}
</system-out>
	</testcase>
	<testcase name="T03.foundation.code_only_no_allocation" classname="T03.foundation.code_only_no_allocation" time="0.0311114" status="run">
		<properties>
			<property name="cmake_labels" value="D1.01"/>
		</properties>
		<system-out>allocation_window=code_only control=3 observed=0
T03.foundation.code_only_no_allocation Passed
</system-out>
	</testcase>
	<testcase name="T03.foundation.value_operations_no_allocation" classname="T03.foundation.value_operations_no_allocation" time="0.0174855" status="run">
		<properties>
			<property name="cmake_labels" value="D1.01"/>
		</properties>
		<system-out>allocation_window=value_operations observed=0
T03.foundation.value_operations_no_allocation Passed
</system-out>
	</testcase>
	<testcase name="T03.foundation.layout_statistics" classname="T03.foundation.layout_statistics" time="0.022329" status="run">
		<properties>
			<property name="cmake_labels" value="D1.01"/>
		</properties>
		<system-out>ErrorCode size=16 align=8
ErrorInfo size=32 align=8
Error size=32 align=8
Result&lt;int&gt; size=48 align=8
Result&lt;void&gt; size=48 align=8
Name size=97 align=1
TaskId size=16 align=1
BoundHandle&lt;TaskTag&gt; size=36 align=4
T03.foundation.layout_statistics Passed
</system-out>
	</testcase>
	<testcase name="T04.foundation.result_move_only_value" classname="T04.foundation.result_move_only_value" time="0.0369038" status="run">
		<properties>
			<property name="cmake_labels" value="D1.01"/>
		</properties>
		<system-out>T04.foundation.result_move_only_value Passed
</system-out>
	</testcase>
	<testcase name="T04.foundation.result_move_only_error" classname="T04.foundation.result_move_only_error" time="0.020973" status="run">
		<properties>
			<property name="cmake_labels" value="D1.01"/>
		</properties>
		<system-out>T04.foundation.result_move_only_error Passed
</system-out>
	</testcase>
	<testcase name="T04.foundation.result_void" classname="T04.foundation.result_void" time="0.0184917" status="run">
		<properties>
			<property name="cmake_labels" value="D1.01"/>
		</properties>
		<system-out>T04.foundation.result_void Passed
</system-out>
	</testcase>
	<testcase name="T04.foundation.result_error_propagation" classname="T04.foundation.result_error_propagation" time="0.016771" status="run">
		<properties>
			<property name="cmake_labels" value="D1.01"/>
		</properties>
		<system-out>T04.foundation.result_error_propagation Passed
</system-out>
	</testcase>
	<testcase name="T04.foundation.result_bad_access" classname="T04.foundation.result_bad_access" time="0.0162324" status="run">
		<properties>
			<property name="cmake_labels" value="D1.01"/>
		</properties>
		<system-out>T04.foundation.result_bad_access Passed
</system-out>
	</testcase>
	<testcase name="T04.foundation.exception_not_business_failure" classname="T04.foundation.exception_not_business_failure" time="0.0149812" status="run">
		<properties>
			<property name="cmake_labels" value="D1.01"/>
		</properties>
		<system-out>T04.foundation.exception_not_business_failure Passed
</system-out>
	</testcase>
	<testcase name="T04.foundation.static_error_domain" classname="T04.foundation.static_error_domain" time="26.4549" status="run">
		<properties>
			<property name="cmake_labels" value="D1.01"/>
		</properties>
		<system-out>{"case": "T04.foundation.static_error_domain", "status": "Passed", "evidence": "E:\\VS2019Qt5.15\\3D\\build\\d1.04-release\\tests\\unit\\foundation\\child-runs\\0ac805c38e144fd08f17daff9f4e0631"}
</system-out>
	</testcase>
	<testcase name="T04.foundation.error_details_ownership" classname="T04.foundation.error_details_ownership" time="0.016099" status="run">
		<properties>
			<property name="cmake_labels" value="D1.01"/>
		</properties>
		<system-out>T04.foundation.error_details_ownership Passed
</system-out>
	</testcase>
	<testcase name="T04.foundation.error_details_budget" classname="T04.foundation.error_details_budget" time="0.01502" status="run">
		<properties>
			<property name="cmake_labels" value="D1.01"/>
		</properties>
		<system-out>T04.foundation.error_details_budget Passed
</system-out>
	</testcase>
	<testcase name="T04.foundation.display_utf8" classname="T04.foundation.display_utf8" time="0.0128148" status="run">
		<properties>
			<property name="cmake_labels" value="D1.01"/>
		</properties>
		<system-out>T04.foundation.display_utf8 Passed
</system-out>
	</testcase>
	<testcase name="T04.foundation.checked_arithmetic" classname="T04.foundation.checked_arithmetic" time="0.0147443" status="run">
		<properties>
			<property name="cmake_labels" value="D1.01"/>
		</properties>
		<system-out>T04.foundation.checked_arithmetic Passed
</system-out>
	</testcase>
	<testcase name="T04.foundation.checked_narrowing" classname="T04.foundation.checked_narrowing" time="0.0130314" status="run">
		<properties>
			<property name="cmake_labels" value="D1.01"/>
		</properties>
		<system-out>T04.foundation.checked_narrowing Passed
</system-out>
	</testcase>
	<testcase name="T04.foundation.checked_count_atomic_update" classname="T04.foundation.checked_count_atomic_update" time="0.0132542" status="run">
		<properties>
			<property name="cmake_labels" value="D1.01"/>
		</properties>
		<system-out>T04.foundation.checked_count_atomic_update Passed
</system-out>
	</testcase>
	<testcase name="T04.foundation.invariant_fail_fast" classname="T04.foundation.invariant_fail_fast" time="0.30501" status="run">
		<properties>
			<property name="cmake_labels" value="D1.01"/>
		</properties>
		<system-out>{"case": "T04.foundation.invariant_fail_fast", "status": "Passed", "evidence": "E:\\VS2019Qt5.15\\3D\\build\\d1.04-release\\tests\\unit\\foundation\\child-runs\\90710b46b8c04770b5acaddd5ae23907"}
</system-out>
	</testcase>
	<testcase name="T05.foundation.name_ascii_bounds" classname="T05.foundation.name_ascii_bounds" time="0.0155939" status="run">
		<properties>
			<property name="cmake_labels" value="D1.01"/>
		</properties>
		<system-out>T05.foundation.name_ascii_bounds Passed
</system-out>
	</testcase>
	<testcase name="T05.foundation.name_case_and_ownership" classname="T05.foundation.name_case_and_ownership" time="0.0250216" status="run">
		<properties>
			<property name="cmake_labels" value="D1.01"/>
		</properties>
		<system-out>T05.foundation.name_case_and_ownership Passed
</system-out>
	</testcase>
	<testcase name="T05.foundation.tagged_identity_types" classname="T05.foundation.tagged_identity_types" time="0.0155497" status="run">
		<properties>
			<property name="cmake_labels" value="D1.01"/>
		</properties>
		<system-out>T05.foundation.tagged_identity_types Passed
</system-out>
	</testcase>
	<testcase name="T05.foundation.identity_canonical_codec" classname="T05.foundation.identity_canonical_codec" time="0.015122" status="run">
		<properties>
			<property name="cmake_labels" value="D1.01"/>
		</properties>
		<system-out>T05.foundation.identity_canonical_codec Passed
</system-out>
	</testcase>
	<testcase name="T05.foundation.bound_handle_generation" classname="T05.foundation.bound_handle_generation" time="0.0138123" status="run">
		<properties>
			<property name="cmake_labels" value="D1.01"/>
		</properties>
		<system-out>T05.foundation.bound_handle_generation Passed
</system-out>
	</testcase>
	<testcase name="T05.foundation.runtime_epoch_separation" classname="T05.foundation.runtime_epoch_separation" time="0.0127774" status="run">
		<properties>
			<property name="cmake_labels" value="D1.01"/>
		</properties>
		<system-out>T05.foundation.runtime_epoch_separation Passed
</system-out>
[...]
		<system-out>Passed T19.contracts.authorized_owner_filter
</system-out>
	</testcase>
	<testcase name="T19.contracts.completion_independent_of_observation" classname="T19.contracts.completion_independent_of_observation" time="0.0134337" status="run">
		<properties>
			<property name="cmake_labels" value="D1.02"/>
		</properties>
		<system-out>Passed T19.contracts.completion_independent_of_observation
</system-out>
	</testcase>
	<testcase name="T19.contracts.live_keyset_progress" classname="T19.contracts.live_keyset_progress" time="0.0131521" status="run">
		<properties>
			<property name="cmake_labels" value="D1.02"/>
		</properties>
		<system-out>Passed T19.contracts.live_keyset_progress
</system-out>
	</testcase>
	<testcase name="T24.contracts.port_factory_contract_manifest" classname="T24.contracts.port_factory_contract_manifest" time="0.0137903" status="run">
		<properties>
			<property name="cmake_labels" value="D1.02"/>
		</properties>
		<system-out>Passed T24.contracts.port_factory_contract_manifest
</system-out>
	</testcase>
	<testcase name="T02.registration.atomic_candidate_contract" classname="T02.registration.atomic_candidate_contract" time="0.024882" status="run">
		<properties>
			<property name="cmake_labels" value="D1.03"/>
		</properties>
		<system-out></system-out>
	</testcase>
	<testcase name="T02.registration.batch_k_failure_atomic" classname="T02.registration.batch_k_failure_atomic" time="0.0163358" status="run">
		<properties>
			<property name="cmake_labels" value="D1.03"/>
		</properties>
		<system-out></system-out>
	</testcase>
	<testcase name="T02.registration.callback_exception_cleanup" classname="T02.registration.callback_exception_cleanup" time="0.0186173" status="run">
		<properties>
			<property name="cmake_labels" value="D1.03"/>
		</properties>
		<system-out></system-out>
	</testcase>
	<testcase name="T02.registration.declared_operations_complete" classname="T02.registration.declared_operations_complete" time="0.0169605" status="run">
		<properties>
			<property name="cmake_labels" value="D1.03"/>
		</properties>
		<system-out></system-out>
	</testcase>
	<testcase name="T02.registration.error_budget_sticky" classname="T02.registration.error_budget_sticky" time="0.016514" status="run">
		<properties>
			<property name="cmake_labels" value="D1.03"/>
		</properties>
		<system-out></system-out>
	</testcase>
	<testcase name="T02.registration.exact_operation_versions" classname="T02.registration.exact_operation_versions" time="0.0180181" status="run">
		<properties>
			<property name="cmake_labels" value="D1.03"/>
		</properties>
		<system-out></system-out>
	</testcase>
	<testcase name="T02.registration.execution_capabilities" classname="T02.registration.execution_capabilities" time="0.017856" status="run">
		<properties>
			<property name="cmake_labels" value="D1.03"/>
		</properties>
		<system-out></system-out>
	</testcase>
	<testcase name="T02.registration.ignored_errors_sticky" classname="T02.registration.ignored_errors_sticky" time="0.0183068" status="run">
		<properties>
			<property name="cmake_labels" value="D1.03"/>
		</properties>
		<system-out></system-out>
	</testcase>
	<testcase name="T02.registration.manifest_owned_budget" classname="T02.registration.manifest_owned_budget" time="24.4282" status="run">
		<properties>
			<property name="cmake_labels" value="D1.03"/>
		</properties>
		<system-out>{"case": "T02.registration.manifest_owned_budget", "status": "Passed", "evidence": "E:\\VS2019Qt5.15\\3D\\build\\d1.04-release\\tests\\contract\\registration\\child-runs\\5e281c3244b84e4384c55166f7734f21"}
</system-out>
	</testcase>
	<testcase name="T02.registration.module_cycles_rejected" classname="T02.registration.module_cycles_rejected" time="0.0228642" status="run">
		<properties>
			<property name="cmake_labels" value="D1.03"/>
		</properties>
		<system-out></system-out>
	</testcase>
	<testcase name="T02.registration.module_dag_order" classname="T02.registration.module_dag_order" time="0.0191332" status="run">
		<properties>
			<property name="cmake_labels" value="D1.03"/>
		</properties>
		<system-out></system-out>
	</testcase>
	<testcase name="T02.registration.module_identity_versions" classname="T02.registration.module_identity_versions" time="0.0183159" status="run">
		<properties>
			<property name="cmake_labels" value="D1.03"/>
		</properties>
		<system-out></system-out>
	</testcase>
	<testcase name="T02.registration.provider_binding" classname="T02.registration.provider_binding" time="0.0162362" status="run">
		<properties>
			<property name="cmake_labels" value="D1.03"/>
		</properties>
		<system-out></system-out>
	</testcase>
	<testcase name="T02.registration.schema_capability_absent" classname="T02.registration.schema_capability_absent" time="0.0154855" status="run">
		<properties>
			<property name="cmake_labels" value="D1.03"/>
		</properties>
		<system-out></system-out>
	</testcase>
	<testcase name="T02.registration.service_binding" classname="T02.registration.service_binding" time="0.0170042" status="run">
		<properties>
			<property name="cmake_labels" value="D1.03"/>
		</properties>
		<system-out></system-out>
	</testcase>
	<testcase name="T02.registration.shape_compile_contract" classname="T02.registration.shape_compile_contract" time="39.5498" status="run">
		<properties>
			<property name="cmake_labels" value="D1.03"/>
		</properties>
		<system-out>{"case": "T02.registration.shape_compile_contract", "status": "Passed", "evidence": "E:\\VS2019Qt5.15\\3D\\build\\d1.04-release\\tests\\contract\\registration\\child-runs\\09fddd63673841e4936a3d9b83add3e0"}
</system-out>
	</testcase>
	<testcase name="T05.registration.exact_fingerprint" classname="T05.registration.exact_fingerprint" time="0.0211015" status="run">
		<properties>
			<property name="cmake_labels" value="D1.03"/>
		</properties>
		<system-out></system-out>
	</testcase>
	<testcase name="T05.registration.failure_preserves_catalog" classname="T05.registration.failure_preserves_catalog" time="0.0195874" status="run">
		<properties>
			<property name="cmake_labels" value="D1.03"/>
		</properties>
		<system-out></system-out>
	</testcase>
	<testcase name="T05.registration.publish_once_freeze" classname="T05.registration.publish_once_freeze" time="0.0185843" status="run">
		<properties>
			<property name="cmake_labels" value="D1.03"/>
		</properties>
		<system-out></system-out>
	</testcase>
	<testcase name="T05.registration.registry_generation" classname="T05.registration.registry_generation" time="0.0144399" status="run">
		<properties>
			<property name="cmake_labels" value="D1.03"/>
		</properties>
		<system-out></system-out>
	</testcase>
	<testcase name="T05.registration.snapshot_lifetime" classname="T05.registration.snapshot_lifetime" time="0.0157273" status="run">
		<properties>
			<property name="cmake_labels" value="D1.03"/>
		</properties>
		<system-out></system-out>
	</testcase>
	<testcase name="T05.registration.typed_binding_success" classname="T05.registration.typed_binding_success" time="0.0134074" status="run">
		<properties>
			<property name="cmake_labels" value="D1.03"/>
		</properties>
		<system-out></system-out>
	</testcase>
	<testcase name="T24.registration.cold_docs_separation" classname="T24.registration.cold_docs_separation" time="0.190183" status="run">
		<properties>
			<property name="cmake_labels" value="D1.03"/>
		</properties>
		<system-out>{"case": "T24.registration.cold_docs_separation", "status": "Passed", "evidence": "E:\\VS2019Qt5.15\\3D\\build\\d1.04-release\\tests\\contract\\registration\\child-runs\\7ecc88e6f46c47efb81df881834dfcbb"}
</system-out>
	</testcase>
	<testcase name="T24.registration.handler_not_exposed" classname="T24.registration.handler_not_exposed" time="39.2445" status="run">
		<properties>
			<property name="cmake_labels" value="D1.03"/>
		</properties>
		<system-out>{"case": "T24.registration.handler_not_exposed", "status": "Passed", "evidence": "E:\\VS2019Qt5.15\\3D\\build\\d1.04-release\\tests\\contract\\registration\\child-runs\\3405fc890195448fb8e26a6ecbd7cd1d"}
</system-out>
	</testcase>
	<testcase name="T24.registration.internal_component_boundary" classname="T24.registration.internal_component_boundary" time="5.28492" status="run">
		<properties>
			<property name="cmake_labels" value="D1.03"/>
		</properties>
		<system-out>{"case": "T24.registration.internal_component_boundary", "status": "Passed", "evidence": "E:\\VS2019Qt5.15\\3D\\build\\d1.04-release\\tests\\contract\\registration\\child-runs\\d2da995aae5249049251cb26e7345f66"}
</system-out>
	</testcase>
	<testcase name="T07.policy.authentication_source" classname="T07.policy.authentication_source" time="27.82" status="run">
		<properties>
			<property name="cmake_labels" value="D1.04"/>
		</properties>
		<system-out>{"case": "T07.policy.authentication_source", "status": "Passed", "evidence": "E:\\VS2019Qt5.15\\3D\\build\\d1.04-release\\tests\\contract\\authorization\\child-runs\\f1cdc2e1c8d94bf5adc6cd192cbf4222"}
</system-out>
	</testcase>
	<testcase name="T07.policy.cancel_arbitration" classname="T07.policy.cancel_arbitration" time="0.0189709" status="run">
		<properties>
			<property name="cmake_labels" value="D1.04"/>
		</properties>
		<system-out></system-out>
	</testcase>
	<testcase name="T07.policy.consume_before_revoke" classname="T07.policy.consume_before_revoke" time="0.0174878" status="run">
		<properties>
			<property name="cmake_labels" value="D1.04"/>
		</properties>
		<system-out></system-out>
	</testcase>
	<testcase name="T07.policy.delegation_shrink" classname="T07.policy.delegation_shrink" time="0.0192783" status="run">
		<properties>
			<property name="cmake_labels" value="D1.04"/>
		</properties>
		<system-out></system-out>
	</testcase>
	<testcase name="T07.policy.exception_atomicity" classname="T07.policy.exception_atomicity" time="0.0320331" status="run">
		<properties>
			<property name="cmake_labels" value="D1.04"/>
		</properties>
		<system-out>allocation-point 0
env-ready
issued
update-returned
consume-returned
allocation-point 1
env-ready
issued
update-returned
consume-returned
allocation-point 2
env-ready
issued
update-returned
consume-returned
allocation-point 3
env-ready
issued
update-returned
consume-returned
allocation-point 4
env-ready
issued
update-returned
consume-returned
allocation-point 5
env-ready
issued
update-returned
consume-returned
allocation-point 6
env-ready
issued
update-returned
consume-returned
allocation-point 7
env-ready
issued
update-returned
consume-returned
allocation-point 8
env-ready
issued
update-returned
consume-returned
allocation-point 9
env-ready
issued
update-returned
consume-returned
allocation-point 10
env-ready
issued
update-returned
consume-returned
allocation-point 11
env-ready
issued
update-returned
consume-returned
allocation-point 12
env-ready
issued
update-returned
consume-returned
allocation-point 13
env-ready
issued
update-returned
consume-returned
allocation-point 14
env-ready
issued
update-returned
c...
[This part of the test output was removed since it exceeds the threshold of 1024 bytes.]
</system-out>
	</testcase>
	<testcase name="T07.policy.expiry_boundary" classname="T07.policy.expiry_boundary" time="0.0199759" status="run">
		<properties>
			<property name="cmake_labels" value="D1.04"/>
		</properties>
		<system-out></system-out>
	</testcase>
	<testcase name="T07.policy.generation_exhaustion" classname="T07.policy.generation_exhaustion" time="0.0203455" status="run">
		<properties>
			<property name="cmake_labels" value="D1.04"/>
		</properties>
		<system-out></system-out>
	</testcase>
	<testcase name="T07.policy.group_members_complete" classname="T07.policy.group_members_complete" time="0.0219595" status="run">
		<properties>
			<property name="cmake_labels" value="D1.04"/>
		</properties>
		<system-out></system-out>
	</testcase>
	<testcase name="T07.policy.group_substitution" classname="T07.policy.group_substitution" time="27.3208" status="run">
		<properties>
			<property name="cmake_labels" value="D1.04"/>
		</properties>
		<system-out>{"case": "T07.policy.group_substitution", "status": "Passed", "evidence": "E:\\VS2019Qt5.15\\3D\\build\\d1.04-release\\tests\\contract\\authorization\\child-runs\\b1f1a9e370d44180b93b8f88d40d85cf"}
</system-out>
	</testcase>
	<testcase name="T07.policy.operation_exact_contract" classname="T07.policy.operation_exact_contract" time="0.0234589" status="run">
		<properties>
			<property name="cmake_labels" value="D1.04"/>
		</properties>
		<system-out></system-out>
	</testcase>
	<testcase name="T07.policy.owned_inputs_budget" classname="T07.policy.owned_inputs_budget" time="0.0389411" status="run">
		<properties>
			<property name="cmake_labels" value="D1.04"/>
		</properties>
		<system-out>budget-session
session-denial-ok
caller-reset
session-reset
budget-action
action-env
action-consumed
action-denied
action-reset
action-restored
budget-response
</system-out>
	</testcase>
	<testcase name="T07.policy.owner_scope" classname="T07.policy.owner_scope" time="0.0154117" status="run">
		<properties>
			<property name="cmake_labels" value="D1.04"/>
		</properties>
		<system-out></system-out>
	</testcase>
	<testcase name="T07.policy.permit_concurrent" classname="T07.policy.permit_concurrent" time="0.0168187" status="run">
		<properties>
			<property name="cmake_labels" value="D1.04"/>
		</properties>
		<system-out></system-out>
	</testcase>
	<testcase name="T07.policy.permit_once" classname="T07.policy.permit_once" time="0.0158723" status="run">
		<properties>
			<property name="cmake_labels" value="D1.04"/>
		</properties>
		<system-out></system-out>
	</testcase>
	<testcase name="T07.policy.permit_origin_binding" classname="T07.policy.permit_origin_binding" time="28.2347" status="run">
		<properties>
			<property name="cmake_labels" value="D1.04"/>
		</properties>
		<system-out>{"case": "T07.policy.permit_origin_binding", "status": "Passed", "evidence": "E:\\VS2019Qt5.15\\3D\\build\\d1.04-release\\tests\\contract\\authorization\\child-runs\\ea7cb32c91af4e28a3c8e33e22ab2023"}
</system-out>
	</testcase>
	<testcase name="T07.policy.recursive_delegation_denied" classname="T07.policy.recursive_delegation_denied" time="0.0165632" status="run">
		<properties>
			<property name="cmake_labels" value="D1.04"/>
		</properties>
		<system-out></system-out>
	</testcase>
	<testcase name="T07.policy.revoke_before_consume" classname="T07.policy.revoke_before_consume" time="0.015221" status="run">
		<properties>
			<property name="cmake_labels" value="D1.04"/>
		</properties>
		<system-out></system-out>
	</testcase>
	<testcase name="T07.policy.scope_four_way" classname="T07.policy.scope_four_way" time="0.0267099" status="run">
		<properties>
			<property name="cmake_labels" value="D1.04"/>
		</properties>
		<system-out></system-out>
	</testcase>
	<testcase name="T07.policy.service_principal" classname="T07.policy.service_principal" time="0.0152765" status="run">
		<properties>
			<property name="cmake_labels" value="D1.04"/>
		</properties>
		<system-out></system-out>
	</testcase>
	<testcase name="T07.policy.session_isolation" classname="T07.policy.session_isolation" time="0.0158862" status="run">
		<properties>
			<property name="cmake_labels" value="D1.04"/>
		</properties>
		<system-out></system-out>
	</testcase>
	<testcase name="T07.policy.target_frozen_set" classname="T07.policy.target_frozen_set" time="0.0151739" status="run">
		<properties>
			<property name="cmake_labels" value="D1.04"/>
		</properties>
		<system-out></system-out>
	</testcase>
	<testcase name="T07.policy.target_issued_identity" classname="T07.policy.target_issued_identity" time="0.0175054" status="run">
		<properties>
			<property name="cmake_labels" value="D1.04"/>
		</properties>
		<system-out></system-out>
	</testcase>
	<testcase name="T07.policy.target_lifecycle" classname="T07.policy.target_lifecycle" time="0.0160326" status="run">
		<properties>
			<property name="cmake_labels" value="D1.04"/>
		</properties>
		<system-out></system-out>
	</testcase>
	<testcase name="T19.policy.page_binding_isolation" classname="T19.policy.page_binding_isolation" time="0.0167594" status="run">
		<properties>
			<property name="cmake_labels" value="D1.04"/>
		</properties>
		<system-out></system-out>
	</testcase>
	<testcase name="T19.policy.page_owner_authorization" classname="T19.policy.page_owner_authorization" time="0.0145294" status="run">
		<properties>
			<property name="cmake_labels" value="D1.04"/>
		</properties>
		<system-out></system-out>
	</testcase>
	<testcase name="T19.policy.page_revoke_live_keyset" classname="T19.policy.page_revoke_live_keyset" time="0.0168503" status="run">
		<properties>
			<property name="cmake_labels" value="D1.04"/>
		</properties>
		<system-out></system-out>
	</testcase>
	<testcase name="T19.policy.query_field_projection" classname="T19.policy.query_field_projection" time="0.0189923" status="run">
		<properties>
			<property name="cmake_labels" value="D1.04"/>
		</properties>
		<system-out></system-out>
	</testcase>
	<testcase name="T19.policy.subscription_connection_cleanup" classname="T19.policy.subscription_connection_cleanup" time="0.0156205" status="run">
		<properties>
			<property name="cmake_labels" value="D1.04"/>
		</properties>
		<system-out></system-out>
	</testcase>
	<testcase name="T19.policy.subscription_scope_atomic" classname="T19.policy.subscription_scope_atomic" time="0.0179034" status="run">
		<properties>
			<property name="cmake_labels" value="D1.04"/>
		</properties>
		<system-out></system-out>
	</testcase>
	<testcase name="T20.policy.failed_start_not_started" classname="T20.policy.failed_start_not_started" time="0.0168191" status="run">
		<properties>
			<property name="cmake_labels" value="D1.04"/>
		</properties>
		<system-out></system-out>
	</testcase>
	<testcase name="T20.policy.internal_component_boundary" classname="T20.policy.internal_component_boundary" time="5.29535" status="run">
		<properties>
			<property name="cmake_labels" value="D1.04"/>
		</properties>
		<system-out>{"case": "T20.policy.internal_component_boundary", "status": "Passed", "evidence": "E:\\VS2019Qt5.15\\3D\\build\\d1.04-release\\tests\\contract\\authorization\\child-runs\\9bca7f366ab948ec83074891eda0fac8"}
</system-out>
	</testcase>
	<testcase name="T20.policy.queued_revoke_drop" classname="T20.policy.queued_revoke_drop" time="0.023441" status="run">
		<properties>
			<property name="cmake_labels" value="D1.04"/>
		</properties>
		<system-out></system-out>
	</testcase>
	<testcase name="T20.policy.transmission_start_arbitration" classname="T20.policy.transmission_start_arbitration" time="27.7903" status="run">
		<properties>
			<property name="cmake_labels" value="D1.04"/>
		</properties>
		<system-out>{"case": "T20.policy.transmission_start_arbitration", "status": "Passed", "evidence": "E:\\VS2019Qt5.15\\3D\\build\\d1.04-release\\tests\\contract\\authorization\\child-runs\\7fb3b96f517e4473889271ce4a76d777"}
</system-out>
	</testcase>
	<testcase name="T20.policy.unknown_start_no_retry" classname="T20.policy.unknown_start_no_retry" time="0.0200673" status="run">
		<properties>
			<property name="cmake_labels" value="D1.04"/>
		</properties>
		<system-out></system-out>
	</testcase>
	<testcase name="T20.policy.unsubscribe_inflight" classname="T20.policy.unsubscribe_inflight" time="0.0208236" status="run">
		<properties>
			<property name="cmake_labels" value="D1.04"/>
		</properties>
		<system-out></system-out>
	</testcase>
</testsuite>
