<?xml version="1.0" encoding="UTF-8"?>
<testsuite name="Win32-MSBuild"
	tests="34"
	failures="0"
	disabled="0"
	skipped="0"
	hostname="MSI"
	time="174"
	timestamp="2026-09-07T17:56:24"
	>
	<testcase name="T24.sdk.version_header" classname="T24.sdk.version_header" time="0.0475753" status="run">
		<properties>
			<property name="cmake_labels" value="D0.02"/>
		</properties>
		<system-out>0.1.0-dev.1
</system-out>
	</testcase>
	<testcase name="T01.architecture.dependency_dag" classname="T01.architecture.dependency_dag" time="0.125628" status="run">
		<properties>
			<property name="cmake_labels" value="D0.02"/>
		</properties>
		<system-out>{
  "check_id": "CHECK.D0.02.architecture",
  "errors": [],
  "scope": "合同目标/公开表面静态检查；无Runtime运行或授权实现"
}
</system-out>
	</testcase>
	<testcase name="T01.architecture.negative_guards" classname="T01.architecture.negative_guards" time="0.435632" status="run">
		<properties>
			<property name="cmake_labels" value="D0.02"/>
		</properties>
		<system-out>test_approved_architecture_matches_manifest (test_architecture.ArchitectureTests.test_approved_architecture_matches_manifest) ... ok
test_authorized_immutable_read_is_allowed (test_architecture.ArchitectureTests.test_authorized_immutable_read_is_allowed) ... ok
test_client_has_no_server_dependency (test_architecture.ArchitectureTests.test_client_has_no_server_dependency) ... ok
test_comment_markers_inside_strings_do_not_hide_includes (test_architecture.ArchitectureTests.test_comment_markers_inside_strings_do_not_hide_includes) ... ok
test_dot_include_prefix_is_rejected (test_architecture.ArchitectureTests.test_dot_include_prefix_is_rejected) ... ok
test_dsl_is_not_a_required_release_component (test_architecture.ArchitectureTests.test_dsl_is_not_a_required_release_component) ... ok
test_generic_state_rpc_is_rejected (test_architecture.ArchitectureTests.test_generic_state_rpc_is_rejected) ... ok
test_include_comment_does_not_bypass_ownership (test_architecture.ArchitectureTests.test_include_comment_does_not_byp...
[This part of the test output was removed since it exceeds the threshold of 1024 bytes.]
</system-out>
	</testcase>
	<testcase name="T24.sdk.install_and_missing_components" classname="T24.sdk.install_and_missing_components" time="30.9763" status="run">
		<properties>
			<property name="cmake_labels" value="D0.02"/>
		</properties>
		<system-out>argv: ['cmake', '--install', 'E:\\VS2019Qt5.15\\3D\\build\\d1.01-debug', '--config', 'Debug', '--prefix', 'E:\\VS2019Qt5.15\\3D\\build\\install-check-__moh6f0\\original'] exit_code: 0
argv: ['cmake', '-S', 'E:\\VS2019Qt5.15\\3D\\tests\\install_consumer\\baseline', '-G', 'Visual Studio 17 2022', '-A', 'x64', '-DCMAKE_TOOLCHAIN_FILE=E:\\VS2019Qt5.15\\3D/cmake/LockedMSVC.cmake', '-DCMAKE_PREFIX_PATH=E:\\VS2019Qt5.15\\3D\\build\\install-check-__moh6f0\\relocated', '-B', 'E:\\VS2019Qt5.15\\3D\\build\\install-check-__moh6f0\\consumer'] exit_code: 0
argv: ['cmake', '--build', 'E:\\VS2019Qt5.15\\3D\\build\\install-check-__moh6f0\\consumer', '--config', 'Debug', '--parallel'] exit_code: 0
argv: ['E:\\VS2019Qt5.15\\3D\\build\\install-check-__moh6f0\\consumer\\Debug\\installed_metadata.exe'] exit_code: 0
argv: ['cmake', '-S', 'E:\\VS2019Qt5.15\\3D\\tests\\install_consumer\\baseline', '-G', 'Visual Studio 17 2022', '-A', 'x64', '-DCMAKE_TOOLCHAIN_FILE=E:\\VS2019Qt5.15\\3D/cmake/LockedMSVC.cmake', '-DCMAKE_PREFIX_PATH=E:\...
[This part of the test output was removed since it exceeds the threshold of 1024 bytes.]
</system-out>
	</testcase>
	<testcase name="T01.dependencies.expected" classname="T01.dependencies.expected" time="0.059583" status="run">
		<properties>
			<property name="cmake_labels" value="D0.06-a"/>
		</properties>
		<system-out>expected move-only/void/error/exception smoke
</system-out>
	</testcase>
	<testcase name="T01.dependencies.toolchain" classname="T01.dependencies.toolchain" time="0.0489629" status="run">
		<properties>
			<property name="cmake_labels" value="D0.06-a"/>
		</properties>
		<system-out>MSVC_FULL_VER=194435228 __cplusplus=202002 pointer_bits=64 CRT=/MDd
</system-out>
	</testcase>
	<testcase name="T01.dependencies.lock_contracts" classname="T01.dependencies.lock_contracts" time="0.282178" status="run">
		<properties>
			<property name="cmake_labels" value="D0.06-a"/>
		</properties>
		<system-out>test_archive_symlink_refused (test_lock.LockContracts.test_archive_symlink_refused) ... ok
test_archive_traversal_refused (test_lock.LockContracts.test_archive_traversal_refused) ... ok
test_complete_default_table (test_lock.LockContracts.test_complete_default_table) ... ok
test_component_selection (test_lock.LockContracts.test_component_selection) ... ok
test_hash_mismatch_refused (test_lock.LockContracts.test_hash_mismatch_refused) ... ok
test_internal_document_link_materialized (test_lock.LockContracts.test_internal_document_link_materialized) ... ok
test_offline_missing_refused (test_lock.LockContracts.test_offline_missing_refused) ... ok
test_reject_floating_revision (test_lock.LockContracts.test_reject_floating_revision) ... ok
test_reject_incompatible_toolchain (test_lock.LockContracts.test_reject_incompatible_toolchain) ... ok
test_reject_missing_license (test_lock.LockContracts.test_reject_missing_license) ... ok
test_reject_sqlite_without_fix (test_lock.LockContracts.test_reject_sqlite_without_fix) ...
[This part of the test output was removed since it exceeds the threshold of 1024 bytes.]
</system-out>
	</testcase>
	<testcase name="T24.foundation.public_headers" classname="T24.foundation.public_headers" time="20.068" status="run">
		<properties>
			<property name="cmake_labels" value="D1.01"/>
		</properties>
		<system-out>{"case": "public_headers", "status": "Passed", "work": "E:\\VS2019Qt5.15\\3D\\build\\d1.01-sdk\\d2c6fb8abd354036b9c9071379dcff82"}
</system-out>
	</testcase>
	<testcase name="T24.foundation.installed_consumer" classname="T24.foundation.installed_consumer" time="35.3868" status="run">
		<properties>
			<property name="cmake_labels" value="D1.01"/>
		</properties>
		<system-out>{"case": "installed_consumer", "status": "Passed", "work": "E:\\VS2019Qt5.15\\3D\\build\\d1.01-sdk\\1fcf9dc3ace14d9fa638b6914e334797"}
</system-out>
	</testcase>
	<testcase name="T24.foundation.missing_dependency_rejected" classname="T24.foundation.missing_dependency_rejected" time="25.6823" status="run">
		<properties>
			<property name="cmake_labels" value="D1.01"/>
		</properties>
		<system-out>{"case": "missing_dependency_rejected", "status": "Passed", "work": "E:\\VS2019Qt5.15\\3D\\build\\d1.01-sdk\\99fb163831544baea95eccb9f9e1e6b8"}
</system-out>
	</testcase>
	<testcase name="T24.foundation.backend_mode_rejected" classname="T24.foundation.backend_mode_rejected" time="37.1436" status="run">
		<properties>
			<property name="cmake_labels" value="D1.01"/>
		</properties>
		<system-out>{"case": "backend_mode_rejected", "status": "Passed", "work": "E:\\VS2019Qt5.15\\3D\\build\\d1.01-sdk\\5580268ddae64fcf91ebe1ca5f0c57b7"}
</system-out>
	</testcase>
	<testcase name="T03.foundation.code_only_no_allocation" classname="T03.foundation.code_only_no_allocation" time="0.0327484" status="run">
		<properties>
			<property name="cmake_labels" value="D1.01"/>
		</properties>
		<system-out>allocation_window=code_only control=3 observed=0
T03.foundation.code_only_no_allocation Passed
</system-out>
	</testcase>
	<testcase name="T03.foundation.value_operations_no_allocation" classname="T03.foundation.value_operations_no_allocation" time="0.0186167" status="run">
		<properties>
			<property name="cmake_labels" value="D1.01"/>
		</properties>
		<system-out>allocation_window=value_operations observed=0
T03.foundation.value_operations_no_allocation Passed
</system-out>
	</testcase>
	<testcase name="T03.foundation.layout_statistics" classname="T03.foundation.layout_statistics" time="0.0191811" status="run">
		<properties>
			<property name="cmake_labels" value="D1.01"/>
		</properties>
		<system-out>ErrorCode size=16 align=8
ErrorInfo size=40 align=8
Error size=32 align=8
Result&lt;int&gt; size=48 align=8
Result&lt;void&gt; size=48 align=8
Name size=97 align=1
TaskId size=16 align=1
BoundHandle&lt;TaskTag&gt; size=36 align=4
T03.foundation.layout_statistics Passed
</system-out>
	</testcase>
	<testcase name="T04.foundation.result_move_only_value" classname="T04.foundation.result_move_only_value" time="0.0179013" status="run">
		<properties>
			<property name="cmake_labels" value="D1.01"/>
		</properties>
		<system-out>T04.foundation.result_move_only_value Passed
</system-out>
	</testcase>
	<testcase name="T04.foundation.result_move_only_error" classname="T04.foundation.result_move_only_error" time="0.0176468" status="run">
		<properties>
			<property name="cmake_labels" value="D1.01"/>
		</properties>
		<system-out>T04.foundation.result_move_only_error Passed
</system-out>
	</testcase>
	<testcase name="T04.foundation.result_void" classname="T04.foundation.result_void" time="0.0174075" status="run">
		<properties>
			<property name="cmake_labels" value="D1.01"/>
		</properties>
		<system-out>T04.foundation.result_void Passed
</system-out>
	</testcase>
	<testcase name="T04.foundation.result_error_propagation" classname="T04.foundation.result_error_propagation" time="0.0176317" status="run">
		<properties>
			<property name="cmake_labels" value="D1.01"/>
		</properties>
		<system-out>T04.foundation.result_error_propagation Passed
</system-out>
	</testcase>
	<testcase name="T04.foundation.result_bad_access" classname="T04.foundation.result_bad_access" time="0.0181246" status="run">
		<properties>
			<property name="cmake_labels" value="D1.01"/>
		</properties>
		<system-out>T04.foundation.result_bad_access Passed
</system-out>
	</testcase>
	<testcase name="T04.foundation.exception_not_business_failure" classname="T04.foundation.exception_not_business_failure" time="0.018028" status="run">
		<properties>
			<property name="cmake_labels" value="D1.01"/>
		</properties>
		<system-out>T04.foundation.exception_not_business_failure Passed
</system-out>
	</testcase>
	<testcase name="T04.foundation.static_error_domain" classname="T04.foundation.static_error_domain" time="23.7583" status="run">
		<properties>
			<property name="cmake_labels" value="D1.01"/>
		</properties>
		<system-out>{"case": "T04.foundation.static_error_domain", "status": "Passed", "evidence": "E:\\VS2019Qt5.15\\3D\\build\\d1.01-debug\\tests\\unit\\foundation\\child-runs\\0a024158e93a46ee9937f386d42fbb60"}
</system-out>
	</testcase>
	<testcase name="T04.foundation.error_details_ownership" classname="T04.foundation.error_details_ownership" time="0.0173326" status="run">
		<properties>
			<property name="cmake_labels" value="D1.01"/>
		</properties>
		<system-out>T04.foundation.error_details_ownership Passed
</system-out>
	</testcase>
	<testcase name="T04.foundation.error_details_budget" classname="T04.foundation.error_details_budget" time="0.0141728" status="run">
		<properties>
			<property name="cmake_labels" value="D1.01"/>
		</properties>
		<system-out>T04.foundation.error_details_budget Passed
</system-out>
	</testcase>
	<testcase name="T04.foundation.display_utf8" classname="T04.foundation.display_utf8" time="0.0151003" status="run">
		<properties>
			<property name="cmake_labels" value="D1.01"/>
		</properties>
		<system-out>T04.foundation.display_utf8 Passed
</system-out>
	</testcase>
	<testcase name="T04.foundation.checked_arithmetic" classname="T04.foundation.checked_arithmetic" time="0.0142032" status="run">
		<properties>
			<property name="cmake_labels" value="D1.01"/>
		</properties>
		<system-out>T04.foundation.checked_arithmetic Passed
</system-out>
	</testcase>
	<testcase name="T04.foundation.checked_narrowing" classname="T04.foundation.checked_narrowing" time="0.013815" status="run">
		<properties>
			<property name="cmake_labels" value="D1.01"/>
		</properties>
		<system-out>T04.foundation.checked_narrowing Passed
</system-out>
	</testcase>
	<testcase name="T04.foundation.checked_count_atomic_update" classname="T04.foundation.checked_count_atomic_update" time="0.0148833" status="run">
		<properties>
			<property name="cmake_labels" value="D1.01"/>
		</properties>
		<system-out>T04.foundation.checked_count_atomic_update Passed
</system-out>
	</testcase>
	<testcase name="T04.foundation.invariant_fail_fast" classname="T04.foundation.invariant_fail_fast" time="0.301408" status="run">
		<properties>
			<property name="cmake_labels" value="D1.01"/>
		</properties>
		<system-out>{"case": "T04.foundation.invariant_fail_fast", "status": "Passed", "evidence": "E:\\VS2019Qt5.15\\3D\\build\\d1.01-debug\\tests\\unit\\foundation\\child-runs\\b33ba725e789430f862e3a19450dc464"}
</system-out>
	</testcase>
	<testcase name="T05.foundation.name_ascii_bounds" classname="T05.foundation.name_ascii_bounds" time="0.0136514" status="run">
		<properties>
			<property name="cmake_labels" value="D1.01"/>
		</properties>
		<system-out>T05.foundation.name_ascii_bounds Passed
</system-out>
	</testcase>
	<testcase name="T05.foundation.name_case_and_ownership" classname="T05.foundation.name_case_and_ownership" time="0.0152438" status="run">
		<properties>
			<property name="cmake_labels" value="D1.01"/>
		</properties>
		<system-out>T05.foundation.name_case_and_ownership Passed
</system-out>
	</testcase>
	<testcase name="T05.foundation.tagged_identity_types" classname="T05.foundation.tagged_identity_types" time="0.0248596" status="run">
		<properties>
			<property name="cmake_labels" value="D1.01"/>
		</properties>
		<system-out>T05.foundation.tagged_identity_types Passed
</system-out>
	</testcase>
	<testcase name="T05.foundation.identity_canonical_codec" classname="T05.foundation.identity_canonical_codec" time="0.0157948" status="run">
		<properties>
			<property name="cmake_labels" value="D1.01"/>
		</properties>
		<system-out>T05.foundation.identity_canonical_codec Passed
</system-out>
	</testcase>
	<testcase name="T05.foundation.bound_handle_generation" classname="T05.foundation.bound_handle_generation" time="0.0233691" status="run">
		<properties>
			<property name="cmake_labels" value="D1.01"/>
		</properties>
		<system-out>T05.foundation.bound_handle_generation Passed
</system-out>
	</testcase>
	<testcase name="T05.foundation.runtime_epoch_separation" classname="T05.foundation.runtime_epoch_separation" time="0.0159946" status="run">
		<properties>
			<property name="cmake_labels" value="D1.01"/>
		</properties>
		<system-out>T05.foundation.runtime_epoch_separation Passed
</system-out>
	</testcase>
</testsuite>
