<?xml version="1.0" encoding="UTF-8"?>
<testsuite name="Win32-MSBuild"
	tests="62"
	failures="0"
	disabled="0"
	skipped="0"
	hostname="DESKTOP-U2F62TA"
	time="170"
	timestamp="2026-09-12T11:07:24"
	>
	<testcase name="T24.state.settings_service" classname="T24.state.settings_service" time="0.0553619" status="run">
		<properties>
			<property name="cmake_labels" value="B6"/>
		</properties>
		<system-out>{"checks":{"native_state":true,"managed_state":true,"publication_proof":true,"revision":2}}
</system-out>
	</testcase>
	<testcase name="T24.state.installed_consumer" classname="T24.state.installed_consumer" time="13.737" status="run">
		<properties>
			<property name="cmake_labels" value="B6"/>
		</properties>
		<system-out>argv: ['cmake', '--install', 'J:\\Code\\Kernel_v2\\build\\b6-formal-debug', '--config', 'Debug', '--prefix', 'J:\\Code\\Kernel_v2\\build\\state-install-x4drcs8c\\original'] exit_code: 0
argv: ['cmake', '-S', 'J:\\Code\\Kernel_v2\\build\\state-install-x4drcs8c\\source', '-G', 'Visual Studio 17 2022', '-A', 'x64', '-T', 'v143,version=14.44.35207', '-DCMAKE_SYSTEM_VERSION=10.0.26100.0', '-DCMAKE_TOOLCHAIN_FILE=J:\\Code\\Kernel_v2/cmake/LockedMSVC.cmake', '-DCMAKE_PREFIX_PATH=J:\\Code\\Kernel_v2\\build\\state-install-x4drcs8c\\relocated', '-DOCK_CONSUMER_ASAN=OFF', '-B', 'J:\\Code\\Kernel_v2\\build\\state-install-x4drcs8c\\consumer'] exit_code: 0
argv: ['cmake', '--build', 'J:\\Code\\Kernel_v2\\build\\state-install-x4drcs8c\\consumer', '--config', 'Debug', '--parallel', '4', '--', '/nr:false'] exit_code: 0
argv: ['J:\\Code\\Kernel_v2\\build\\state-install-x4drcs8c\\consumer\\Debug\\installed_state.exe'] exit_code: 0
argv: ['cmake', '-S', 'J:\\Code\\Kernel_v2\\build\\state-install-x4drcs8c\\source', '-G', 'Visual ...
[This part of the test output was removed since it exceeds the threshold of 1024 bytes.]
</system-out>
	</testcase>
	<testcase name="T24.sdk.version_header" classname="T24.sdk.version_header" time="0.0582001" status="run">
		<properties>
			<property name="cmake_labels" value="D0.02"/>
		</properties>
		<system-out>0.1.0-dev.7
</system-out>
	</testcase>
	<testcase name="T01.architecture.dependency_dag" classname="T01.architecture.dependency_dag" time="0.365242" status="run">
		<properties>
			<property name="cmake_labels" value="D0.02"/>
		</properties>
		<system-out>{
  "check_id": "CHECK.D0.02.architecture",
  "errors": [],
  "scope": "合同目标/公开表面静态检查；无Runtime运行或授权实现"
}
</system-out>
	</testcase>
	<testcase name="T01.architecture.negative_guards" classname="T01.architecture.negative_guards" time="15.9408" status="run">
		<properties>
			<property name="cmake_labels" value="D0.02"/>
		</properties>
		<system-out>test_approved_architecture_matches_manifest (test_architecture.ArchitectureTests.test_approved_architecture_matches_manifest) ... ok
test_authorized_immutable_read_is_allowed (test_architecture.ArchitectureTests.test_authorized_immutable_read_is_allowed) ... ok
test_client_has_no_server_dependency (test_architecture.ArchitectureTests.test_client_has_no_server_dependency) ... ok
test_comment_markers_inside_strings_do_not_hide_includes (test_architecture.ArchitectureTests.test_comment_markers_inside_strings_do_not_hide_includes) ... ok
test_dot_include_prefix_is_rejected (test_architecture.ArchitectureTests.test_dot_include_prefix_is_rejected) ... ok
test_dsl_is_not_a_required_release_component (test_architecture.ArchitectureTests.test_dsl_is_not_a_required_release_component) ... ok
test_generic_state_rpc_is_rejected (test_architecture.ArchitectureTests.test_generic_state_rpc_is_rejected) ... ok
test_include_comment_does_not_bypass_ownership (test_architecture.ArchitectureTests.test_include_comment_does_not_byp...
[This part of the test output was removed since it exceeds the threshold of 1024 bytes.]
</system-out>
	</testcase>
	<testcase name="T24.sdk.install_and_missing_components" classname="T24.sdk.install_and_missing_components" time="14.3499" status="run">
		<properties>
			<property name="cmake_labels" value="D0.02"/>
		</properties>
		<system-out>argv: ['cmake', '--install', 'J:\\Code\\Kernel_v2\\build\\b6-formal-debug', '--config', 'Debug', '--prefix', 'J:\\Code\\Kernel_v2\\build\\install-check-p97c54cz\\original'] exit_code: 0
argv: ['cmake', '-S', 'J:\\Code\\Kernel_v2\\tests\\install_consumer\\baseline', '-G', 'Visual Studio 17 2022', '-A', 'x64', '-T', 'v143,version=14.44.35207', '-DCMAKE_SYSTEM_VERSION=10.0.26100.0', '-DCMAKE_TOOLCHAIN_FILE=J:\\Code\\Kernel_v2/cmake/LockedMSVC.cmake', '-DCMAKE_PREFIX_PATH=J:\\Code\\Kernel_v2\\build\\install-check-p97c54cz\\relocated', '-B', 'J:\\Code\\Kernel_v2\\build\\install-check-p97c54cz\\consumer'] exit_code: 0
argv: ['cmake', '--build', 'J:\\Code\\Kernel_v2\\build\\install-check-p97c54cz\\consumer', '--config', 'Debug', '--parallel'] exit_code: 0
argv: ['J:\\Code\\Kernel_v2\\build\\install-check-p97c54cz\\consumer\\Debug\\installed_metadata.exe'] exit_code: 0
argv: ['cmake', '-S', 'J:\\Code\\Kernel_v2\\tests\\install_consumer\\baseline', '-G', 'Visual Studio 17 2022', '-A', 'x64', '-T', 'v143,version=14.44....
[This part of the test output was removed since it exceeds the threshold of 1024 bytes.]
</system-out>
	</testcase>
	<testcase name="T01.contracts.component_closure" classname="T01.contracts.component_closure" time="1.63989" status="run">
		<properties>
			<property name="cmake_labels" value="D1.02"/>
		</properties>
		<system-out>test_contracts_cannot_duplicate_or_add_third_party_backend (tests.architecture.test_contracts_stage.ComponentClosureTests.test_contracts_cannot_duplicate_or_add_third_party_backend) ... ok
test_core_stage_preserves_foundation_and_only_adds_contracts (tests.architecture.test_contracts_stage.ComponentClosureTests.test_core_stage_preserves_foundation_and_only_adds_contracts) ... ok
test_foundation_cannot_regress_or_lose_expected (tests.architecture.test_contracts_stage.ComponentClosureTests.test_foundation_cannot_regress_or_lose_expected) ... ok
test_other_product_implementation_rejected (tests.architecture.test_contracts_stage.ComponentClosureTests.test_other_product_implementation_rejected) ... ok
test_product_closure_rejects_other_modules_and_unknown_targets (tests.architecture.test_contracts_stage.ComponentClosureTests.test_product_closure_rejects_other_modules_and_unknown_targets) ... ok

----------------------------------------------------------------------
Ran 5 tests in 1.538s

OK
</system-out>
	</testcase>
	<testcase name="T01.contracts.public_include_boundary" classname="T01.contracts.public_include_boundary" time="4.0628" status="run">
		<properties>
			<property name="cmake_labels" value="D1.02"/>
		</properties>
		<system-out>test_actual_public_macros_and_compile_conditions_match_manifest (tests.architecture.test_contracts_stage.PublicBoundaryTests.test_actual_public_macros_and_compile_conditions_match_manifest) ... ok
test_comments_literals_and_narrow_types_not_backdoors (tests.architecture.test_contracts_stage.PublicBoundaryTests.test_comments_literals_and_narrow_types_not_backdoors) ... ok
test_dom_sql_and_runtime_includes_rejected (tests.architecture.test_contracts_stage.PublicBoundaryTests.test_dom_sql_and_runtime_includes_rejected) ... ok
test_exact_six_headers_required (tests.architecture.test_contracts_stage.PublicBoundaryTests.test_exact_six_headers_required) ... ok
test_public_capability_backdoors_rejected (tests.architecture.test_contracts_stage.PublicBoundaryTests.test_public_capability_backdoors_rejected) ... ok
test_registered_public_macros_must_remain_explicitly_empty (tests.architecture.test_contracts_stage.PublicBoundaryTests.test_registered_public_macros_must_remain_explicitly_empty) ... ok

---------------------...
[This part of the test output was removed since it exceeds the threshold of 1024 bytes.]
</system-out>
	</testcase>
	<testcase name="T24.contracts.public_headers" classname="T24.contracts.public_headers" time="12.5298" status="run">
		<properties>
			<property name="cmake_labels" value="D1.02"/>
		</properties>
		<system-out>{"case": "public_headers", "status": "Passed", "work": "J:\\Code\\Kernel_v2\\build\\d1.02-sdk\\e2a57341fae2480791362dcfec2aedf8"}
</system-out>
	</testcase>
	<testcase name="T24.contracts.installed_component_consumer" classname="T24.contracts.installed_component_consumer" time="40.2663" status="run">
		<properties>
			<property name="cmake_labels" value="D1.02"/>
		</properties>
		<system-out>{"case": "installed_component_consumer", "status": "Passed", "work": "J:\\Code\\Kernel_v2\\build\\d1.02-sdk\\8cf233811f7b4f2d91ea291a51d7384b"}
</system-out>
	</testcase>
	<testcase name="T08.state.frozen_roots" classname="T08.state.frozen_roots" time="0.0583979" status="run">
		<properties/>
		<system-out></system-out>
	</testcase>
	<testcase name="T08.state.snapshot_ownership" classname="T08.state.snapshot_ownership" time="0.0489573" status="run">
		<properties/>
		<system-out></system-out>
	</testcase>
	<testcase name="T09.state.memory_commit" classname="T09.state.memory_commit" time="0.0527336" status="run">
		<properties/>
		<system-out></system-out>
	</testcase>
	<testcase name="T10.state.atomic_group" classname="T10.state.atomic_group" time="0.0507105" status="run">
		<properties/>
		<system-out></system-out>
	</testcase>
	<testcase name="T06.state.runtime_native" classname="T06.state.runtime_native" time="0.0495955" status="run">
		<properties/>
		<system-out></system-out>
	</testcase>
	<testcase name="T09.state.object_references" classname="T09.state.object_references" time="0.0423867" status="run">
		<properties/>
		<system-out></system-out>
	</testcase>
	<testcase name="T23.state.structural_sharing_cost" classname="T23.state.structural_sharing_cost" time="0.0820051" status="run">
		<properties/>
		<system-out>{"objects":4096,"snapshot_copies":100000,"snapshot_copy_us":1439,"single_edit_us":36,"root_owned_bytes":1310760,"shared_body":true}
</system-out>
	</testcase>
	<testcase name="T02.contracts.compile_fixture_setup" classname="T02.contracts.compile_fixture_setup" time="3.86876" status="run">
		<properties>
			<property name="cmake_labels" value="CompileContracts;Tools"/>
		</properties>
		<system-out>{"status": "Ready", "fixture": "J:/Code/Kernel_v2/build/b6-formal-debug/tests/compile/contracts/child-runs/fixtures/4a61b51ff3e0e151ab8a5aae", "run_id": "4a61b51ff3e0e151ab8a5aae", "evidence": "J:\\Code\\Kernel_v2\\build\\b6-formal-debug\\tests\\compile\\contracts\\child-runs\\setup-4a61b51ff3e0e151ab8a5aae"}
</system-out>
	</testcase>
	<testcase name="T02.contracts.state_edit_shape" classname="T02.contracts.state_edit_shape" time="7.77347" status="run">
		<properties>
			<property name="cmake_labels" value="D1.02"/>
		</properties>
		<system-out>{"case": "T02.contracts.state_edit_shape", "status": "Passed", "evidence": "J:\\Code\\Kernel_v2\\build\\b6-formal-debug\\tests\\compile\\contracts\\child-runs\\e3d39925af704122bc44d79bf32bbae9"}
</system-out>
	</testcase>
	<testcase name="T02.contracts.context_capability_boundary" classname="T02.contracts.context_capability_boundary" time="14.1548" status="run">
		<properties>
			<property name="cmake_labels" value="D1.02"/>
		</properties>
		<system-out>{"case": "T02.contracts.context_capability_boundary", "status": "Passed", "evidence": "J:\\Code\\Kernel_v2\\build\\b6-formal-debug\\tests\\compile\\contracts\\child-runs\\41620a95d51047119270e8b74be1bf5f"}
</system-out>
	</testcase>
	<testcase name="T02.contracts.atomic_read_adapters" classname="T02.contracts.atomic_read_adapters" time="7.49342" status="run">
		<properties>
			<property name="cmake_labels" value="D1.02"/>
		</properties>
		<system-out>{"case": "T02.contracts.atomic_read_adapters", "status": "Passed", "evidence": "J:\\Code\\Kernel_v2\\build\\b6-formal-debug\\tests\\compile\\contracts\\child-runs\\f961f35088bf466299abf9b42d3e05e9"}
</system-out>
	</testcase>
	<testcase name="T02.contracts.atomic_async_rejected" classname="T02.contracts.atomic_async_rejected" time="5.34418" status="run">
		<properties>
			<property name="cmake_labels" value="D1.02"/>
		</properties>
		<system-out>{"case": "T02.contracts.atomic_async_rejected", "status": "Passed", "evidence": "J:\\Code\\Kernel_v2\\build\\b6-formal-debug\\tests\\compile\\contracts\\child-runs\\24f854cde1354afba702f0df91a65c34"}
</system-out>
	</testcase>
	<testcase name="T06.contracts.outcome_closed_variants" classname="T06.contracts.outcome_closed_variants" time="0.0847188" status="run">
		<properties>
			<property name="cmake_labels" value="D1.02"/>
		</properties>
		<system-out>Passed T06.contracts.outcome_closed_variants
</system-out>
	</testcase>
	<testcase name="T06.contracts.publication_proof_required" classname="T06.contracts.publication_proof_required" time="0.0566529" status="run">
		<properties>
			<property name="cmake_labels" value="D1.02"/>
		</properties>
		<system-out>Passed T06.contracts.publication_proof_required
</system-out>
	</testcase>
	<testcase name="T06.contracts.before_apply_and_composite_proofs" classname="T06.contracts.before_apply_and_composite_proofs" time="0.0485035" status="run">
		<properties>
			<property name="cmake_labels" value="D1.02"/>
		</properties>
		<system-out>Passed T06.contracts.before_apply_and_composite_proofs
</system-out>
	</testcase>
	<testcase name="T06.contracts.atomic_prepared_identity" classname="T06.contracts.atomic_prepared_identity" time="0.053196" status="run">
		<properties>
			<property name="cmake_labels" value="D1.02"/>
		</properties>
		<system-out>Passed T06.contracts.atomic_prepared_identity
</system-out>
	</testcase>
	<testcase name="T02.registration.atomic_candidate_contract" classname="T02.registration.atomic_candidate_contract" time="0.0569284" status="run">
		<properties>
			<property name="cmake_labels" value="D1.03"/>
		</properties>
		<system-out></system-out>
	</testcase>
	<testcase name="T02.registration.provider_binding" classname="T02.registration.provider_binding" time="0.0460918" status="run">
		<properties>
			<property name="cmake_labels" value="D1.03"/>
		</properties>
		<system-out></system-out>
	</testcase>
	<testcase name="T02.registration.service_binding" classname="T02.registration.service_binding" time="0.0460973" status="run">
		<properties>
			<property name="cmake_labels" value="D1.03"/>
		</properties>
		<system-out></system-out>
	</testcase>
	<testcase name="T02.registration.shape_compile_contract" classname="T02.registration.shape_compile_contract" time="15.0065" status="run">
		<properties>
			<property name="cmake_labels" value="D1.03"/>
		</properties>
		<system-out>{"case": "T02.registration.shape_compile_contract", "status": "Passed", "evidence": "J:\\Code\\Kernel_v2\\build\\b6-formal-debug\\tests\\contract\\registration\\child-runs\\44a37e3e19a34ebb99e9efaef124f101"}
</system-out>
	</testcase>
	<testcase name="T05.registration.typed_binding_success" classname="T05.registration.typed_binding_success" time="0.0504177" status="run">
		<properties>
			<property name="cmake_labels" value="D1.03"/>
		</properties>
		<system-out></system-out>
	</testcase>
	<testcase name="T07.policy.cancel_arbitration" classname="T07.policy.cancel_arbitration" time="0.0589211" status="run">
		<properties>
			<property name="cmake_labels" value="D1.04"/>
		</properties>
		<system-out></system-out>
	</testcase>
	<testcase name="T07.policy.consume_before_revoke" classname="T07.policy.consume_before_revoke" time="0.0583025" status="run">
		<properties>
			<property name="cmake_labels" value="D1.04"/>
		</properties>
		<system-out></system-out>
	</testcase>
	<testcase name="T07.policy.expiry_boundary" classname="T07.policy.expiry_boundary" time="0.0635737" status="run">
		<properties>
			<property name="cmake_labels" value="D1.04"/>
		</properties>
		<system-out></system-out>
	</testcase>
	<testcase name="T07.policy.permit_concurrent" classname="T07.policy.permit_concurrent" time="0.054982" status="run">
		<properties>
			<property name="cmake_labels" value="D1.04"/>
		</properties>
		<system-out></system-out>
	</testcase>
	<testcase name="T07.policy.permit_once" classname="T07.policy.permit_once" time="0.0569827" status="run">
		<properties>
			<property name="cmake_labels" value="D1.04"/>
		</properties>
		<system-out></system-out>
	</testcase>
	<testcase name="T07.policy.permit_origin_binding" classname="T07.policy.permit_origin_binding" time="10.3398" status="run">
		<properties>
			<property name="cmake_labels" value="D1.04"/>
		</properties>
		<system-out>{"case": "T07.policy.permit_origin_binding", "status": "Passed", "evidence": "J:\\Code\\Kernel_v2\\build\\b6-formal-debug\\tests\\contract\\authorization\\child-runs\\77825c98123749d3a6a61e249dddb757"}
</system-out>
	</testcase>
	<testcase name="T07.policy.revoke_before_consume" classname="T07.policy.revoke_before_consume" time="0.0840674" status="run">
		<properties>
			<property name="cmake_labels" value="D1.04"/>
		</properties>
		<system-out></system-out>
	</testcase>
	<testcase name="T07.policy.target_lifecycle" classname="T07.policy.target_lifecycle" time="0.0720677" status="run">
		<properties>
			<property name="cmake_labels" value="D1.04"/>
		</properties>
		<system-out></system-out>
	</testcase>
	<testcase name="T02.native.candidate_read_dispatch" classname="T02.native.candidate_read_dispatch" time="0.057431" status="run">
		<properties>
			<property name="cmake_labels" value="D1.05"/>
		</properties>
		<system-out></system-out>
	</testcase>
	<testcase name="T02.native.invalid_input" classname="T02.native.invalid_input" time="0.0703192" status="run">
		<properties>
			<property name="cmake_labels" value="D1.05"/>
		</properties>
		<system-out></system-out>
	</testcase>
	<testcase name="T02.native.validation_exception" classname="T02.native.validation_exception" time="0.051222" status="run">
		<properties>
			<property name="cmake_labels" value="D1.05"/>
		</properties>
		<system-out></system-out>
	</testcase>
	<testcase name="T03.native.cancel_and_budget" classname="T03.native.cancel_and_budget" time="0.0510782" status="run">
		<properties>
			<property name="cmake_labels" value="D1.05"/>
		</properties>
		<system-out></system-out>
	</testcase>
	<testcase name="T03.native.managed_execution_path" classname="T03.native.managed_execution_path" time="0.0451655" status="run">
		<properties>
			<property name="cmake_labels" value="B5;D3.04"/>
		</properties>
		<system-out></system-out>
	</testcase>
	<testcase name="T03.native.managed_record" classname="T03.native.managed_record" time="0.0710438" status="run">
		<properties>
			<property name="cmake_labels" value="B5;D3.04"/>
		</properties>
		<system-out></system-out>
	</testcase>
	<testcase name="T03.native.managed_record_ownership" classname="T03.native.managed_record_ownership" time="0.068227" status="run">
		<properties>
			<property name="cmake_labels" value="B5;D3.04"/>
		</properties>
		<system-out></system-out>
	</testcase>
	<testcase name="T03.native.no_task_path" classname="T03.native.no_task_path" time="0.056229" status="run">
		<properties>
			<property name="cmake_labels" value="D1.05"/>
		</properties>
		<system-out></system-out>
	</testcase>
	<testcase name="T03.native.provider_unavailable" classname="T03.native.provider_unavailable" time="0.0803448" status="run">
		<properties>
			<property name="cmake_labels" value="D1.05"/>
		</properties>
		<system-out></system-out>
	</testcase>
	<testcase name="T03.native.reentrant_and_concurrent" classname="T03.native.reentrant_and_concurrent" time="0.102292" status="run">
		<properties>
			<property name="cmake_labels" value="D1.05"/>
		</properties>
		<system-out></system-out>
	</testcase>
	<testcase name="T03.native.thread_modes" classname="T03.native.thread_modes" time="0.049974" status="run">
		<properties>
			<property name="cmake_labels" value="D1.05"/>
		</properties>
		<system-out></system-out>
	</testcase>
	<testcase name="T06.native.authority_origin" classname="T06.native.authority_origin" time="0.0621783" status="run">
		<properties>
			<property name="cmake_labels" value="D1.05"/>
		</properties>
		<system-out></system-out>
	</testcase>
	<testcase name="T06.native.business_failure" classname="T06.native.business_failure" time="0.0456869" status="run">
		<properties>
			<property name="cmake_labels" value="D1.05"/>
		</properties>
		<system-out></system-out>
	</testcase>
	<testcase name="T06.native.invalid_output" classname="T06.native.invalid_output" time="0.0744931" status="run">
		<properties>
			<property name="cmake_labels" value="D1.05"/>
		</properties>
		<system-out></system-out>
	</testcase>
	<testcase name="T06.native.managed_accepted_failures" classname="T06.native.managed_accepted_failures" time="0.0969888" status="run">
		<properties>
			<property name="cmake_labels" value="D1.05"/>
		</properties>
		<system-out></system-out>
	</testcase>
	<testcase name="T06.native.outcome_consistency" classname="T06.native.outcome_consistency" time="0.0358902" status="run">
		<properties>
			<property name="cmake_labels" value="D1.05"/>
		</properties>
		<system-out></system-out>
	</testcase>
	<testcase name="T06.native.permission_intersection" classname="T06.native.permission_intersection" time="0.0837479" status="run">
		<properties>
			<property name="cmake_labels" value="D1.05"/>
		</properties>
		<system-out></system-out>
	</testcase>
	<testcase name="T06.native.revoke_and_regrant" classname="T06.native.revoke_and_regrant" time="0.080357" status="run">
		<properties>
			<property name="cmake_labels" value="D1.05"/>
		</properties>
		<system-out></system-out>
	</testcase>
	<testcase name="T06.native.target_binding" classname="T06.native.target_binding" time="0.0560953" status="run">
		<properties>
			<property name="cmake_labels" value="D1.05"/>
		</properties>
		<system-out></system-out>
	</testcase>
	<testcase name="T23.native.allocation_governance" classname="T23.native.allocation_governance" time="0.208534" status="run">
		<properties>
			<property name="cmake_labels" value="D1.05"/>
		</properties>
		<system-out>{"case": "T23.native.allocation_governance", "status": "Passed", "evidence": "J:\\Code\\Kernel_v2\\build\\b6-formal-debug\\tests\\contract\\native\\child-runs\\756dfa346f444d4e907376a2653c80f3"}
</system-out>
	</testcase>
	<testcase name="T23.native.allocation_other_costs" classname="T23.native.allocation_other_costs" time="0.217588" status="run">
		<properties>
			<property name="cmake_labels" value="D1.05"/>
		</properties>
		<system-out>{"case": "T23.native.allocation_other_costs", "status": "Passed", "evidence": "J:\\Code\\Kernel_v2\\build\\b6-formal-debug\\tests\\contract\\native\\child-runs\\afa7f771149249398fc7875e57fa278f"}
</system-out>
	</testcase>
	<testcase name="T23.native.allocation_probe" classname="T23.native.allocation_probe" time="0.230683" status="run">
		<properties>
			<property name="cmake_labels" value="D1.05"/>
		</properties>
		<system-out>{"case": "T23.native.allocation_probe", "status": "Passed", "evidence": "J:\\Code\\Kernel_v2\\build\\b6-formal-debug\\tests\\contract\\native\\child-runs\\324c582065c849d8b4129487ec068276"}
</system-out>
	</testcase>
	<testcase name="T23.native.allocation_steady" classname="T23.native.allocation_steady" time="0.168473" status="run">
		<properties>
			<property name="cmake_labels" value="D1.05"/>
		</properties>
		<system-out>{"case": "T23.native.allocation_steady", "status": "Passed", "evidence": "J:\\Code\\Kernel_v2\\build\\b6-formal-debug\\tests\\contract\\native\\child-runs\\bfe0966703ae43a1867b6b4843def386"}
</system-out>
	</testcase>
</testsuite>
