<?xml version="1.0" encoding="UTF-8"?>
<testsuite name="Win32-MSBuild"
	tests="53"
	failures="0"
	disabled="0"
	skipped="0"
	hostname="MSI"
	time="30"
	timestamp="2026-09-07T15:02:18"
	>
	<testcase name="T04.plan.golden_nodes" classname="T04.plan.golden_nodes" time="0.699727" status="run">
		<properties>
			<property name="cmake_labels" value="D0.04"/>
		</properties>
		<system-out>test_T04_plan_golden_nodes (test_plan_contract.PlanContracts.test_T04_plan_golden_nodes) ... ok

----------------------------------------------------------------------
Ran 1 test in 0.051s

OK
</system-out>
	</testcase>
	<testcase name="T04.plan.wire_rejects_return_and_unknown" classname="T04.plan.wire_rejects_return_and_unknown" time="0.695903" status="run">
		<properties>
			<property name="cmake_labels" value="D0.04"/>
		</properties>
		<system-out>test_T04_plan_wire_rejects_return_and_unknown (test_plan_contract.PlanContracts.test_T04_plan_wire_rejects_return_and_unknown) ... ok

----------------------------------------------------------------------
Ran 1 test in 0.013s

OK
</system-out>
	</testcase>
	<testcase name="T04.plan.pointer_missing_null_and_escapes" classname="T04.plan.pointer_missing_null_and_escapes" time="0.611472" status="run">
		<properties>
			<property name="cmake_labels" value="D0.04"/>
		</properties>
		<system-out>test_T04_plan_pointer_missing_null_and_escapes (test_plan_contract.PlanContracts.test_T04_plan_pointer_missing_null_and_escapes) ... ok

----------------------------------------------------------------------
Ran 1 test in 0.000s

OK
</system-out>
	</testcase>
	<testcase name="T04.plan.binding_overlap_and_constants" classname="T04.plan.binding_overlap_and_constants" time="0.613874" status="run">
		<properties>
			<property name="cmake_labels" value="D0.04"/>
		</properties>
		<system-out>test_T04_plan_binding_overlap_and_constants (test_plan_contract.PlanContracts.test_T04_plan_binding_overlap_and_constants) ... ok

----------------------------------------------------------------------
Ran 1 test in 0.000s

OK
</system-out>
	</testcase>
	<testcase name="T04.plan.binding_requires_parent_and_validates_whole" classname="T04.plan.binding_requires_parent_and_validates_whole" time="0.586485" status="run">
		<properties>
			<property name="cmake_labels" value="D0.04"/>
		</properties>
		<system-out>test_T04_plan_binding_requires_parent_and_validates_whole (test_plan_contract.PlanContracts.test_T04_plan_binding_requires_parent_and_validates_whole) ... ok

----------------------------------------------------------------------
Ran 1 test in 0.003s

OK
</system-out>
	</testcase>
	<testcase name="T11.plan.scope_single_assignment_and_forward" classname="T11.plan.scope_single_assignment_and_forward" time="0.686154" status="run">
		<properties>
			<property name="cmake_labels" value="D0.04"/>
		</properties>
		<system-out>test_T11_plan_scope_single_assignment_and_forward (test_plan_contract.PlanContracts.test_T11_plan_scope_single_assignment_and_forward) ... ok

----------------------------------------------------------------------
Ran 1 test in 0.016s

OK
</system-out>
	</testcase>
	<testcase name="T11.plan.exports_and_branch_types" classname="T11.plan.exports_and_branch_types" time="0.848916" status="run">
		<properties>
			<property name="cmake_labels" value="D0.04"/>
		</properties>
		<system-out>test_T11_plan_exports_and_branch_types (test_plan_contract.PlanContracts.test_T11_plan_exports_and_branch_types) ... ok

----------------------------------------------------------------------
Ran 1 test in 0.017s

OK
</system-out>
	</testcase>
	<testcase name="T11.plan.ticket_is_typed_and_consumed" classname="T11.plan.ticket_is_typed_and_consumed" time="0.521221" status="run">
		<properties>
			<property name="cmake_labels" value="D0.04"/>
		</properties>
		<system-out>test_T11_plan_ticket_is_typed_and_consumed (test_plan_contract.PlanContracts.test_T11_plan_ticket_is_typed_and_consumed) ... ok

----------------------------------------------------------------------
Ran 1 test in 0.007s

OK
</system-out>
	</testcase>
	<testcase name="T10.plan.atomic_result_and_dynamic_check" classname="T10.plan.atomic_result_and_dynamic_check" time="0.935507" status="run">
		<properties>
			<property name="cmake_labels" value="D0.04"/>
		</properties>
		<system-out>test_T10_plan_atomic_result_and_dynamic_check (test_plan_contract.PlanContracts.test_T10_plan_atomic_result_and_dynamic_check) ... ok

----------------------------------------------------------------------
Ran 1 test in 0.007s

OK
</system-out>
	</testcase>
	<testcase name="T10.plan.atomic_rejects_effect_and_ticket" classname="T10.plan.atomic_rejects_effect_and_ticket" time="0.530485" status="run">
		<properties>
			<property name="cmake_labels" value="D0.04"/>
		</properties>
		<system-out>test_T10_plan_atomic_rejects_effect_and_ticket (test_plan_contract.PlanContracts.test_T10_plan_atomic_rejects_effect_and_ticket) ... ok

----------------------------------------------------------------------
Ran 1 test in 0.009s

OK
</system-out>
	</testcase>
	<testcase name="T11.plan.expression_types_and_shortcircuit" classname="T11.plan.expression_types_and_shortcircuit" time="0.493332" status="run">
		<properties>
			<property name="cmake_labels" value="D0.04"/>
		</properties>
		<system-out>test_T11_plan_expression_types_and_shortcircuit (test_plan_contract.PlanContracts.test_T11_plan_expression_types_and_shortcircuit) ... ok

----------------------------------------------------------------------
Ran 1 test in 0.000s

OK
</system-out>
	</testcase>
	<testcase name="T11.plan.foreach_fixed_limit" classname="T11.plan.foreach_fixed_limit" time="0.525436" status="run">
		<properties>
			<property name="cmake_labels" value="D0.04"/>
		</properties>
		<system-out>test_T11_plan_foreach_fixed_limit (test_plan_contract.PlanContracts.test_T11_plan_foreach_fixed_limit) ... ok

----------------------------------------------------------------------
Ran 1 test in 0.004s

OK
</system-out>
	</testcase>
	<testcase name="T11.plan.parallel_order_and_policy" classname="T11.plan.parallel_order_and_policy" time="0.618244" status="run">
		<properties>
			<property name="cmake_labels" value="D0.04"/>
		</properties>
		<system-out>test_T11_plan_parallel_order_and_policy (test_plan_contract.PlanContracts.test_T11_plan_parallel_order_and_policy) ... ok

----------------------------------------------------------------------
Ran 1 test in 0.061s

OK
</system-out>
	</testcase>
	<testcase name="T22.plan.static_and_total_budget" classname="T22.plan.static_and_total_budget" time="1.78773" status="run">
		<properties>
			<property name="cmake_labels" value="D0.04"/>
		</properties>
		<system-out>test_T22_plan_static_and_total_budget (test_plan_contract.PlanContracts.test_T22_plan_static_and_total_budget) ... ok

----------------------------------------------------------------------
Ran 1 test in 1.277s

OK
</system-out>
	</testcase>
	<testcase name="T04.plan.examples_and_exact_operation" classname="T04.plan.examples_and_exact_operation" time="0.514059" status="run">
		<properties>
			<property name="cmake_labels" value="D0.04"/>
		</properties>
		<system-out>test_T04_plan_examples_and_exact_operation (test_plan_contract.PlanContracts.test_T04_plan_examples_and_exact_operation) ... ok

----------------------------------------------------------------------
Ran 1 test in 0.008s

OK
</system-out>
	</testcase>
	<testcase name="T10.plan.atomic_subset_and_partial_domain_bindings" classname="T10.plan.atomic_subset_and_partial_domain_bindings" time="0.511571" status="run">
		<properties>
			<property name="cmake_labels" value="D0.04"/>
		</properties>
		<system-out>test_T10_plan_atomic_subset_and_partial_domain_bindings (test_plan_contract.PlanContracts.test_T10_plan_atomic_subset_and_partial_domain_bindings) ... ok

----------------------------------------------------------------------
Ran 1 test in 0.016s

OK
</system-out>
	</testcase>
	<testcase name="T11.plan.dateref_and_branch_ticket_lifetime" classname="T11.plan.dateref_and_branch_ticket_lifetime" time="0.475104" status="run">
		<properties>
			<property name="cmake_labels" value="D0.04"/>
		</properties>
		<system-out>test_T11_plan_dateref_and_branch_ticket_lifetime (test_plan_contract.PlanContracts.test_T11_plan_dateref_and_branch_ticket_lifetime) ... ok

----------------------------------------------------------------------
Ran 1 test in 0.011s

OK
</system-out>
	</testcase>
	<testcase name="T04.plan.expression_static_types_not_hidden_by_shortcircuit" classname="T04.plan.expression_static_types_not_hidden_by_shortcircuit" time="0.49502" status="run">
		<properties>
			<property name="cmake_labels" value="D0.04"/>
		</properties>
		<system-out>test_T04_plan_expression_static_types_not_hidden_by_shortcircuit (test_plan_contract.PlanContracts.test_T04_plan_expression_static_types_not_hidden_by_shortcircuit) ... ok

----------------------------------------------------------------------
Ran 1 test in 0.016s

OK
</system-out>
	</testcase>
	<testcase name="T22.plan.payload_and_control_depth" classname="T22.plan.payload_and_control_depth" time="0.509049" status="run">
		<properties>
			<property name="cmake_labels" value="D0.04"/>
		</properties>
		<system-out>test_T22_plan_payload_and_control_depth (test_plan_contract.PlanContracts.test_T22_plan_payload_and_control_depth) ... ok

----------------------------------------------------------------------
Ran 1 test in 0.037s

OK
</system-out>
	</testcase>
	<testcase name="T22.plan.loop_control_cost" classname="T22.plan.loop_control_cost" time="0.544462" status="run">
		<properties>
			<property name="cmake_labels" value="D0.04"/>
		</properties>
		<system-out>test_T22_plan_loop_control_cost (test_plan_contract.PlanContracts.test_T22_plan_loop_control_cost) ... ok

----------------------------------------------------------------------
Ran 1 test in 0.044s

OK
</system-out>
	</testcase>
	<testcase name="T22.plan.payload_component_budgets" classname="T22.plan.payload_component_budgets" time="0.585273" status="run">
		<properties>
			<property name="cmake_labels" value="D0.04"/>
		</properties>
		<system-out>test_T22_plan_payload_component_budgets (test_plan_contract.PlanContracts.test_T22_plan_payload_component_budgets) ... ok

----------------------------------------------------------------------
Ran 1 test in 0.063s

OK
</system-out>
	</testcase>
	<testcase name="T04.plan.bound_domain_and_target_validate_full_schema" classname="T04.plan.bound_domain_and_target_validate_full_schema" time="0.603943" status="run">
		<properties>
			<property name="cmake_labels" value="D0.04"/>
		</properties>
		<system-out>test_T04_plan_bound_domain_and_target_validate_full_schema (test_plan_contract.PlanContracts.test_T04_plan_bound_domain_and_target_validate_full_schema) ... ok

----------------------------------------------------------------------
Ran 1 test in 0.024s

OK
</system-out>
	</testcase>
	<testcase name="T04.control.message_golden_and_directions" classname="T04.control.message_golden_and_directions" time="0.734751" status="run">
		<properties>
			<property name="cmake_labels" value="D0.04"/>
		</properties>
		<system-out>test_T04_control_message_golden_and_directions (test_control_contract.ControlContracts.test_T04_control_message_golden_and_directions) ... ok

----------------------------------------------------------------------
Ran 1 test in 0.022s

OK
</system-out>
	</testcase>
	<testcase name="T19.control.terminal_before_subscribe" classname="T19.control.terminal_before_subscribe" time="0.563563" status="run">
		<properties>
			<property name="cmake_labels" value="D0.04"/>
		</properties>
		<system-out>test_T19_control_terminal_before_subscribe (test_control_contract.ControlContracts.test_T19_control_terminal_before_subscribe) ... ok

----------------------------------------------------------------------
Ran 1 test in 0.002s

OK
</system-out>
	</testcase>
	<testcase name="T19.control.terminal_during_establishment" classname="T19.control.terminal_during_establishment" time="0.539517" status="run">
		<properties>
			<property name="cmake_labels" value="D0.04"/>
		</properties>
		<system-out>test_T19_control_terminal_during_establishment (test_control_contract.ControlContracts.test_T19_control_terminal_during_establishment) ... ok

----------------------------------------------------------------------
Ran 1 test in 0.003s

OK
</system-out>
	</testcase>
	<testcase name="T19.control.ack_before_events" classname="T19.control.ack_before_events" time="0.546527" status="run">
		<properties>
			<property name="cmake_labels" value="D0.04"/>
		</properties>
		<system-out>test_T19_control_ack_before_events (test_control_contract.ControlContracts.test_T19_control_ack_before_events) ... ok

----------------------------------------------------------------------
Ran 1 test in 0.007s

OK
</system-out>
	</testcase>
	<testcase name="T19.control.client_stale_snapshot_and_event" classname="T19.control.client_stale_snapshot_and_event" time="0.578081" status="run">
		<properties>
			<property name="cmake_labels" value="D0.04"/>
		</properties>
		<system-out>test_T19_control_client_stale_snapshot_and_event (test_control_contract.ControlContracts.test_T19_control_client_stale_snapshot_and_event) ... ok

----------------------------------------------------------------------
Ran 1 test in 0.004s

OK
</system-out>
	</testcase>
	<testcase name="T19.control.drop_without_later_notification" classname="T19.control.drop_without_later_notification" time="0.600584" status="run">
		<properties>
			<property name="cmake_labels" value="D0.04"/>
		</properties>
		<system-out>test_T19_control_drop_without_later_notification (test_control_contract.ControlContracts.test_T19_control_drop_without_later_notification) ... ok

----------------------------------------------------------------------
Ran 1 test in 0.005s

OK
</system-out>
	</testcase>
	<testcase name="T19.control.coalescing_preserves_sequence" classname="T19.control.coalescing_preserves_sequence" time="0.602411" status="run">
		<properties>
			<property name="cmake_labels" value="D0.04"/>
		</properties>
		<system-out>test_T19_control_coalescing_preserves_sequence (test_control_contract.ControlContracts.test_T19_control_coalescing_preserves_sequence) ... ok

----------------------------------------------------------------------
Ran 1 test in 0.006s

OK
</system-out>
	</testcase>
	<testcase name="T19.control.unsubscribe_connection_generation_inflight" classname="T19.control.unsubscribe_connection_generation_inflight" time="0.542654" status="run">
		<properties>
			<property name="cmake_labels" value="D0.04"/>
		</properties>
		<system-out>test_T19_control_unsubscribe_connection_generation_inflight (test_control_contract.ControlContracts.test_T19_control_unsubscribe_connection_generation_inflight) ... ok

----------------------------------------------------------------------
Ran 1 test in 0.003s

OK
</system-out>
	</testcase>
	<testcase name="T19.control.disconnect_and_reconnect" classname="T19.control.disconnect_and_reconnect" time="0.523608" status="run">
		<properties>
			<property name="cmake_labels" value="D0.04"/>
		</properties>
		<system-out>test_T19_control_disconnect_and_reconnect (test_control_contract.ControlContracts.test_T19_control_disconnect_and_reconnect) ... ok

----------------------------------------------------------------------
Ran 1 test in 0.006s

OK
</system-out>
	</testcase>
	<testcase name="T20.control.authorization_and_no_enumeration" classname="T20.control.authorization_and_no_enumeration" time="0.488302" status="run">
		<properties>
			<property name="cmake_labels" value="D0.04"/>
		</properties>
		<system-out>test_T20_control_authorization_and_no_enumeration (test_control_contract.ControlContracts.test_T20_control_authorization_and_no_enumeration) ... ok

----------------------------------------------------------------------
Ran 1 test in 0.004s

OK
</system-out>
	</testcase>
	<testcase name="T20.control.revoke_queued_and_send_arbitration" classname="T20.control.revoke_queued_and_send_arbitration" time="0.47206" status="run">
		<properties>
			<property name="cmake_labels" value="D0.04"/>
		</properties>
		<system-out>test_T20_control_revoke_queued_and_send_arbitration (test_control_contract.ControlContracts.test_T20_control_revoke_queued_and_send_arbitration) ... ok

----------------------------------------------------------------------
Ran 1 test in 0.004s

OK
</system-out>
	</testcase>
	<testcase name="T22.control.quotas_interval_and_slow_reader" classname="T22.control.quotas_interval_and_slow_reader" time="0.47613" status="run">
		<properties>
			<property name="cmake_labels" value="D0.04"/>
		</properties>
		<system-out>test_T22_control_quotas_interval_and_slow_reader (test_control_contract.ControlContracts.test_T22_control_quotas_interval_and_slow_reader) ... ok

----------------------------------------------------------------------
Ran 1 test in 0.006s

OK
</system-out>
	</testcase>
	<testcase name="T22.control.queue_memory_and_counter_limits" classname="T22.control.queue_memory_and_counter_limits" time="0.484133" status="run">
		<properties>
			<property name="cmake_labels" value="D0.04"/>
		</properties>
		<system-out>test_T22_control_queue_memory_and_counter_limits (test_control_contract.ControlContracts.test_T22_control_queue_memory_and_counter_limits) ... ok

----------------------------------------------------------------------
Ran 1 test in 0.008s

OK
</system-out>
	</testcase>
	<testcase name="T19.control.finalizing_and_projection" classname="T19.control.finalizing_and_projection" time="0.475965" status="run">
		<properties>
			<property name="cmake_labels" value="D0.04"/>
		</properties>
		<system-out>test_T19_control_finalizing_and_projection (test_control_contract.ControlContracts.test_T19_control_finalizing_and_projection) ... ok

----------------------------------------------------------------------
Ran 1 test in 0.004s

OK
</system-out>
	</testcase>
	<testcase name="T19.control.cursor_golden_mac" classname="T19.control.cursor_golden_mac" time="0.491443" status="run">
		<properties>
			<property name="cmake_labels" value="D0.04"/>
		</properties>
		<system-out>test_T19_control_cursor_golden_mac (test_control_contract.ControlContracts.test_T19_control_cursor_golden_mac) ... ok

----------------------------------------------------------------------
Ran 1 test in 0.001s

OK
</system-out>
	</testcase>
	<testcase name="T20.control.cursor_tamper_unknown_and_oversize" classname="T20.control.cursor_tamper_unknown_and_oversize" time="0.501808" status="run">
		<properties>
			<property name="cmake_labels" value="D0.04"/>
		</properties>
		<system-out>test_T20_control_cursor_tamper_unknown_and_oversize (test_control_contract.ControlContracts.test_T20_control_cursor_tamper_unknown_and_oversize) ... ok

----------------------------------------------------------------------
Ran 1 test in 0.004s

OK
</system-out>
	</testcase>
	<testcase name="T20.control.cursor_identity_filter_and_revocation" classname="T20.control.cursor_identity_filter_and_revocation" time="0.470884" status="run">
		<properties>
			<property name="cmake_labels" value="D0.04"/>
		</properties>
		<system-out>test_T20_control_cursor_identity_filter_and_revocation (test_control_contract.ControlContracts.test_T20_control_cursor_identity_filter_and_revocation) ... ok

----------------------------------------------------------------------
Ran 1 test in 0.004s

OK
</system-out>
	</testcase>
	<testcase name="T19.control.cursor_expiry_host_restore_and_no_restart" classname="T19.control.cursor_expiry_host_restore_and_no_restart" time="0.486953" status="run">
		<properties>
			<property name="cmake_labels" value="D0.04"/>
		</properties>
		<system-out>test_T19_control_cursor_expiry_host_restore_and_no_restart (test_control_contract.ControlContracts.test_T19_control_cursor_expiry_host_restore_and_no_restart) ... ok

----------------------------------------------------------------------
Ran 1 test in 0.008s

OK
</system-out>
	</testcase>
	<testcase name="T19.control.list_live_keyset_add_delete_change" classname="T19.control.list_live_keyset_add_delete_change" time="0.466299" status="run">
		<properties>
			<property name="cmake_labels" value="D0.04"/>
		</properties>
		<system-out>test_T19_control_list_live_keyset_add_delete_change (test_control_contract.ControlContracts.test_T19_control_list_live_keyset_add_delete_change) ... ok

----------------------------------------------------------------------
Ran 1 test in 0.005s

OK
</system-out>
	</testcase>
	<testcase name="T22.control.list_empty_page_advances_and_no_progress_rejected" classname="T22.control.list_empty_page_advances_and_no_progress_rejected" time="0.47955" status="run">
		<properties>
			<property name="cmake_labels" value="D0.04"/>
		</properties>
		<system-out>test_T22_control_list_empty_page_advances_and_no_progress_rejected (test_control_contract.ControlContracts.test_T22_control_list_empty_page_advances_and_no_progress_rejected) ... ok

----------------------------------------------------------------------
Ran 1 test in 0.003s

OK
</system-out>
	</testcase>
	<testcase name="T22.control.list_cursor_zero_handles_and_bounded_frame" classname="T22.control.list_cursor_zero_handles_and_bounded_frame" time="0.492454" status="run">
		<properties>
			<property name="cmake_labels" value="D0.04"/>
		</properties>
		<system-out>test_T22_control_list_cursor_zero_handles_and_bounded_frame (test_control_contract.ControlContracts.test_T22_control_list_cursor_zero_handles_and_bounded_frame) ... ok

----------------------------------------------------------------------
Ran 1 test in 0.025s

OK
</system-out>
	</testcase>
	<testcase name="T19.control.phase_not_delayed_by_progress_interval" classname="T19.control.phase_not_delayed_by_progress_interval" time="0.48029" status="run">
		<properties>
			<property name="cmake_labels" value="D0.04"/>
		</properties>
		<system-out>test_T19_control_phase_not_delayed_by_progress_interval (test_control_contract.ControlContracts.test_T19_control_phase_not_delayed_by_progress_interval) ... ok

----------------------------------------------------------------------
Ran 1 test in 0.005s

OK
</system-out>
	</testcase>
	<testcase name="T20.control.failed_subscribe_and_hidden_sequence" classname="T20.control.failed_subscribe_and_hidden_sequence" time="0.533891" status="run">
		<properties>
			<property name="cmake_labels" value="D0.04"/>
		</properties>
		<system-out>test_T20_control_failed_subscribe_and_hidden_sequence (test_control_contract.ControlContracts.test_T20_control_failed_subscribe_and_hidden_sequence) ... ok

----------------------------------------------------------------------
Ran 1 test in 0.006s

OK
</system-out>
	</testcase>
	<testcase name="T20.control.cursor_algorithm_and_authenticated_nonprogress" classname="T20.control.cursor_algorithm_and_authenticated_nonprogress" time="0.507754" status="run">
		<properties>
			<property name="cmake_labels" value="D0.04"/>
		</properties>
		<system-out>test_T20_control_cursor_algorithm_and_authenticated_nonprogress (test_control_contract.ControlContracts.test_T20_control_cursor_algorithm_and_authenticated_nonprogress) ... ok

----------------------------------------------------------------------
Ran 1 test in 0.003s

OK
</system-out>
	</testcase>
	<testcase name="T22.control.effective_budgets_and_session_invalidation" classname="T22.control.effective_budgets_and_session_invalidation" time="0.479656" status="run">
		<properties>
			<property name="cmake_labels" value="D0.04"/>
		</properties>
		<system-out>test_T22_control_effective_budgets_and_session_invalidation (test_control_contract.ControlContracts.test_T22_control_effective_budgets_and_session_invalidation) ... ok

----------------------------------------------------------------------
Ran 1 test in 0.002s

OK
</system-out>
	</testcase>
	<testcase name="T19.control.client_old_stream_rejected" classname="T19.control.client_old_stream_rejected" time="0.495361" status="run">
		<properties>
			<property name="cmake_labels" value="D0.04"/>
		</properties>
		<system-out>test_T19_control_client_old_stream_rejected (test_control_contract.ControlContracts.test_T19_control_client_old_stream_rejected) ... ok

----------------------------------------------------------------------
Ran 1 test in 0.003s

OK
</system-out>
	</testcase>
	<testcase name="T19.control.invalid_projection_preserves_state" classname="T19.control.invalid_projection_preserves_state" time="0.53391" status="run">
		<properties>
			<property name="cmake_labels" value="D0.04"/>
		</properties>
		<system-out>test_T19_control_invalid_projection_preserves_state (test_control_contract.ControlContracts.test_T19_control_invalid_projection_preserves_state) ... ok

----------------------------------------------------------------------
Ran 1 test in 0.000s

OK
</system-out>
	</testcase>
	<testcase name="T19.control.client_terminal_cannot_reopen" classname="T19.control.client_terminal_cannot_reopen" time="0.679639" status="run">
		<properties>
			<property name="cmake_labels" value="D0.04"/>
		</properties>
		<system-out>test_T19_control_client_terminal_cannot_reopen (test_control_contract.ControlContracts.test_T19_control_client_terminal_cannot_reopen) ... ok

----------------------------------------------------------------------
Ran 1 test in 0.004s

OK
</system-out>
	</testcase>
	<testcase name="T19.control.client_old_host_snapshot_rejected" classname="T19.control.client_old_host_snapshot_rejected" time="0.5352" status="run">
		<properties>
			<property name="cmake_labels" value="D0.04"/>
		</properties>
		<system-out>test_T19_control_client_old_host_snapshot_rejected (test_control_contract.ControlContracts.test_T19_control_client_old_host_snapshot_rejected) ... ok

----------------------------------------------------------------------
Ran 1 test in 0.003s

OK
</system-out>
	</testcase>
	<testcase name="T19.control.full_snapshot_completes_partial_same_version" classname="T19.control.full_snapshot_completes_partial_same_version" time="0.594143" status="run">
		<properties>
			<property name="cmake_labels" value="D0.04"/>
		</properties>
		<system-out>test_T19_control_full_snapshot_completes_partial_same_version (test_control_contract.ControlContracts.test_T19_control_full_snapshot_completes_partial_same_version) ... ok

----------------------------------------------------------------------
Ran 1 test in 0.009s

OK
</system-out>
	</testcase>
	<testcase name="T19.control.client_retirement_rejects_inflight_streams" classname="T19.control.client_retirement_rejects_inflight_streams" time="0.644197" status="run">
		<properties>
			<property name="cmake_labels" value="D0.04"/>
		</properties>
		<system-out>test_T19_control_client_retirement_rejects_inflight_streams (test_control_contract.ControlContracts.test_T19_control_client_retirement_rejects_inflight_streams) ... ok

----------------------------------------------------------------------
Ran 1 test in 0.012s

OK
</system-out>
	</testcase>
</testsuite>
